[2017-07-24 15:39:56.314] [INFO] con-log - [32m[/home/ace/prog/werewolf/game-server/node_modules/pomelo/lib/filters/handler/time.js] [39m{"route":"area.areaHandler.entry","args":{"__route__":"area.areaHandler.entry"},"time":"07241539","timeUsed":58}
[2017-07-24 15:39:56.316] [INFO] con-log - [32m[/home/ace/prog/werewolf/game-server/node_modules/pomelo/lib/filters/handler/time.js] [39m{"route":"area.areaHandler.entry","args":{"__route__":"area.areaHandler.entry"},"time":"07241539","timeUsed":30}
[2017-07-24 15:39:56.386] [INFO] con-log - [32m[/home/ace/prog/werewolf/game-server/node_modules/pomelo/lib/filters/handler/time.js] [39m{"route":"area.areaHandler.entry","args":{"__route__":"area.areaHandler.entry"},"time":"07241539","timeUsed":64}
[2017-07-24 15:39:56.460] [INFO] con-log - [32m[/home/ace/prog/werewolf/game-server/node_modules/pomelo/lib/filters/handler/time.js] [39m{"route":"area.areaHandler.entry","args":{"__route__":"area.areaHandler.entry"},"time":"07241539","timeUsed":83}
[2017-07-24 15:39:56.704] [INFO] con-log - [32m[/home/ace/prog/werewolf/game-server/node_modules/pomelo/lib/filters/handler/time.js] [39m{"route":"area.areaHandler.entry","args":{"__route__":"area.areaHandler.entry"},"time":"07241539","timeUsed":56}
[2017-07-24 15:39:56.804] [INFO] con-log - [32m[/home/ace/prog/werewolf/game-server/node_modules/pomelo/lib/filters/handler/time.js] [39m{"route":"area.areaHandler.entry","args":{"__route__":"area.areaHandler.entry"},"time":"07241539","timeUsed":93}
[2017-07-24 15:40:06.631] [INFO] con-log - [32m[/home/ace/prog/werewolf/game-server/node_modules/pomelo/lib/filters/handler/time.js] [39m{"route":"area.areaHandler.target","args":{"target":5,"isOk":false,"__route__":"area.areaHandler.target"},"time":"07241540","timeUsed":3}
[2017-07-24 15:40:10.625] [INFO] con-log - [32m[/home/ace/prog/werewolf/game-server/node_modules/pomelo/lib/filters/handler/time.js] [39m{"route":"area.areaHandler.target","args":{"target":5,"isOk":true,"__route__":"area.areaHandler.target"},"time":"07241540","timeUsed":2}
[2017-07-24 15:40:16.764] [INFO] con-log - [32m[/home/ace/prog/werewolf/game-server/node_modules/pomelo/lib/filters/handler/time.js] [39m{"route":"area.areaHandler.target","args":{"target":5,"isOk":false,"__route__":"area.areaHandler.target"},"time":"07241540","timeUsed":1}
[2017-07-24 15:40:17.945] [INFO] con-log - [32m[/home/ace/prog/werewolf/game-server/node_modules/pomelo/lib/filters/handler/time.js] [39m{"route":"area.areaHandler.target","args":{"target":5,"__route__":"area.areaHandler.target"},"time":"07241540","timeUsed":1}
[2017-07-24 15:40:25.290] [INFO] con-log - [32m[/home/ace/prog/werewolf/game-server/node_modules/pomelo/lib/filters/handler/time.js] [39m{"route":"area.areaHandler.target","args":{"target":4,"__route__":"area.areaHandler.target"},"time":"07241540","timeUsed":2}
[2017-07-24 15:40:32.488] [INFO] con-log - [32m[/home/ace/prog/werewolf/game-server/node_modules/pomelo/lib/filters/handler/time.js] [39m{"route":"area.areaHandler.elect","args":{"__route__":"area.areaHandler.elect"},"time":"07241540","timeUsed":0}
[2017-07-24 15:40:37.201] [INFO] con-log - [32m[/home/ace/prog/werewolf/game-server/node_modules/pomelo/lib/filters/handler/time.js] [39m{"route":"area.areaHandler.elect","args":{"__route__":"area.areaHandler.elect"},"time":"07241540","timeUsed":0}
[2017-07-24 15:40:47.791] [INFO] con-log - [32m[/home/ace/prog/werewolf/game-server/node_modules/pomelo/lib/filters/handler/time.js] [39m{"route":"area.areaHandler.skipSpeech","args":{"__route__":"area.areaHandler.skipSpeech"},"time":"07241540","timeUsed":6}
[2017-07-24 15:40:51.389] [INFO] con-log - [32m[/home/ace/prog/werewolf/game-server/node_modules/pomelo/lib/filters/handler/time.js] [39m{"route":"area.areaHandler.skipSpeech","args":{"__route__":"area.areaHandler.skipSpeech"},"time":"07241540","timeUsed":1}
[2017-07-24 15:41:07.456] [INFO] con-log - [32m[/home/ace/prog/werewolf/game-server/node_modules/pomelo/lib/filters/handler/time.js] [39m{"route":"area.areaHandler.target","args":{"target":5,"__route__":"area.areaHandler.target"},"time":"07241541","timeUsed":0}
[2017-07-24 15:41:12.768] [INFO] con-log - [32m[/home/ace/prog/werewolf/game-server/node_modules/pomelo/lib/filters/handler/time.js] [39m{"route":"area.areaHandler.target","args":{"target":5,"__route__":"area.areaHandler.target"},"time":"07241541","timeUsed":0}
[2017-07-24 15:41:15.312] [INFO] con-log - [32m[/home/ace/prog/werewolf/game-server/node_modules/pomelo/lib/filters/handler/time.js] [39m{"route":"area.areaHandler.target","args":{"target":5,"__route__":"area.areaHandler.target"},"time":"07241541","timeUsed":0}
[2017-07-24 15:41:17.401] [INFO] con-log - [32m[/home/ace/prog/werewolf/game-server/node_modules/pomelo/lib/filters/handler/time.js] [39m{"route":"area.areaHandler.target","args":{"target":4,"__route__":"area.areaHandler.target"},"time":"07241541","timeUsed":0}
[2017-07-24 16:29:15.546] [INFO] con-log - [32m[/home/ace/prog/werewolf/game-server/node_modules/pomelo/lib/filters/handler/time.js] [39m{"route":"area.areaHandler.entry","args":{"__route__":"area.areaHandler.entry"},"time":"07241629","timeUsed":82}
[2017-07-24 16:29:15.639] [INFO] con-log - [32m[/home/ace/prog/werewolf/game-server/node_modules/pomelo/lib/filters/handler/time.js] [39m{"route":"area.areaHandler.entry","args":{"__route__":"area.areaHandler.entry"},"time":"07241629","timeUsed":84}
[2017-07-24 16:29:15.643] [INFO] con-log - [32m[/home/ace/prog/werewolf/game-server/node_modules/pomelo/lib/filters/handler/time.js] [39m{"route":"area.areaHandler.entry","args":{"__route__":"area.areaHandler.entry"},"time":"07241629","timeUsed":97}
[2017-07-24 16:29:15.643] [INFO] con-log - [32m[/home/ace/prog/werewolf/game-server/node_modules/pomelo/lib/filters/handler/time.js] [39m{"route":"area.areaHandler.entry","args":{"__route__":"area.areaHandler.entry"},"time":"07241629","timeUsed":97}
[2017-07-24 16:29:16.060] [INFO] con-log - [32m[/home/ace/prog/werewolf/game-server/node_modules/pomelo/lib/filters/handler/time.js] [39m{"route":"area.areaHandler.entry","args":{"__route__":"area.areaHandler.entry"},"time":"07241629","timeUsed":84}
[2017-07-24 16:29:16.180] [INFO] con-log - [32m[/home/ace/prog/werewolf/game-server/node_modules/pomelo/lib/filters/handler/time.js] [39m{"route":"area.areaHandler.entry","args":{"__route__":"area.areaHandler.entry"},"time":"07241629","timeUsed":61}
[2017-07-24 16:29:23.084] [INFO] con-log - [32m[/home/ace/prog/werewolf/game-server/node_modules/pomelo/lib/filters/handler/time.js] [39m{"route":"area.areaHandler.target","args":{"target":5,"isOk":false,"__route__":"area.areaHandler.target"},"time":"07241629","timeUsed":0}
[2017-07-24 16:29:24.532] [INFO] con-log - [32m[/home/ace/prog/werewolf/game-server/node_modules/pomelo/lib/filters/handler/time.js] [39m{"route":"area.areaHandler.target","args":{"target":5,"isOk":true,"__route__":"area.areaHandler.target"},"time":"07241629","timeUsed":1}
[2017-07-24 16:29:34.871] [INFO] con-log - [32m[/home/ace/prog/werewolf/game-server/node_modules/pomelo/lib/filters/handler/time.js] [39m{"route":"area.areaHandler.target","args":{"target":5,"isOk":false,"__route__":"area.areaHandler.target"},"time":"07241629","timeUsed":1}
[2017-07-24 16:29:36.712] [INFO] con-log - [32m[/home/ace/prog/werewolf/game-server/node_modules/pomelo/lib/filters/handler/time.js] [39m{"route":"area.areaHandler.target","args":{"target":4,"isOk":false,"__route__":"area.areaHandler.target"},"time":"07241629","timeUsed":1}
[2017-07-24 16:29:37.432] [INFO] con-log - [32m[/home/ace/prog/werewolf/game-server/node_modules/pomelo/lib/filters/handler/time.js] [39m{"route":"area.areaHandler.target","args":{"target":4,"__route__":"area.areaHandler.target"},"time":"07241629","timeUsed":0}
[2017-07-24 16:29:46.382] [INFO] con-log - [32m[/home/ace/prog/werewolf/game-server/node_modules/pomelo/lib/filters/handler/time.js] [39m{"route":"area.areaHandler.target","args":{"target":1,"__route__":"area.areaHandler.target"},"time":"07241629","timeUsed":6}
[2017-07-24 16:29:52.121] [INFO] con-log - [32m[/home/ace/prog/werewolf/game-server/node_modules/pomelo/lib/filters/handler/time.js] [39m{"route":"area.areaHandler.elect","args":{"__route__":"area.areaHandler.elect"},"time":"07241629","timeUsed":0}
[2017-07-24 16:29:55.389] [INFO] con-log - [32m[/home/ace/prog/werewolf/game-server/node_modules/pomelo/lib/filters/handler/time.js] [39m{"route":"area.areaHandler.elect","args":{"__route__":"area.areaHandler.elect"},"time":"07241629","timeUsed":0}
[2017-07-24 16:30:06.975] [INFO] con-log - [32m[/home/ace/prog/werewolf/game-server/node_modules/pomelo/lib/filters/handler/time.js] [39m{"route":"area.areaHandler.skipSpeech","args":{"__route__":"area.areaHandler.skipSpeech"},"time":"07241630","timeUsed":3}
[2017-07-24 16:30:10.058] [INFO] con-log - [32m[/home/ace/prog/werewolf/game-server/node_modules/pomelo/lib/filters/handler/time.js] [39m{"route":"area.areaHandler.noElect","args":{"__route__":"area.areaHandler.noElect"},"time":"07241630","timeUsed":3}
[2017-07-24 17:28:59.943] [INFO] con-log - [32m[/home/ace/prog/werewolf/game-server/node_modules/pomelo/lib/filters/handler/time.js] [39m{"route":"area.areaHandler.entry","args":{"__route__":"area.areaHandler.entry"},"time":"07241728","timeUsed":86}
[2017-07-24 17:29:00.070] [INFO] con-log - [32m[/home/ace/prog/werewolf/game-server/node_modules/pomelo/lib/filters/handler/time.js] [39m{"route":"area.areaHandler.entry","args":{"__route__":"area.areaHandler.entry"},"time":"07241729","timeUsed":54}
[2017-07-24 17:29:00.091] [INFO] con-log - [32m[/home/ace/prog/werewolf/game-server/node_modules/pomelo/lib/filters/handler/time.js] [39m{"route":"area.areaHandler.entry","args":{"__route__":"area.areaHandler.entry"},"time":"07241729","timeUsed":89}
[2017-07-24 17:29:00.092] [INFO] con-log - [32m[/home/ace/prog/werewolf/game-server/node_modules/pomelo/lib/filters/handler/time.js] [39m{"route":"area.areaHandler.entry","args":{"__route__":"area.areaHandler.entry"},"time":"07241729","timeUsed":59}
[2017-07-24 17:29:00.242] [INFO] con-log - [32m[/home/ace/prog/werewolf/game-server/node_modules/pomelo/lib/filters/handler/time.js] [39m{"route":"area.areaHandler.entry","args":{"__route__":"area.areaHandler.entry"},"time":"07241729","timeUsed":78}
[2017-07-24 17:29:00.393] [INFO] con-log - [32m[/home/ace/prog/werewolf/game-server/node_modules/pomelo/lib/filters/handler/time.js] [39m{"route":"area.areaHandler.entry","args":{"__route__":"area.areaHandler.entry"},"time":"07241729","timeUsed":77}
[2017-07-24 17:29:38.900] [INFO] con-log - [32m[/home/ace/prog/werewolf/game-server/node_modules/pomelo/lib/filters/handler/time.js] [39m{"route":"area.areaHandler.elect","args":{"__route__":"area.areaHandler.elect"},"time":"07241729","timeUsed":0}
[2017-07-25 14:18:55.735] [INFO] con-log - [32m[/home/ace/prog/werewolf/game-server/node_modules/pomelo/lib/filters/handler/time.js] [39m{"route":"area.areaHandler.entry","args":{"__route__":"area.areaHandler.entry"},"time":"07251418","timeUsed":50}
[2017-07-25 14:18:55.736] [INFO] con-log - [32m[/home/ace/prog/werewolf/game-server/node_modules/pomelo/lib/filters/handler/time.js] [39m{"route":"area.areaHandler.entry","args":{"__route__":"area.areaHandler.entry"},"time":"07251418","timeUsed":46}
[2017-07-25 14:18:55.736] [INFO] con-log - [32m[/home/ace/prog/werewolf/game-server/node_modules/pomelo/lib/filters/handler/time.js] [39m{"route":"area.areaHandler.entry","args":{"__route__":"area.areaHandler.entry"},"time":"07251418","timeUsed":23}
[2017-07-25 14:18:55.780] [INFO] con-log - [32m[/home/ace/prog/werewolf/game-server/node_modules/pomelo/lib/filters/handler/time.js] [39m{"route":"area.areaHandler.entry","args":{"__route__":"area.areaHandler.entry"},"time":"07251418","timeUsed":38}
[2017-07-25 14:18:56.002] [INFO] con-log - [32m[/home/ace/prog/werewolf/game-server/node_modules/pomelo/lib/filters/handler/time.js] [39m{"route":"area.areaHandler.entry","args":{"__route__":"area.areaHandler.entry"},"time":"07251418","timeUsed":76}
[2017-07-25 14:18:56.135] [INFO] con-log - [32m[/home/ace/prog/werewolf/game-server/node_modules/pomelo/lib/filters/handler/time.js] [39m{"route":"area.areaHandler.entry","args":{"__route__":"area.areaHandler.entry"},"time":"07251418","timeUsed":117}
[2017-07-25 14:19:05.724] [INFO] con-log - [32m[/home/ace/prog/werewolf/game-server/node_modules/pomelo/lib/filters/handler/time.js] [39m{"route":"area.areaHandler.target","args":{"target":2,"isOk":false,"__route__":"area.areaHandler.target"},"time":"07251419","timeUsed":6}
[2017-07-25 14:19:12.655] [INFO] con-log - [32m[/home/ace/prog/werewolf/game-server/node_modules/pomelo/lib/filters/handler/time.js] [39m{"route":"area.areaHandler.target","args":{"target":2,"isOk":false,"__route__":"area.areaHandler.target"},"time":"07251419","timeUsed":2}
[2017-07-26 15:51:06.560] [INFO] con-log - [32m[/home/ace/prog/werewolf/game-server/node_modules/pomelo/lib/filters/handler/time.js] [39m{"route":"area.areaHandler.entry","args":{"__route__":"area.areaHandler.entry"},"time":"07261551","timeUsed":68}
[2017-07-26 15:51:06.561] [INFO] con-log - [32m[/home/ace/prog/werewolf/game-server/node_modules/pomelo/lib/filters/handler/time.js] [39m{"route":"area.areaHandler.entry","args":{"__route__":"area.areaHandler.entry"},"time":"07261551","timeUsed":37}
[2017-07-26 15:51:06.597] [INFO] con-log - [32m[/home/ace/prog/werewolf/game-server/node_modules/pomelo/lib/filters/handler/time.js] [39m{"route":"area.areaHandler.entry","args":{"__route__":"area.areaHandler.entry"},"time":"07261551","timeUsed":59}
[2017-07-26 15:51:06.649] [INFO] con-log - [32m[/home/ace/prog/werewolf/game-server/node_modules/pomelo/lib/filters/handler/time.js] [39m{"route":"area.areaHandler.entry","args":{"__route__":"area.areaHandler.entry"},"time":"07261551","timeUsed":95}
[2017-07-26 15:51:06.917] [INFO] con-log - [32m[/home/ace/prog/werewolf/game-server/node_modules/pomelo/lib/filters/handler/time.js] [39m{"route":"area.areaHandler.entry","args":{"__route__":"area.areaHandler.entry"},"time":"07261551","timeUsed":54}
[2017-07-26 15:51:07.135] [INFO] con-log - [32m[/home/ace/prog/werewolf/game-server/node_modules/pomelo/lib/filters/handler/time.js] [39m{"route":"area.areaHandler.entry","args":{"__route__":"area.areaHandler.entry"},"time":"07261551","timeUsed":64}
[2017-07-26 15:51:15.283] [INFO] con-log - [32m[/home/ace/prog/werewolf/game-server/node_modules/pomelo/lib/filters/handler/time.js] [39m{"route":"area.areaHandler.target","args":{"target":5,"isOk":false,"__route__":"area.areaHandler.target"},"time":"07261551","timeUsed":2}
[2017-07-26 15:51:19.037] [INFO] con-log - [32m[/home/ace/prog/werewolf/game-server/node_modules/pomelo/lib/filters/handler/time.js] [39m{"route":"area.areaHandler.target","args":{"target":5,"isOk":true,"__route__":"area.areaHandler.target"},"time":"07261551","timeUsed":1}
[2017-07-26 15:51:25.620] [INFO] con-log - [32m[/home/ace/prog/werewolf/game-server/node_modules/pomelo/lib/filters/handler/time.js] [39m{"route":"area.areaHandler.target","args":{"target":2,"isOk":false,"__route__":"area.areaHandler.target"},"time":"07261551","timeUsed":2}
[2017-07-26 15:51:26.983] [INFO] con-log - [32m[/home/ace/prog/werewolf/game-server/node_modules/pomelo/lib/filters/handler/time.js] [39m{"route":"area.areaHandler.target","args":{"target":2,"isOk":true,"__route__":"area.areaHandler.target"},"time":"07261551","timeUsed":1}
[2017-07-26 15:51:42.434] [INFO] con-log - [32m[/home/ace/prog/werewolf/game-server/node_modules/pomelo/lib/filters/handler/time.js] [39m{"route":"area.areaHandler.elect","args":{"__route__":"area.areaHandler.elect"},"time":"07261551","timeUsed":1}
[2017-07-26 15:51:43.798] [INFO] con-log - [32m[/home/ace/prog/werewolf/game-server/node_modules/pomelo/lib/filters/handler/time.js] [39m{"route":"area.areaHandler.elect","args":{"__route__":"area.areaHandler.elect"},"time":"07261551","timeUsed":1}
[2017-07-26 15:51:55.098] [INFO] con-log - [32m[/home/ace/prog/werewolf/game-server/node_modules/pomelo/lib/filters/handler/time.js] [39m{"route":"area.areaHandler.skipSpeech","args":{"__route__":"area.areaHandler.skipSpeech"},"time":"07261551","timeUsed":0}
[2017-07-26 15:51:57.586] [INFO] con-log - [32m[/home/ace/prog/werewolf/game-server/node_modules/pomelo/lib/filters/handler/time.js] [39m{"route":"area.areaHandler.skipSpeech","args":{"__route__":"area.areaHandler.skipSpeech"},"time":"07261551","timeUsed":0}
[2017-07-26 15:52:13.462] [INFO] con-log - [32m[/home/ace/prog/werewolf/game-server/node_modules/pomelo/lib/filters/handler/time.js] [39m{"route":"area.areaHandler.target","args":{"target":2,"__route__":"area.areaHandler.target"},"time":"07261552","timeUsed":1}
[2017-07-26 15:52:18.170] [INFO] con-log - [32m[/home/ace/prog/werewolf/game-server/node_modules/pomelo/lib/filters/handler/time.js] [39m{"route":"area.areaHandler.target","args":{"target":2,"__route__":"area.areaHandler.target"},"time":"07261552","timeUsed":0}
[2017-07-26 15:52:21.031] [INFO] con-log - [32m[/home/ace/prog/werewolf/game-server/node_modules/pomelo/lib/filters/handler/time.js] [39m{"route":"area.areaHandler.target","args":{"target":3,"__route__":"area.areaHandler.target"},"time":"07261552","timeUsed":0}
[2017-07-26 15:52:56.826] [INFO] con-log - [32m[/home/ace/prog/werewolf/game-server/node_modules/pomelo/lib/filters/handler/time.js] [39m{"route":"area.areaHandler.skipSpeech","args":{"__route__":"area.areaHandler.skipSpeech"},"time":"07261552","timeUsed":0}
[2017-07-26 17:02:33.153] [INFO] con-log - [32m[/home/ace/prog/werewolf/game-server/node_modules/pomelo/lib/filters/handler/time.js] [39m{"route":"area.areaHandler.entry","args":{"__route__":"area.areaHandler.entry"},"time":"07261702","timeUsed":62}
[2017-07-26 17:02:33.241] [INFO] con-log - [32m[/home/ace/prog/werewolf/game-server/node_modules/pomelo/lib/filters/handler/time.js] [39m{"route":"area.areaHandler.entry","args":{"__route__":"area.areaHandler.entry"},"time":"07261702","timeUsed":87}
[2017-07-26 17:02:33.267] [INFO] con-log - [32m[/home/ace/prog/werewolf/game-server/node_modules/pomelo/lib/filters/handler/time.js] [39m{"route":"area.areaHandler.entry","args":{"__route__":"area.areaHandler.entry"},"time":"07261702","timeUsed":43}
[2017-07-26 17:02:33.352] [INFO] con-log - [32m[/home/ace/prog/werewolf/game-server/node_modules/pomelo/lib/filters/handler/time.js] [39m{"route":"area.areaHandler.entry","args":{"__route__":"area.areaHandler.entry"},"time":"07261702","timeUsed":43}
[2017-07-26 17:02:33.476] [INFO] con-log - [32m[/home/ace/prog/werewolf/game-server/node_modules/pomelo/lib/filters/handler/time.js] [39m{"route":"area.areaHandler.entry","args":{"__route__":"area.areaHandler.entry"},"time":"07261702","timeUsed":52}
[2017-07-26 17:02:33.579] [INFO] con-log - [32m[/home/ace/prog/werewolf/game-server/node_modules/pomelo/lib/filters/handler/time.js] [39m{"route":"area.areaHandler.entry","args":{"__route__":"area.areaHandler.entry"},"time":"07261702","timeUsed":90}
[2017-07-26 17:02:40.055] [INFO] con-log - [32m[/home/ace/prog/werewolf/game-server/node_modules/pomelo/lib/filters/handler/time.js] [39m{"route":"area.areaHandler.target","args":{"target":2,"isOk":false,"__route__":"area.areaHandler.target"},"time":"07261702","timeUsed":6}
[2017-07-26 17:02:41.072] [INFO] con-log - [32m[/home/ace/prog/werewolf/game-server/node_modules/pomelo/lib/filters/handler/time.js] [39m{"route":"area.areaHandler.target","args":{"target":2,"isOk":true,"__route__":"area.areaHandler.target"},"time":"07261702","timeUsed":2}
[2017-07-26 17:02:59.846] [INFO] con-log - [32m[/home/ace/prog/werewolf/game-server/node_modules/pomelo/lib/filters/handler/time.js] [39m{"route":"area.areaHandler.target","args":{"target":2,"__route__":"area.areaHandler.target"},"time":"07261702","timeUsed":1}
[2017-07-26 17:03:10.815] [INFO] con-log - [32m[/home/ace/prog/werewolf/game-server/node_modules/pomelo/lib/filters/handler/time.js] [39m{"route":"area.areaHandler.elect","args":{"__route__":"area.areaHandler.elect"},"time":"07261703","timeUsed":1}
[2017-07-26 17:03:33.850] [INFO] con-log - [32m[/home/ace/prog/werewolf/game-server/node_modules/pomelo/lib/filters/handler/time.js] [39m{"route":"area.areaHandler.skipSpeech","args":{"__route__":"area.areaHandler.skipSpeech"},"time":"07261703","timeUsed":1}
[2017-07-26 17:03:45.438] [INFO] con-log - [32m[/home/ace/prog/werewolf/game-server/node_modules/pomelo/lib/filters/handler/time.js] [39m{"route":"area.areaHandler.target","args":{"target":5,"__route__":"area.areaHandler.target"},"time":"07261703","timeUsed":8}
[2017-07-26 17:04:04.285] [INFO] con-log - [32m[/home/ace/prog/werewolf/game-server/node_modules/pomelo/lib/filters/handler/time.js] [39m{"route":"area.areaHandler.skipSpeech","args":{"__route__":"area.areaHandler.skipSpeech"},"time":"07261704","timeUsed":0}
[2017-07-26 17:21:14.368] [INFO] con-log - [32m[/home/ace/prog/werewolf/game-server/node_modules/pomelo/lib/filters/handler/time.js] [39m{"route":"area.areaHandler.entry","args":{"__route__":"area.areaHandler.entry"},"time":"07261721","timeUsed":69}
[2017-07-26 17:21:14.372] [INFO] con-log - [32m[/home/ace/prog/werewolf/game-server/node_modules/pomelo/lib/filters/handler/time.js] [39m{"route":"area.areaHandler.entry","args":{"__route__":"area.areaHandler.entry"},"time":"07261721","timeUsed":65}
[2017-07-26 17:21:14.375] [INFO] con-log - [32m[/home/ace/prog/werewolf/game-server/node_modules/pomelo/lib/filters/handler/time.js] [39m{"route":"area.areaHandler.entry","args":{"__route__":"area.areaHandler.entry"},"time":"07261721","timeUsed":61}
[2017-07-26 17:21:14.437] [INFO] con-log - [32m[/home/ace/prog/werewolf/game-server/node_modules/pomelo/lib/filters/handler/time.js] [39m{"route":"area.areaHandler.entry","args":{"__route__":"area.areaHandler.entry"},"time":"07261721","timeUsed":77}
[2017-07-26 17:21:14.526] [INFO] con-log - [32m[/home/ace/prog/werewolf/game-server/node_modules/pomelo/lib/filters/handler/time.js] [39m{"route":"area.areaHandler.entry","args":{"__route__":"area.areaHandler.entry"},"time":"07261721","timeUsed":101}
[2017-07-26 17:21:14.913] [INFO] con-log - [32m[/home/ace/prog/werewolf/game-server/node_modules/pomelo/lib/filters/handler/time.js] [39m{"route":"area.areaHandler.entry","args":{"__route__":"area.areaHandler.entry"},"time":"07261721","timeUsed":58}
[2017-07-26 17:21:42.253] [INFO] con-log - [32m[/home/ace/prog/werewolf/game-server/node_modules/pomelo/lib/filters/handler/time.js] [39m{"route":"area.areaHandler.target","args":{"target":2,"__route__":"area.areaHandler.target"},"time":"07261721","timeUsed":3}
[2017-07-26 17:21:50.807] [INFO] con-log - [32m[/home/ace/prog/werewolf/game-server/node_modules/pomelo/lib/filters/handler/time.js] [39m{"route":"area.areaHandler.elect","args":{"__route__":"area.areaHandler.elect"},"time":"07261721","timeUsed":0}
[2017-07-27 10:30:03.421] [INFO] con-log - [32m[/home/ace/prog/werewolf/game-server/node_modules/pomelo/lib/filters/handler/time.js] [39m{"route":"area.areaHandler.entry","args":{"__route__":"area.areaHandler.entry"},"time":"07271030","timeUsed":75}
[2017-07-27 10:30:03.433] [INFO] con-log - [32m[/home/ace/prog/werewolf/game-server/node_modules/pomelo/lib/filters/handler/time.js] [39m{"route":"area.areaHandler.entry","args":{"__route__":"area.areaHandler.entry"},"time":"07271030","timeUsed":70}
[2017-07-27 10:30:03.433] [INFO] con-log - [32m[/home/ace/prog/werewolf/game-server/node_modules/pomelo/lib/filters/handler/time.js] [39m{"route":"area.areaHandler.entry","args":{"__route__":"area.areaHandler.entry"},"time":"07271030","timeUsed":50}
[2017-07-27 10:30:03.534] [INFO] con-log - [32m[/home/ace/prog/werewolf/game-server/node_modules/pomelo/lib/filters/handler/time.js] [39m{"route":"area.areaHandler.entry","args":{"__route__":"area.areaHandler.entry"},"time":"07271030","timeUsed":112}
[2017-07-27 10:30:03.535] [INFO] con-log - [32m[/home/ace/prog/werewolf/game-server/node_modules/pomelo/lib/filters/handler/time.js] [39m{"route":"area.areaHandler.entry","args":{"__route__":"area.areaHandler.entry"},"time":"07271030","timeUsed":113}
[2017-07-27 10:30:03.537] [INFO] con-log - [32m[/home/ace/prog/werewolf/game-server/node_modules/pomelo/lib/filters/handler/time.js] [39m{"route":"area.areaHandler.entry","args":{"__route__":"area.areaHandler.entry"},"time":"07271030","timeUsed":54}
[2017-07-27 10:30:18.344] [INFO] con-log - [32m[/home/ace/prog/werewolf/game-server/node_modules/pomelo/lib/filters/handler/time.js] [39m{"route":"area.areaHandler.target","args":{"target":6,"isOk":false,"__route__":"area.areaHandler.target"},"time":"07271030","timeUsed":5}
[2017-07-27 10:30:19.575] [INFO] con-log - [32m[/home/ace/prog/werewolf/game-server/node_modules/pomelo/lib/filters/handler/time.js] [39m{"route":"area.areaHandler.target","args":{"target":6,"isOk":true,"__route__":"area.areaHandler.target"},"time":"07271030","timeUsed":0}
[2017-07-27 10:30:29.870] [INFO] con-log - [32m[/home/ace/prog/werewolf/game-server/node_modules/pomelo/lib/filters/handler/time.js] [39m{"route":"area.areaHandler.target","args":{"target":2,"__route__":"area.areaHandler.target"},"time":"07271030","timeUsed":2}
[2017-07-27 10:30:47.120] [INFO] con-log - [32m[/home/ace/prog/werewolf/game-server/node_modules/pomelo/lib/filters/handler/time.js] [39m{"route":"area.areaHandler.elect","args":{"__route__":"area.areaHandler.elect"},"time":"07271030","timeUsed":1}
[2017-07-27 10:31:12.439] [INFO] con-log - [32m[/home/ace/prog/werewolf/game-server/node_modules/pomelo/lib/filters/handler/time.js] [39m{"route":"area.areaHandler.skipSpeech","args":{"__route__":"area.areaHandler.skipSpeech"},"time":"07271031","timeUsed":1}
[2017-07-27 10:31:23.149] [INFO] con-log - [32m[/home/ace/prog/werewolf/game-server/node_modules/pomelo/lib/filters/handler/time.js] [39m{"route":"area.areaHandler.target","args":{"target":5,"__route__":"area.areaHandler.target"},"time":"07271031","timeUsed":3}
[2017-07-27 10:32:08.424] [INFO] con-log - [32m[/home/ace/prog/werewolf/game-server/node_modules/pomelo/lib/filters/handler/time.js] [39m{"route":"area.areaHandler.order","args":{"isLeft":true,"__route__":"area.areaHandler.order"},"time":"07271032","timeUsed":0}
[2017-07-27 10:32:20.699] [INFO] con-log - [32m[/home/ace/prog/werewolf/game-server/node_modules/pomelo/lib/filters/handler/time.js] [39m{"route":"area.areaHandler.skipSpeech","args":{"__route__":"area.areaHandler.skipSpeech"},"time":"07271032","timeUsed":1}
[2017-07-27 10:34:00.654] [INFO] con-log - [32m[/home/ace/prog/werewolf/game-server/node_modules/pomelo/lib/filters/handler/time.js] [39m{"route":"area.areaHandler.target","args":{"target":4,"__route__":"area.areaHandler.target"},"time":"07271034","timeUsed":1}
[2017-07-27 10:34:05.451] [INFO] con-log - [32m[/home/ace/prog/werewolf/game-server/node_modules/pomelo/lib/filters/handler/time.js] [39m{"route":"area.areaHandler.target","args":{"target":3,"__route__":"area.areaHandler.target"},"time":"07271034","timeUsed":1}
[2017-07-27 10:34:33.628] [INFO] con-log - [32m[/home/ace/prog/werewolf/game-server/node_modules/pomelo/lib/filters/handler/time.js] [39m{"route":"area.areaHandler.skipSpeech","args":{"__route__":"area.areaHandler.skipSpeech"},"time":"07271034","timeUsed":1}
[2017-07-27 10:34:43.422] [INFO] con-log - [32m[/home/ace/prog/werewolf/game-server/node_modules/pomelo/lib/filters/handler/time.js] [39m{"route":"area.areaHandler.skipSpeech","args":{"__route__":"area.areaHandler.skipSpeech"},"time":"07271034","timeUsed":0}
[2017-07-27 10:34:50.527] [INFO] con-log - [32m[/home/ace/prog/werewolf/game-server/node_modules/pomelo/lib/filters/handler/time.js] [39m{"route":"area.areaHandler.target","args":{"target":4,"__route__":"area.areaHandler.target"},"time":"07271034","timeUsed":0}
[2017-07-27 10:34:55.299] [INFO] con-log - [32m[/home/ace/prog/werewolf/game-server/node_modules/pomelo/lib/filters/handler/time.js] [39m{"route":"area.areaHandler.target","args":{"target":3,"__route__":"area.areaHandler.target"},"time":"07271034","timeUsed":1}
[2017-07-27 10:35:01.255] [INFO] con-log - [32m[/home/ace/prog/werewolf/game-server/node_modules/pomelo/lib/filters/handler/time.js] [39m{"route":"area.areaHandler.target","args":{"target":4,"__route__":"area.areaHandler.target"},"time":"07271035","timeUsed":1}
[2017-07-27 15:05:31.413] [INFO] con-log - [32m[/home/ace/prog/werewolf/game-server/node_modules/pomelo/lib/filters/handler/time.js] [39m{"route":"area.areaHandler.entry","args":{"__route__":"area.areaHandler.entry"},"time":"07271505","timeUsed":59}
[2017-07-27 15:05:31.432] [INFO] con-log - [32m[/home/ace/prog/werewolf/game-server/node_modules/pomelo/lib/filters/handler/time.js] [39m{"route":"area.areaHandler.entry","args":{"__route__":"area.areaHandler.entry"},"time":"07271505","timeUsed":63}
[2017-07-27 15:05:31.495] [INFO] con-log - [32m[/home/ace/prog/werewolf/game-server/node_modules/pomelo/lib/filters/handler/time.js] [39m{"route":"area.areaHandler.entry","args":{"__route__":"area.areaHandler.entry"},"time":"07271505","timeUsed":51}
[2017-07-27 15:05:31.709] [INFO] con-log - [32m[/home/ace/prog/werewolf/game-server/node_modules/pomelo/lib/filters/handler/time.js] [39m{"route":"area.areaHandler.entry","args":{"__route__":"area.areaHandler.entry"},"time":"07271505","timeUsed":87}
[2017-07-27 15:05:31.830] [INFO] con-log - [32m[/home/ace/prog/werewolf/game-server/node_modules/pomelo/lib/filters/handler/time.js] [39m{"route":"area.areaHandler.entry","args":{"__route__":"area.areaHandler.entry"},"time":"07271505","timeUsed":86}
[2017-07-27 15:05:31.831] [INFO] con-log - [32m[/home/ace/prog/werewolf/game-server/node_modules/pomelo/lib/filters/handler/time.js] [39m{"route":"area.areaHandler.entry","args":{"__route__":"area.areaHandler.entry"},"time":"07271505","timeUsed":54}
[2017-07-27 15:05:38.673] [INFO] con-log - [32m[/home/ace/prog/werewolf/game-server/node_modules/pomelo/lib/filters/handler/time.js] [39m{"route":"area.areaHandler.target","args":{"target":2,"isOk":false,"__route__":"area.areaHandler.target"},"time":"07271505","timeUsed":3}
[2017-07-27 15:05:39.953] [INFO] con-log - [32m[/home/ace/prog/werewolf/game-server/node_modules/pomelo/lib/filters/handler/time.js] [39m{"route":"area.areaHandler.target","args":{"target":2,"isOk":true,"__route__":"area.areaHandler.target"},"time":"07271505","timeUsed":1}
[2017-07-27 15:05:41.590] [INFO] con-log - [32m[/home/ace/prog/werewolf/game-server/node_modules/pomelo/lib/filters/handler/time.js] [39m{"route":"area.areaHandler.target","args":{"target":2,"isOk":false,"__route__":"area.areaHandler.target"},"time":"07271505","timeUsed":7}
[2017-07-27 15:05:42.488] [INFO] con-log - [32m[/home/ace/prog/werewolf/game-server/node_modules/pomelo/lib/filters/handler/time.js] [39m{"route":"area.areaHandler.target","args":{"target":2,"isOk":true,"__route__":"area.areaHandler.target"},"time":"07271505","timeUsed":1}
[2017-07-27 15:06:00.734] [INFO] con-log - [32m[/home/ace/prog/werewolf/game-server/node_modules/pomelo/lib/filters/handler/time.js] [39m{"route":"area.areaHandler.target","args":{"target":5,"__route__":"area.areaHandler.target"},"time":"07271506","timeUsed":3}
[2017-07-27 15:06:09.472] [INFO] con-log - [32m[/home/ace/prog/werewolf/game-server/node_modules/pomelo/lib/filters/handler/time.js] [39m{"route":"area.areaHandler.elect","args":{"__route__":"area.areaHandler.elect"},"time":"07271506","timeUsed":1}
[2017-07-27 15:06:12.458] [INFO] con-log - [32m[/home/ace/prog/werewolf/game-server/node_modules/pomelo/lib/filters/handler/time.js] [39m{"route":"area.areaHandler.elect","args":{"__route__":"area.areaHandler.elect"},"time":"07271506","timeUsed":0}
[2017-07-27 15:06:31.150] [INFO] con-log - [32m[/home/ace/prog/werewolf/game-server/node_modules/pomelo/lib/filters/handler/time.js] [39m{"route":"area.areaHandler.skipSpeech","args":{"__route__":"area.areaHandler.skipSpeech"},"time":"07271506","timeUsed":0}
[2017-07-27 15:06:39.659] [INFO] con-log - [32m[/home/ace/prog/werewolf/game-server/node_modules/pomelo/lib/filters/handler/time.js] [39m{"route":"area.areaHandler.skipSpeech","args":{"__route__":"area.areaHandler.skipSpeech"},"time":"07271506","timeUsed":0}
[2017-07-27 15:06:44.972] [INFO] con-log - [32m[/home/ace/prog/werewolf/game-server/node_modules/pomelo/lib/filters/handler/time.js] [39m{"route":"area.areaHandler.noElect","args":{"__route__":"area.areaHandler.noElect"},"time":"07271506","timeUsed":1}
[2017-07-27 15:07:04.687] [INFO] con-log - [32m[/home/ace/prog/werewolf/game-server/node_modules/pomelo/lib/filters/handler/time.js] [39m{"route":"area.areaHandler.skipSpeech","args":{"__route__":"area.areaHandler.skipSpeech"},"time":"07271507","timeUsed":0}
[2017-07-27 15:07:13.539] [INFO] con-log - [32m[/home/ace/prog/werewolf/game-server/node_modules/pomelo/lib/filters/handler/time.js] [39m{"route":"area.areaHandler.target","args":{"target":4,"__route__":"area.areaHandler.target"},"time":"07271507","timeUsed":11}
[2017-07-27 15:07:30.902] [INFO] con-log - [32m[/home/ace/prog/werewolf/game-server/node_modules/pomelo/lib/filters/handler/time.js] [39m{"route":"area.areaHandler.skipSpeech","args":{"__route__":"area.areaHandler.skipSpeech"},"time":"07271507","timeUsed":0}
[2017-07-28 11:05:22.169] [INFO] con-log - [32m[/home/ace/prog/werewolf/game-server/node_modules/pomelo/lib/filters/handler/time.js] [39m{"route":"area.areaHandler.entry","args":{"__route__":"area.areaHandler.entry"},"time":"07281105","timeUsed":47}
[2017-07-28 11:05:22.288] [INFO] con-log - [32m[/home/ace/prog/werewolf/game-server/node_modules/pomelo/lib/filters/handler/time.js] [39m{"route":"area.areaHandler.entry","args":{"__route__":"area.areaHandler.entry"},"time":"07281105","timeUsed":78}
[2017-07-28 11:05:22.341] [INFO] con-log - [32m[/home/ace/prog/werewolf/game-server/node_modules/pomelo/lib/filters/handler/time.js] [39m{"route":"area.areaHandler.entry","args":{"__route__":"area.areaHandler.entry"},"time":"07281105","timeUsed":59}
[2017-07-28 11:05:22.589] [INFO] con-log - [32m[/home/ace/prog/werewolf/game-server/node_modules/pomelo/lib/filters/handler/time.js] [39m{"route":"area.areaHandler.entry","args":{"__route__":"area.areaHandler.entry"},"time":"07281105","timeUsed":75}
[2017-07-28 11:05:22.801] [INFO] con-log - [32m[/home/ace/prog/werewolf/game-server/node_modules/pomelo/lib/filters/handler/time.js] [39m{"route":"area.areaHandler.entry","args":{"__route__":"area.areaHandler.entry"},"time":"07281105","timeUsed":76}
[2017-07-28 11:05:23.014] [INFO] con-log - [32m[/home/ace/prog/werewolf/game-server/node_modules/pomelo/lib/filters/handler/time.js] [39m{"route":"area.areaHandler.entry","args":{"__route__":"area.areaHandler.entry"},"time":"07281105","timeUsed":71}
[2017-07-28 11:05:33.122] [INFO] con-log - [32m[/home/ace/prog/werewolf/game-server/node_modules/pomelo/lib/filters/handler/time.js] [39m{"route":"area.areaHandler.target","args":{"target":2,"isOk":false,"__route__":"area.areaHandler.target"},"time":"07281105","timeUsed":2}
[2017-07-28 11:05:34.480] [INFO] con-log - [32m[/home/ace/prog/werewolf/game-server/node_modules/pomelo/lib/filters/handler/time.js] [39m{"route":"area.areaHandler.target","args":{"target":2,"isOk":true,"__route__":"area.areaHandler.target"},"time":"07281105","timeUsed":1}
[2017-07-28 11:05:40.888] [INFO] con-log - [32m[/home/ace/prog/werewolf/game-server/node_modules/pomelo/lib/filters/handler/time.js] [39m{"route":"area.areaHandler.target","args":{"target":2,"isOk":false,"__route__":"area.areaHandler.target"},"time":"07281105","timeUsed":2}
[2017-07-28 11:05:42.101] [INFO] con-log - [32m[/home/ace/prog/werewolf/game-server/node_modules/pomelo/lib/filters/handler/time.js] [39m{"route":"area.areaHandler.target","args":{"target":2,"isOk":true,"__route__":"area.areaHandler.target"},"time":"07281105","timeUsed":2}
[2017-07-28 11:05:51.223] [INFO] con-log - [32m[/home/ace/prog/werewolf/game-server/node_modules/pomelo/lib/filters/handler/time.js] [39m{"route":"area.areaHandler.target","args":{"target":3,"__route__":"area.areaHandler.target"},"time":"07281105","timeUsed":3}
[2017-07-28 11:06:03.838] [INFO] con-log - [32m[/home/ace/prog/werewolf/game-server/node_modules/pomelo/lib/filters/handler/time.js] [39m{"route":"area.areaHandler.elect","args":{"__route__":"area.areaHandler.elect"},"time":"07281106","timeUsed":0}
[2017-07-28 11:06:05.040] [INFO] con-log - [32m[/home/ace/prog/werewolf/game-server/node_modules/pomelo/lib/filters/handler/time.js] [39m{"route":"area.areaHandler.elect","args":{"__route__":"area.areaHandler.elect"},"time":"07281106","timeUsed":1}
[2017-07-28 11:06:06.100] [INFO] con-log - [32m[/home/ace/prog/werewolf/game-server/node_modules/pomelo/lib/filters/handler/time.js] [39m{"route":"area.areaHandler.elect","args":{"__route__":"area.areaHandler.elect"},"time":"07281106","timeUsed":1}
[2017-07-28 11:06:18.168] [INFO] con-log - [32m[/home/ace/prog/werewolf/game-server/node_modules/pomelo/lib/filters/handler/time.js] [39m{"route":"area.areaHandler.skipSpeech","args":{"__route__":"area.areaHandler.skipSpeech"},"time":"07281106","timeUsed":1}
[2017-07-28 11:06:31.571] [INFO] con-log - [32m[/home/ace/prog/werewolf/game-server/node_modules/pomelo/lib/filters/handler/time.js] [39m{"route":"area.areaHandler.skipSpeech","args":{"__route__":"area.areaHandler.skipSpeech"},"time":"07281106","timeUsed":1}
[2017-07-28 11:07:04.727] [INFO] con-log - [32m[/home/ace/prog/werewolf/game-server/node_modules/pomelo/lib/filters/handler/time.js] [39m{"route":"area.areaHandler.skipSpeech","args":{"__route__":"area.areaHandler.skipSpeech"},"time":"07281107","timeUsed":0}
[2017-07-28 11:07:36.694] [INFO] con-log - [32m[/home/ace/prog/werewolf/game-server/node_modules/pomelo/lib/filters/handler/time.js] [39m{"route":"area.areaHandler.target","args":{"target":1,"__route__":"area.areaHandler.target"},"time":"07281107","timeUsed":1}
[2017-07-28 11:07:39.896] [INFO] con-log - [32m[/home/ace/prog/werewolf/game-server/node_modules/pomelo/lib/filters/handler/time.js] [39m{"route":"area.areaHandler.target","args":{"target":3,"__route__":"area.areaHandler.target"},"time":"07281107","timeUsed":1}
[2017-07-28 11:07:41.836] [INFO] con-log - [32m[/home/ace/prog/werewolf/game-server/node_modules/pomelo/lib/filters/handler/time.js] [39m{"route":"area.areaHandler.target","args":{"target":3,"__route__":"area.areaHandler.target"},"time":"07281107","timeUsed":1}
[2017-07-28 11:08:53.357] [INFO] con-log - [32m[/home/ace/prog/werewolf/game-server/node_modules/pomelo/lib/filters/handler/time.js] [39m{"route":"area.areaHandler.order","args":{"isLeft":true,"__route__":"area.areaHandler.order"},"time":"07281108","timeUsed":1}
[2017-07-28 11:09:00.615] [INFO] con-log - [32m[/home/ace/prog/werewolf/game-server/node_modules/pomelo/lib/filters/handler/time.js] [39m{"route":"area.areaHandler.skipSpeech","args":{"__route__":"area.areaHandler.skipSpeech"},"time":"07281109","timeUsed":1}
[2017-08-02 11:16:04.537] [INFO] con-log - [32m[/home/ace/prog/werewolf/game-server/node_modules/pomelo/lib/filters/handler/time.js] [39m{"route":"area.areaHandler.entry","args":{"__route__":"area.areaHandler.entry"},"time":"08021116","timeUsed":67}
[2017-08-02 11:16:04.556] [INFO] con-log - [32m[/home/ace/prog/werewolf/game-server/node_modules/pomelo/lib/filters/handler/time.js] [39m{"route":"area.areaHandler.entry","args":{"__route__":"area.areaHandler.entry"},"time":"08021116","timeUsed":62}
[2017-08-02 11:16:04.557] [INFO] con-log - [32m[/home/ace/prog/werewolf/game-server/node_modules/pomelo/lib/filters/handler/time.js] [39m{"route":"area.areaHandler.entry","args":{"__route__":"area.areaHandler.entry"},"time":"08021116","timeUsed":33}
[2017-08-02 11:16:04.687] [INFO] con-log - [32m[/home/ace/prog/werewolf/game-server/node_modules/pomelo/lib/filters/handler/time.js] [39m{"route":"area.areaHandler.entry","args":{"__route__":"area.areaHandler.entry"},"time":"08021116","timeUsed":103}
[2017-08-02 11:16:04.920] [INFO] con-log - [32m[/home/ace/prog/werewolf/game-server/node_modules/pomelo/lib/filters/handler/time.js] [39m{"route":"area.areaHandler.entry","args":{"__route__":"area.areaHandler.entry"},"time":"08021116","timeUsed":60}
[2017-08-02 11:16:04.923] [INFO] con-log - [32m[/home/ace/prog/werewolf/game-server/node_modules/pomelo/lib/filters/handler/time.js] [39m{"route":"area.areaHandler.entry","args":{"__route__":"area.areaHandler.entry"},"time":"08021116","timeUsed":62}
[2017-08-02 11:16:14.430] [INFO] con-log - [32m[/home/ace/prog/werewolf/game-server/node_modules/pomelo/lib/filters/handler/time.js] [39m{"route":"area.areaHandler.target","args":{"target":5,"isOk":false,"__route__":"area.areaHandler.target"},"time":"08021116","timeUsed":0}
[2017-08-02 11:16:17.060] [INFO] con-log - [32m[/home/ace/prog/werewolf/game-server/node_modules/pomelo/lib/filters/handler/time.js] [39m{"route":"area.areaHandler.target","args":{"target":5,"isOk":true,"__route__":"area.areaHandler.target"},"time":"08021116","timeUsed":1}
[2017-08-02 11:16:22.463] [INFO] con-log - [32m[/home/ace/prog/werewolf/game-server/node_modules/pomelo/lib/filters/handler/time.js] [39m{"route":"area.areaHandler.target","args":{"target":5,"isOk":false,"__route__":"area.areaHandler.target"},"time":"08021116","timeUsed":1}
[2017-08-02 11:16:23.701] [INFO] con-log - [32m[/home/ace/prog/werewolf/game-server/node_modules/pomelo/lib/filters/handler/time.js] [39m{"route":"area.areaHandler.target","args":{"target":5,"isOk":true,"__route__":"area.areaHandler.target"},"time":"08021116","timeUsed":2}
[2017-08-02 11:16:32.543] [INFO] con-log - [32m[/home/ace/prog/werewolf/game-server/node_modules/pomelo/lib/filters/handler/time.js] [39m{"route":"area.areaHandler.target","args":{"target":1,"__route__":"area.areaHandler.target"},"time":"08021116","timeUsed":1}
[2017-08-02 11:16:45.359] [INFO] con-log - [32m[/home/ace/prog/werewolf/game-server/node_modules/pomelo/lib/filters/handler/time.js] [39m{"route":"area.areaHandler.elect","args":{"__route__":"area.areaHandler.elect"},"time":"08021116","timeUsed":0}
[2017-08-02 11:16:46.690] [INFO] con-log - [32m[/home/ace/prog/werewolf/game-server/node_modules/pomelo/lib/filters/handler/time.js] [39m{"route":"area.areaHandler.elect","args":{"__route__":"area.areaHandler.elect"},"time":"08021116","timeUsed":0}
[2017-08-02 11:16:52.323] [INFO] con-log - [32m[/home/ace/prog/werewolf/game-server/node_modules/pomelo/lib/filters/handler/time.js] [39m{"route":"area.areaHandler.skipSpeech","args":{"__route__":"area.areaHandler.skipSpeech"},"time":"08021116","timeUsed":1}
[2017-08-02 11:16:54.978] [INFO] con-log - [32m[/home/ace/prog/werewolf/game-server/node_modules/pomelo/lib/filters/handler/time.js] [39m{"route":"area.areaHandler.skipSpeech","args":{"__route__":"area.areaHandler.skipSpeech"},"time":"08021116","timeUsed":0}
[2017-08-02 11:16:59.145] [INFO] con-log - [32m[/home/ace/prog/werewolf/game-server/node_modules/pomelo/lib/filters/handler/time.js] [39m{"route":"area.areaHandler.noElect","args":{"__route__":"area.areaHandler.noElect"},"time":"08021116","timeUsed":3}
[2017-08-02 11:17:15.227] [INFO] con-log - [32m[/home/ace/prog/werewolf/game-server/node_modules/pomelo/lib/filters/handler/time.js] [39m{"route":"area.areaHandler.target","args":{"target":5,"__route__":"area.areaHandler.target"},"time":"08021117","timeUsed":1}
[2017-08-02 11:17:22.175] [INFO] con-log - [32m[/home/ace/prog/werewolf/game-server/node_modules/pomelo/lib/filters/handler/time.js] [39m{"route":"area.areaHandler.target","args":{"target":5,"__route__":"area.areaHandler.target"},"time":"08021117","timeUsed":1}
[2017-08-02 11:17:26.296] [INFO] con-log - [32m[/home/ace/prog/werewolf/game-server/node_modules/pomelo/lib/filters/handler/time.js] [39m{"route":"area.areaHandler.target","args":{"target":5,"__route__":"area.areaHandler.target"},"time":"08021117","timeUsed":0}
[2017-08-02 12:08:13.284] [INFO] con-log - [32m[/home/ace/prog/werewolf/game-server/node_modules/pomelo/lib/filters/handler/time.js] [39m{"route":"area.areaHandler.entry","args":{"__route__":"area.areaHandler.entry"},"time":"08021208","timeUsed":59}
[2017-08-02 12:08:13.285] [INFO] con-log - [32m[/home/ace/prog/werewolf/game-server/node_modules/pomelo/lib/filters/handler/time.js] [39m{"route":"area.areaHandler.entry","args":{"__route__":"area.areaHandler.entry"},"time":"08021208","timeUsed":33}
[2017-08-02 12:08:13.331] [INFO] con-log - [32m[/home/ace/prog/werewolf/game-server/node_modules/pomelo/lib/filters/handler/time.js] [39m{"route":"area.areaHandler.entry","args":{"__route__":"area.areaHandler.entry"},"time":"08021208","timeUsed":64}
[2017-08-02 12:08:13.526] [INFO] con-log - [32m[/home/ace/prog/werewolf/game-server/node_modules/pomelo/lib/filters/handler/time.js] [39m{"route":"area.areaHandler.entry","args":{"__route__":"area.areaHandler.entry"},"time":"08021208","timeUsed":62}
[2017-08-02 12:08:13.636] [INFO] con-log - [32m[/home/ace/prog/werewolf/game-server/node_modules/pomelo/lib/filters/handler/time.js] [39m{"route":"area.areaHandler.entry","args":{"__route__":"area.areaHandler.entry"},"time":"08021208","timeUsed":112}
[2017-08-02 12:08:13.719] [INFO] con-log - [32m[/home/ace/prog/werewolf/game-server/node_modules/pomelo/lib/filters/handler/time.js] [39m{"route":"area.areaHandler.entry","args":{"__route__":"area.areaHandler.entry"},"time":"08021208","timeUsed":93}
[2017-08-02 12:08:29.303] [INFO] con-log - [32m[/home/ace/prog/werewolf/game-server/node_modules/pomelo/lib/filters/handler/time.js] [39m{"route":"area.areaHandler.target","args":{"target":2,"isOk":false,"__route__":"area.areaHandler.target"},"time":"08021208","timeUsed":4}
[2017-08-02 12:08:30.361] [INFO] con-log - [32m[/home/ace/prog/werewolf/game-server/node_modules/pomelo/lib/filters/handler/time.js] [39m{"route":"area.areaHandler.target","args":{"target":2,"isOk":true,"__route__":"area.areaHandler.target"},"time":"08021208","timeUsed":2}
[2017-08-02 12:08:40.821] [INFO] con-log - [32m[/home/ace/prog/werewolf/game-server/node_modules/pomelo/lib/filters/handler/time.js] [39m{"route":"area.areaHandler.target","args":{"target":4,"__route__":"area.areaHandler.target"},"time":"08021208","timeUsed":1}
[2017-08-02 12:08:54.735] [INFO] con-log - [32m[/home/ace/prog/werewolf/game-server/node_modules/pomelo/lib/filters/handler/time.js] [39m{"route":"area.areaHandler.elect","args":{"__route__":"area.areaHandler.elect"},"time":"08021208","timeUsed":1}
[2017-08-02 12:09:16.440] [INFO] con-log - [32m[/home/ace/prog/werewolf/game-server/node_modules/pomelo/lib/filters/handler/time.js] [39m{"route":"area.areaHandler.skipSpeech","args":{"__route__":"area.areaHandler.skipSpeech"},"time":"08021209","timeUsed":0}
