[2017-05-26 10:21:16.161] [INFO] crash-log - [32m[/home/ace/prog/werewolf/game-server/node_modules/pomelo/lib/master/master.js] [39m[auth],[auth-server-1],[1495765276161],[disconnect]
[2017-05-26 10:33:48.303] [INFO] crash-log - [32m[/home/ace/prog/werewolf/game-server/node_modules/pomelo/lib/master/master.js] [39m[auth],[auth-server-1],[1495766028303],[disconnect]
[2017-05-26 10:46:49.647] [INFO] crash-log - [32m[/home/ace/prog/werewolf/game-server/node_modules/pomelo/lib/master/master.js] [39m[auth],[auth-server-1],[1495766809647],[disconnect]
[2017-05-26 11:43:19.665] [INFO] crash-log - [32m[/home/ace/prog/werewolf/game-server/node_modules/pomelo/lib/master/master.js] [39m[gate],[gate-server-1],[1495770199665],[disconnect]
[2017-05-26 11:43:19.668] [INFO] crash-log - [32m[/home/ace/prog/werewolf/game-server/node_modules/pomelo/lib/master/master.js] [39m[connector],[connector-server-2],[1495770199668],[disconnect]
[2017-05-26 11:43:19.669] [INFO] crash-log - [32m[/home/ace/prog/werewolf/game-server/node_modules/pomelo/lib/master/master.js] [39m[connector],[connector-server-1],[1495770199669],[disconnect]
[2017-05-26 11:43:19.671] [INFO] crash-log - [32m[/home/ace/prog/werewolf/game-server/node_modules/pomelo/lib/master/master.js] [39m[auth],[auth-server-1],[1495770199671],[disconnect]
[2017-05-26 11:43:19.679] [INFO] crash-log - [32m[/home/ace/prog/werewolf/game-server/node_modules/pomelo/lib/master/master.js] [39m[chat],[chat-server-1],[1495770199679],[disconnect]
[2017-05-26 14:56:37.015] [INFO] crash-log - [32m[/home/ace/prog/werewolf/game-server/node_modules/pomelo/lib/master/master.js] [39m[chat],[chat-server-1],[1495781797015],[disconnect]
[2017-05-26 14:56:37.016] [INFO] crash-log - [32m[/home/ace/prog/werewolf/game-server/node_modules/pomelo/lib/master/master.js] [39m[gate],[gate-server-1],[1495781797016],[disconnect]
[2017-05-26 14:56:37.018] [INFO] crash-log - [32m[/home/ace/prog/werewolf/game-server/node_modules/pomelo/lib/master/master.js] [39m[connector],[connector-server-1],[1495781797018],[disconnect]
[2017-05-26 14:56:37.021] [INFO] crash-log - [32m[/home/ace/prog/werewolf/game-server/node_modules/pomelo/lib/master/master.js] [39m[connector],[connector-server-2],[1495781797021],[disconnect]
[2017-05-26 14:56:37.024] [INFO] crash-log - [32m[/home/ace/prog/werewolf/game-server/node_modules/pomelo/lib/master/master.js] [39m[auth],[auth-server-1],[1495781797024],[disconnect]
[2017-06-05 17:38:00.281] [INFO] crash-log - [32m[/home/ace/prog/werewolf/game-server/node_modules/pomelo/lib/master/master.js] [39m[match],[match-server-1],[1496655480281],[disconnect]
[2017-06-05 17:38:00.303] [INFO] crash-log - [32m[/home/ace/prog/werewolf/game-server/node_modules/pomelo/lib/master/master.js] [39m[area],[area-server-2],[1496655480303],[disconnect]
[2017-06-05 17:38:00.306] [INFO] crash-log - [32m[/home/ace/prog/werewolf/game-server/node_modules/pomelo/lib/master/master.js] [39m[area],[area-server-4],[1496655480306],[disconnect]
[2017-06-05 17:38:00.315] [INFO] crash-log - [32m[/home/ace/prog/werewolf/game-server/node_modules/pomelo/lib/master/master.js] [39m[area],[area-server-6],[1496655480314],[disconnect]
[2017-06-05 17:38:00.318] [INFO] crash-log - [32m[/home/ace/prog/werewolf/game-server/node_modules/pomelo/lib/master/master.js] [39m[area],[area-server-7],[1496655480318],[disconnect]
[2017-06-05 17:38:00.323] [INFO] crash-log - [32m[/home/ace/prog/werewolf/game-server/node_modules/pomelo/lib/master/master.js] [39m[area],[area-server-1],[1496655480323],[disconnect]
[2017-06-05 17:38:00.325] [INFO] crash-log - [32m[/home/ace/prog/werewolf/game-server/node_modules/pomelo/lib/master/master.js] [39m[connector],[connector-server-1],[1496655480325],[disconnect]
[2017-06-05 17:38:00.326] [INFO] crash-log - [32m[/home/ace/prog/werewolf/game-server/node_modules/pomelo/lib/master/master.js] [39m[area],[area-server-3],[1496655480326],[disconnect]
[2017-06-05 17:38:00.328] [INFO] crash-log - [32m[/home/ace/prog/werewolf/game-server/node_modules/pomelo/lib/master/master.js] [39m[area],[area-server-8],[1496655480328],[disconnect]
[2017-06-05 17:38:00.328] [INFO] crash-log - [32m[/home/ace/prog/werewolf/game-server/node_modules/pomelo/lib/master/master.js] [39m[chat],[chat-server-1],[1496655480328],[disconnect]
[2017-06-05 17:38:00.330] [INFO] crash-log - [32m[/home/ace/prog/werewolf/game-server/node_modules/pomelo/lib/master/master.js] [39m[gate],[gate-server-1],[1496655480330],[disconnect]
[2017-06-05 17:38:00.332] [INFO] crash-log - [32m[/home/ace/prog/werewolf/game-server/node_modules/pomelo/lib/master/master.js] [39m[auth],[auth-server-1],[1496655480332],[disconnect]
[2017-06-05 17:38:00.332] [INFO] crash-log - [32m[/home/ace/prog/werewolf/game-server/node_modules/pomelo/lib/master/master.js] [39m[area],[area-server-5],[1496655480332],[disconnect]
[2017-06-05 17:38:00.333] [INFO] crash-log - [32m[/home/ace/prog/werewolf/game-server/node_modules/pomelo/lib/master/master.js] [39m[connector],[connector-server-2],[1496655480333],[disconnect]
