[2017-07-26 15:56:35.973] [ERROR] pomelo-rpc - [31m[mqtt-acceptor] [39mprocess rpc message error TypeError: pGame.skip is not a function
    at Hunter.pro.setSkillEffect (/home/ace/prog/werewolf/game-server/app/domain/area/actors/hunter.js:24:18)
    at Hunter.pro.setStepTarget (/home/ace/prog/werewolf/game-server/app/domain/area/actors/actor.js:37:14)
    at GameRoom.pro.onTargetSelected (/home/ace/prog/werewolf/game-server/app/domain/area/gameRoom.js:183:12)
    at AreaHandler.pro.target (/home/ace/prog/werewolf/game-server/app/servers/area/handler/areaHandler.js:33:10)
    at Service.handle (/home/ace/prog/werewolf/game-server/node_modules/pomelo/lib/common/service/handlerService.js:59:20)
    at handle (/home/ace/prog/werewolf/game-server/node_modules/pomelo/lib/server/server.js:375:25)
    at next (/home/ace/prog/werewolf/game-server/node_modules/pomelo/lib/common/service/filterService.js:50:7)
    at Filter.before (/home/ace/prog/werewolf/game-server/node_modules/pomelo/lib/filters/handler/timeout.js:34:3)
    at next (/home/ace/prog/werewolf/game-server/node_modules/pomelo/lib/common/service/filterService.js:58:15)
    at Filter.before (/home/ace/prog/werewolf/game-server/node_modules/pomelo/lib/filters/handler/time.js:17:3)
[2017-07-26 16:12:34.893] [ERROR] pomelo-rpc - [31m[mqtt-acceptor] [39mprocess rpc message error TypeError: pGame.skip is not a function
    at Hunter.pro.setSkillEffect (/home/ace/prog/werewolf/game-server/app/domain/area/actors/hunter.js:24:18)
    at Hunter.pro.setStepTarget (/home/ace/prog/werewolf/game-server/app/domain/area/actors/actor.js:37:14)
    at GameRoom.pro.onTargetSelected (/home/ace/prog/werewolf/game-server/app/domain/area/gameRoom.js:183:12)
    at AreaHandler.pro.target (/home/ace/prog/werewolf/game-server/app/servers/area/handler/areaHandler.js:33:10)
    at Service.handle (/home/ace/prog/werewolf/game-server/node_modules/pomelo/lib/common/service/handlerService.js:59:20)
    at handle (/home/ace/prog/werewolf/game-server/node_modules/pomelo/lib/server/server.js:375:25)
    at next (/home/ace/prog/werewolf/game-server/node_modules/pomelo/lib/common/service/filterService.js:50:7)
    at Filter.before (/home/ace/prog/werewolf/game-server/node_modules/pomelo/lib/filters/handler/timeout.js:34:3)
    at next (/home/ace/prog/werewolf/game-server/node_modules/pomelo/lib/common/service/filterService.js:58:15)
    at Filter.before (/home/ace/prog/werewolf/game-server/node_modules/pomelo/lib/filters/handler/time.js:17:3)
[2017-07-28 09:40:47.924] [ERROR] pomelo-rpc - [31m[mqtt-acceptor] [39mprocess rpc message error TypeError: Cannot read property 'curStep' of undefined
    at GameRoom.pro.onTargetSelected (/home/ace/prog/werewolf/game-server/app/domain/area/gameRoom.js:187:44)
    at AreaHandler.pro.target (/home/ace/prog/werewolf/game-server/app/servers/area/handler/areaHandler.js:33:10)
    at Service.handle (/home/ace/prog/werewolf/game-server/node_modules/pomelo/lib/common/service/handlerService.js:59:20)
    at handle (/home/ace/prog/werewolf/game-server/node_modules/pomelo/lib/server/server.js:375:25)
    at next (/home/ace/prog/werewolf/game-server/node_modules/pomelo/lib/common/service/filterService.js:50:7)
    at Filter.before (/home/ace/prog/werewolf/game-server/node_modules/pomelo/lib/filters/handler/timeout.js:34:3)
    at next (/home/ace/prog/werewolf/game-server/node_modules/pomelo/lib/common/service/filterService.js:58:15)
    at Filter.before (/home/ace/prog/werewolf/game-server/node_modules/pomelo/lib/filters/handler/time.js:17:3)
    at next (/home/ace/prog/werewolf/game-server/node_modules/pomelo/lib/common/service/filterService.js:58:15)
    at Filter.before (/home/ace/prog/werewolf/game-server/node_modules/pomelo/lib/filters/handler/toobusy.js:31:5)
[2017-07-28 09:40:49.923] [ERROR] pomelo-rpc - [31m[mqtt-acceptor] [39mprocess rpc message error TypeError: Cannot read property 'curStep' of undefined
    at GameRoom.pro.onTargetSelected (/home/ace/prog/werewolf/game-server/app/domain/area/gameRoom.js:187:44)
    at AreaHandler.pro.target (/home/ace/prog/werewolf/game-server/app/servers/area/handler/areaHandler.js:33:10)
    at Service.handle (/home/ace/prog/werewolf/game-server/node_modules/pomelo/lib/common/service/handlerService.js:59:20)
    at handle (/home/ace/prog/werewolf/game-server/node_modules/pomelo/lib/server/server.js:375:25)
    at next (/home/ace/prog/werewolf/game-server/node_modules/pomelo/lib/common/service/filterService.js:50:7)
    at Filter.before (/home/ace/prog/werewolf/game-server/node_modules/pomelo/lib/filters/handler/timeout.js:34:3)
    at next (/home/ace/prog/werewolf/game-server/node_modules/pomelo/lib/common/service/filterService.js:58:15)
    at Filter.before (/home/ace/prog/werewolf/game-server/node_modules/pomelo/lib/filters/handler/time.js:17:3)
    at next (/home/ace/prog/werewolf/game-server/node_modules/pomelo/lib/common/service/filterService.js:58:15)
    at Filter.before (/home/ace/prog/werewolf/game-server/node_modules/pomelo/lib/filters/handler/toobusy.js:31:5)
[2017-07-28 09:55:42.896] [ERROR] pomelo-rpc - [31m[mqtt-acceptor] [39mprocess rpc message error TypeError: Cannot read property 'jumpTo' of undefined
    at GameRoom.pro.onSkipSpeech (/home/ace/prog/werewolf/game-server/app/domain/area/gameRoom.js:246:25)
    at AreaHandler.pro.skipSpeech (/home/ace/prog/werewolf/game-server/app/servers/area/handler/areaHandler.js:66:10)
    at Service.handle (/home/ace/prog/werewolf/game-server/node_modules/pomelo/lib/common/service/handlerService.js:59:20)
    at handle (/home/ace/prog/werewolf/game-server/node_modules/pomelo/lib/server/server.js:375:25)
    at next (/home/ace/prog/werewolf/game-server/node_modules/pomelo/lib/common/service/filterService.js:50:7)
    at Filter.before (/home/ace/prog/werewolf/game-server/node_modules/pomelo/lib/filters/handler/timeout.js:34:3)
    at next (/home/ace/prog/werewolf/game-server/node_modules/pomelo/lib/common/service/filterService.js:58:15)
    at Filter.before (/home/ace/prog/werewolf/game-server/node_modules/pomelo/lib/filters/handler/time.js:17:3)
    at next (/home/ace/prog/werewolf/game-server/node_modules/pomelo/lib/common/service/filterService.js:58:15)
    at Filter.before (/home/ace/prog/werewolf/game-server/node_modules/pomelo/lib/filters/handler/toobusy.js:31:5)
[2017-07-28 10:00:34.987] [ERROR] pomelo-rpc - [31m[mqtt-acceptor] [39mprocess rpc message error TypeError: Cannot read property 'jumpTo' of undefined
    at GameRoom.pro.onSkipSpeech (/home/ace/prog/werewolf/game-server/app/domain/area/gameRoom.js:246:25)
    at AreaHandler.pro.skipSpeech (/home/ace/prog/werewolf/game-server/app/servers/area/handler/areaHandler.js:66:10)
    at Service.handle (/home/ace/prog/werewolf/game-server/node_modules/pomelo/lib/common/service/handlerService.js:59:20)
    at handle (/home/ace/prog/werewolf/game-server/node_modules/pomelo/lib/server/server.js:375:25)
    at next (/home/ace/prog/werewolf/game-server/node_modules/pomelo/lib/common/service/filterService.js:50:7)
    at Filter.before (/home/ace/prog/werewolf/game-server/node_modules/pomelo/lib/filters/handler/timeout.js:34:3)
    at next (/home/ace/prog/werewolf/game-server/node_modules/pomelo/lib/common/service/filterService.js:58:15)
    at Filter.before (/home/ace/prog/werewolf/game-server/node_modules/pomelo/lib/filters/handler/time.js:17:3)
    at next (/home/ace/prog/werewolf/game-server/node_modules/pomelo/lib/common/service/filterService.js:58:15)
    at Filter.before (/home/ace/prog/werewolf/game-server/node_modules/pomelo/lib/filters/handler/toobusy.js:31:5)
[2017-07-31 16:08:45.758] [ERROR] pomelo-rpc - [31m[mqtt-acceptor] [39mprocess rpc message error TypeError: Cannot read property 'changeGameController' of undefined
    at new Controller (/home/ace/prog/werewolf/game-server/app/domain/area/controller.js:6:15)
    at new GameRoom (/home/ace/prog/werewolf/game-server/app/domain/area/gameRoom.js:39:23)
    at AreaService.pro.createRoom (/home/ace/prog/werewolf/game-server/app/services/areaService.js:19:16)
    at AreaRemote.pro.createRoom (/home/ace/prog/werewolf/game-server/app/servers/area/remote/areaRemote.js:17:23)
    at Dispatcher.pro.route (/home/ace/prog/werewolf/game-server/node_modules/pomelo-rpc/lib/rpc-server/dispatcher.js:52:10)
    at Acceptor.cb (/home/ace/prog/werewolf/game-server/node_modules/pomelo-rpc/lib/rpc-server/gateway.js:22:16)
    at processMsg (/home/ace/prog/werewolf/game-server/node_modules/pomelo-rpc/lib/rpc-server/acceptors/mqtt-acceptor.js:138:12)
    at processMsgs (/home/ace/prog/werewolf/game-server/node_modules/pomelo-rpc/lib/rpc-server/acceptors/mqtt-acceptor.js:176:5)
    at Connection.<anonymous> (/home/ace/prog/werewolf/game-server/node_modules/pomelo-rpc/lib/rpc-server/acceptors/mqtt-acceptor.js:59:11)
    at emitOne (events.js:96:13)
[2017-07-31 16:08:47.007] [ERROR] pomelo-rpc - [31m[mqtt-acceptor] [39mprocess rpc message error TypeError: Cannot read property 'onPlayerEnterRoom' of undefined
    at AreaHandler.pro.entry (/home/ace/prog/werewolf/game-server/app/servers/area/handler/areaHandler.js:20:22)
    at Service.handle (/home/ace/prog/werewolf/game-server/node_modules/pomelo/lib/common/service/handlerService.js:59:20)
    at handle (/home/ace/prog/werewolf/game-server/node_modules/pomelo/lib/server/server.js:375:25)
    at next (/home/ace/prog/werewolf/game-server/node_modules/pomelo/lib/common/service/filterService.js:50:7)
    at Filter.before (/home/ace/prog/werewolf/game-server/node_modules/pomelo/lib/filters/handler/timeout.js:34:3)
    at next (/home/ace/prog/werewolf/game-server/node_modules/pomelo/lib/common/service/filterService.js:58:15)
    at Filter.before (/home/ace/prog/werewolf/game-server/node_modules/pomelo/lib/filters/handler/time.js:17:3)
    at next (/home/ace/prog/werewolf/game-server/node_modules/pomelo/lib/common/service/filterService.js:58:15)
    at Filter.before (/home/ace/prog/werewolf/game-server/node_modules/pomelo/lib/filters/handler/toobusy.js:31:5)
    at next (/home/ace/prog/werewolf/game-server/node_modules/pomelo/lib/common/service/filterService.js:58:15)
[2017-07-31 16:08:47.074] [ERROR] pomelo-rpc - [31m[mqtt-acceptor] [39mprocess rpc message error TypeError: Cannot read property 'onPlayerEnterRoom' of undefined
    at AreaHandler.pro.entry (/home/ace/prog/werewolf/game-server/app/servers/area/handler/areaHandler.js:20:22)
    at Service.handle (/home/ace/prog/werewolf/game-server/node_modules/pomelo/lib/common/service/handlerService.js:59:20)
    at handle (/home/ace/prog/werewolf/game-server/node_modules/pomelo/lib/server/server.js:375:25)
    at next (/home/ace/prog/werewolf/game-server/node_modules/pomelo/lib/common/service/filterService.js:50:7)
    at Filter.before (/home/ace/prog/werewolf/game-server/node_modules/pomelo/lib/filters/handler/timeout.js:34:3)
    at next (/home/ace/prog/werewolf/game-server/node_modules/pomelo/lib/common/service/filterService.js:58:15)
    at Filter.before (/home/ace/prog/werewolf/game-server/node_modules/pomelo/lib/filters/handler/time.js:17:3)
    at next (/home/ace/prog/werewolf/game-server/node_modules/pomelo/lib/common/service/filterService.js:58:15)
    at Filter.before (/home/ace/prog/werewolf/game-server/node_modules/pomelo/lib/filters/handler/toobusy.js:31:5)
    at next (/home/ace/prog/werewolf/game-server/node_modules/pomelo/lib/common/service/filterService.js:58:15)
[2017-07-31 16:08:47.102] [ERROR] pomelo-rpc - [31m[mqtt-acceptor] [39mprocess rpc message error TypeError: Cannot read property 'onPlayerEnterRoom' of undefined
    at AreaHandler.pro.entry (/home/ace/prog/werewolf/game-server/app/servers/area/handler/areaHandler.js:20:22)
    at Service.handle (/home/ace/prog/werewolf/game-server/node_modules/pomelo/lib/common/service/handlerService.js:59:20)
    at handle (/home/ace/prog/werewolf/game-server/node_modules/pomelo/lib/server/server.js:375:25)
    at next (/home/ace/prog/werewolf/game-server/node_modules/pomelo/lib/common/service/filterService.js:50:7)
    at Filter.before (/home/ace/prog/werewolf/game-server/node_modules/pomelo/lib/filters/handler/timeout.js:34:3)
    at next (/home/ace/prog/werewolf/game-server/node_modules/pomelo/lib/common/service/filterService.js:58:15)
    at Filter.before (/home/ace/prog/werewolf/game-server/node_modules/pomelo/lib/filters/handler/time.js:17:3)
    at next (/home/ace/prog/werewolf/game-server/node_modules/pomelo/lib/common/service/filterService.js:58:15)
    at Filter.before (/home/ace/prog/werewolf/game-server/node_modules/pomelo/lib/filters/handler/toobusy.js:31:5)
    at next (/home/ace/prog/werewolf/game-server/node_modules/pomelo/lib/common/service/filterService.js:58:15)
[2017-07-31 16:08:47.196] [ERROR] pomelo-rpc - [31m[mqtt-acceptor] [39mprocess rpc message error TypeError: Cannot read property 'onPlayerEnterRoom' of undefined
    at AreaHandler.pro.entry (/home/ace/prog/werewolf/game-server/app/servers/area/handler/areaHandler.js:20:22)
    at Service.handle (/home/ace/prog/werewolf/game-server/node_modules/pomelo/lib/common/service/handlerService.js:59:20)
    at handle (/home/ace/prog/werewolf/game-server/node_modules/pomelo/lib/server/server.js:375:25)
    at next (/home/ace/prog/werewolf/game-server/node_modules/pomelo/lib/common/service/filterService.js:50:7)
    at Filter.before (/home/ace/prog/werewolf/game-server/node_modules/pomelo/lib/filters/handler/timeout.js:34:3)
    at next (/home/ace/prog/werewolf/game-server/node_modules/pomelo/lib/common/service/filterService.js:58:15)
    at Filter.before (/home/ace/prog/werewolf/game-server/node_modules/pomelo/lib/filters/handler/time.js:17:3)
    at next (/home/ace/prog/werewolf/game-server/node_modules/pomelo/lib/common/service/filterService.js:58:15)
    at Filter.before (/home/ace/prog/werewolf/game-server/node_modules/pomelo/lib/filters/handler/toobusy.js:31:5)
    at next (/home/ace/prog/werewolf/game-server/node_modules/pomelo/lib/common/service/filterService.js:58:15)
[2017-07-31 16:08:47.495] [ERROR] pomelo-rpc - [31m[mqtt-acceptor] [39mprocess rpc message error TypeError: Cannot read property 'onPlayerEnterRoom' of undefined
    at AreaHandler.pro.entry (/home/ace/prog/werewolf/game-server/app/servers/area/handler/areaHandler.js:20:22)
    at Service.handle (/home/ace/prog/werewolf/game-server/node_modules/pomelo/lib/common/service/handlerService.js:59:20)
    at handle (/home/ace/prog/werewolf/game-server/node_modules/pomelo/lib/server/server.js:375:25)
    at next (/home/ace/prog/werewolf/game-server/node_modules/pomelo/lib/common/service/filterService.js:50:7)
    at Filter.before (/home/ace/prog/werewolf/game-server/node_modules/pomelo/lib/filters/handler/timeout.js:34:3)
    at next (/home/ace/prog/werewolf/game-server/node_modules/pomelo/lib/common/service/filterService.js:58:15)
    at Filter.before (/home/ace/prog/werewolf/game-server/node_modules/pomelo/lib/filters/handler/time.js:17:3)
    at next (/home/ace/prog/werewolf/game-server/node_modules/pomelo/lib/common/service/filterService.js:58:15)
    at Filter.before (/home/ace/prog/werewolf/game-server/node_modules/pomelo/lib/filters/handler/toobusy.js:31:5)
    at next (/home/ace/prog/werewolf/game-server/node_modules/pomelo/lib/common/service/filterService.js:58:15)
[2017-07-31 16:08:47.560] [ERROR] pomelo-rpc - [31m[mqtt-acceptor] [39mprocess rpc message error TypeError: Cannot read property 'onPlayerEnterRoom' of undefined
    at AreaHandler.pro.entry (/home/ace/prog/werewolf/game-server/app/servers/area/handler/areaHandler.js:20:22)
    at Service.handle (/home/ace/prog/werewolf/game-server/node_modules/pomelo/lib/common/service/handlerService.js:59:20)
    at handle (/home/ace/prog/werewolf/game-server/node_modules/pomelo/lib/server/server.js:375:25)
    at next (/home/ace/prog/werewolf/game-server/node_modules/pomelo/lib/common/service/filterService.js:50:7)
    at Filter.before (/home/ace/prog/werewolf/game-server/node_modules/pomelo/lib/filters/handler/timeout.js:34:3)
    at next (/home/ace/prog/werewolf/game-server/node_modules/pomelo/lib/common/service/filterService.js:58:15)
    at Filter.before (/home/ace/prog/werewolf/game-server/node_modules/pomelo/lib/filters/handler/time.js:17:3)
    at next (/home/ace/prog/werewolf/game-server/node_modules/pomelo/lib/common/service/filterService.js:58:15)
    at Filter.before (/home/ace/prog/werewolf/game-server/node_modules/pomelo/lib/filters/handler/toobusy.js:31:5)
    at next (/home/ace/prog/werewolf/game-server/node_modules/pomelo/lib/common/service/filterService.js:58:15)
[2017-07-31 19:29:47.700] [ERROR] pomelo-rpc - [31m[mqtt-acceptor] [39mprocess rpc message error TypeError: Cannot read property 'name' of undefined
    at GameRoom.pro.onElectAbstain (/home/ace/prog/werewolf/game-server/app/domain/area/gameRoom.js:203:21)
    at AreaHandler.pro.noElect (/home/ace/prog/werewolf/game-server/app/servers/area/handler/areaHandler.js:55:10)
    at Service.handle (/home/ace/prog/werewolf/game-server/node_modules/pomelo/lib/common/service/handlerService.js:59:20)
    at handle (/home/ace/prog/werewolf/game-server/node_modules/pomelo/lib/server/server.js:375:25)
    at next (/home/ace/prog/werewolf/game-server/node_modules/pomelo/lib/common/service/filterService.js:50:7)
    at Filter.before (/home/ace/prog/werewolf/game-server/node_modules/pomelo/lib/filters/handler/timeout.js:34:3)
    at next (/home/ace/prog/werewolf/game-server/node_modules/pomelo/lib/common/service/filterService.js:58:15)
    at Filter.before (/home/ace/prog/werewolf/game-server/node_modules/pomelo/lib/filters/handler/time.js:17:3)
    at next (/home/ace/prog/werewolf/game-server/node_modules/pomelo/lib/common/service/filterService.js:58:15)
    at Filter.before (/home/ace/prog/werewolf/game-server/node_modules/pomelo/lib/filters/handler/toobusy.js:31:5)
[2017-08-01 20:19:57.401] [ERROR] pomelo-rpc - [31m[mqtt-acceptor] [39mprocess rpc message error ReferenceError: Utils is not defined
    at EventFight.pro.onElectAbstain (/home/ace/prog/werewolf/game-server/app/domain/area/steps/EventFight.js:96:5)
    at EventElect.pro.onElectAbstain (/home/ace/prog/werewolf/game-server/app/domain/area/steps/EventElect.js:119:17)
    at GameRoom.pro.onElectAbstain (/home/ace/prog/werewolf/game-server/app/domain/area/gameRoom.js:189:33)
    at AreaHandler.pro.noElect (/home/ace/prog/werewolf/game-server/app/servers/area/handler/areaHandler.js:55:10)
    at Service.handle (/home/ace/prog/werewolf/game-server/node_modules/pomelo/lib/common/service/handlerService.js:59:20)
    at handle (/home/ace/prog/werewolf/game-server/node_modules/pomelo/lib/server/server.js:375:25)
    at next (/home/ace/prog/werewolf/game-server/node_modules/pomelo/lib/common/service/filterService.js:50:7)
    at Filter.before (/home/ace/prog/werewolf/game-server/node_modules/pomelo/lib/filters/handler/timeout.js:34:3)
    at next (/home/ace/prog/werewolf/game-server/node_modules/pomelo/lib/common/service/filterService.js:58:15)
    at Filter.before (/home/ace/prog/werewolf/game-server/node_modules/pomelo/lib/filters/handler/time.js:17:3)
