[2017-05-24 10:27:42.260] [INFO] pomelo - [32m[/home/ace/prog/werewolf/game-server/node_modules/pomelo/lib/application.js] [39mapplication inited: "connector-server-2"
[2017-05-24 10:27:42.672] [INFO] pomelo - [32m[/home/ace/prog/werewolf/game-server/node_modules/pomelo/lib/application.js] [39m"connector-server-2" enter after start...
[2017-05-24 10:27:42.676] [INFO] pomelo - [32m[/home/ace/prog/werewolf/game-server/node_modules/pomelo/lib/application.js] [39m"connector-server-2" finish start
[2017-05-24 10:27:42.676] [INFO] pomelo - [32m[/home/ace/prog/werewolf/game-server/node_modules/pomelo/lib/application.js] [39m"connector-server-2" startup in 370 ms
[2017-05-24 10:27:43.650] [DEBUG] pomelo - [36m[/home/ace/prog/werewolf/game-server/node_modules/pomelo/lib/modules/monitorwatcher.js] [39m[connector-server-2] receive addServer signal: {"action":"addServer","server":{"main":"/home/ace/prog/werewolf/game-server/app.js","env":"development","id":"gate-server-1","host":"127.0.0.1","clientHost":"12.12.0.151","clientPort":3014,"frontend":"true","serverType":"gate"}}
[2017-05-24 10:35:35.573] [INFO] pomelo - [32m[/home/ace/prog/werewolf/game-server/node_modules/pomelo/lib/application.js] [39mapplication inited: "connector-server-2"
[2017-05-24 10:35:35.960] [INFO] pomelo - [32m[/home/ace/prog/werewolf/game-server/node_modules/pomelo/lib/application.js] [39m"connector-server-2" enter after start...
[2017-05-24 10:35:35.964] [INFO] pomelo - [32m[/home/ace/prog/werewolf/game-server/node_modules/pomelo/lib/application.js] [39m"connector-server-2" finish start
[2017-05-24 10:35:35.965] [INFO] pomelo - [32m[/home/ace/prog/werewolf/game-server/node_modules/pomelo/lib/application.js] [39m"connector-server-2" startup in 353 ms
[2017-05-24 10:37:48.992] [INFO] pomelo - [32m[/home/ace/prog/werewolf/game-server/node_modules/pomelo/lib/application.js] [39mapplication inited: "connector-server-2"
[2017-05-24 10:37:49.414] [INFO] pomelo - [32m[/home/ace/prog/werewolf/game-server/node_modules/pomelo/lib/application.js] [39m"connector-server-2" enter after start...
[2017-05-24 10:37:49.417] [INFO] pomelo - [32m[/home/ace/prog/werewolf/game-server/node_modules/pomelo/lib/application.js] [39m"connector-server-2" finish start
[2017-05-24 10:37:49.417] [INFO] pomelo - [32m[/home/ace/prog/werewolf/game-server/node_modules/pomelo/lib/application.js] [39m"connector-server-2" startup in 382 ms
[2017-05-24 10:37:50.378] [DEBUG] pomelo - [36m[/home/ace/prog/werewolf/game-server/node_modules/pomelo/lib/modules/monitorwatcher.js] [39m[connector-server-2] receive addServer signal: {"action":"addServer","server":{"main":"/home/ace/prog/werewolf/game-server/app.js","env":"development","id":"gate-server-1","host":"127.0.0.1","clientPort":3014,"frontend":"true","serverType":"gate"}}
[2017-05-24 11:10:23.321] [INFO] pomelo - [32m[/home/ace/prog/werewolf/game-server/node_modules/pomelo/lib/application.js] [39mapplication inited: "connector-server-2"
[2017-05-24 11:10:23.728] [INFO] pomelo - [32m[/home/ace/prog/werewolf/game-server/node_modules/pomelo/lib/application.js] [39m"connector-server-2" enter after start...
[2017-05-24 11:10:23.731] [INFO] pomelo - [32m[/home/ace/prog/werewolf/game-server/node_modules/pomelo/lib/application.js] [39m"connector-server-2" finish start
[2017-05-24 11:10:23.732] [INFO] pomelo - [32m[/home/ace/prog/werewolf/game-server/node_modules/pomelo/lib/application.js] [39m"connector-server-2" startup in 369 ms
[2017-05-24 11:10:24.706] [DEBUG] pomelo - [36m[/home/ace/prog/werewolf/game-server/node_modules/pomelo/lib/modules/monitorwatcher.js] [39m[connector-server-2] receive addServer signal: {"action":"addServer","server":{"main":"/home/ace/prog/werewolf/game-server/app.js","env":"development","id":"gate-server-1","host":"127.0.0.1","clientPort":3014,"frontend":"true","serverType":"gate"}}
[2017-05-24 11:15:40.111] [INFO] pomelo - [32m[/home/ace/prog/werewolf/game-server/node_modules/pomelo/lib/application.js] [39mapplication inited: "connector-server-2"
[2017-05-24 11:15:40.523] [INFO] pomelo - [32m[/home/ace/prog/werewolf/game-server/node_modules/pomelo/lib/application.js] [39m"connector-server-2" enter after start...
[2017-05-24 11:15:40.528] [INFO] pomelo - [32m[/home/ace/prog/werewolf/game-server/node_modules/pomelo/lib/application.js] [39m"connector-server-2" finish start
[2017-05-24 11:15:40.528] [INFO] pomelo - [32m[/home/ace/prog/werewolf/game-server/node_modules/pomelo/lib/application.js] [39m"connector-server-2" startup in 376 ms
[2017-05-24 12:11:08.645] [INFO] pomelo - [32m[/home/ace/prog/werewolf/game-server/node_modules/pomelo/lib/application.js] [39mapplication inited: "connector-server-2"
[2017-05-24 12:11:09.062] [INFO] pomelo - [32m[/home/ace/prog/werewolf/game-server/node_modules/pomelo/lib/application.js] [39m"connector-server-2" enter after start...
[2017-05-24 12:11:09.065] [INFO] pomelo - [32m[/home/ace/prog/werewolf/game-server/node_modules/pomelo/lib/application.js] [39m"connector-server-2" finish start
[2017-05-24 12:11:09.065] [INFO] pomelo - [32m[/home/ace/prog/werewolf/game-server/node_modules/pomelo/lib/application.js] [39m"connector-server-2" startup in 379 ms
[2017-05-24 17:29:22.512] [INFO] pomelo - [32m[/home/ace/prog/werewolf/game-server/node_modules/pomelo/lib/application.js] [39mapplication inited: "connector-server-2"
[2017-05-24 17:29:22.937] [INFO] pomelo - [32m[/home/ace/prog/werewolf/game-server/node_modules/pomelo/lib/application.js] [39m"connector-server-2" enter after start...
[2017-05-24 17:29:22.940] [INFO] pomelo - [32m[/home/ace/prog/werewolf/game-server/node_modules/pomelo/lib/application.js] [39m"connector-server-2" finish start
[2017-05-24 17:29:22.940] [INFO] pomelo - [32m[/home/ace/prog/werewolf/game-server/node_modules/pomelo/lib/application.js] [39m"connector-server-2" startup in 377 ms
[2017-05-24 17:46:43.791] [INFO] pomelo - [32m[/home/ace/prog/werewolf/game-server/node_modules/pomelo/lib/application.js] [39mapplication inited: "connector-server-2"
[2017-05-24 17:46:44.213] [INFO] pomelo - [32m[/home/ace/prog/werewolf/game-server/node_modules/pomelo/lib/application.js] [39m"connector-server-2" enter after start...
[2017-05-24 17:46:44.216] [INFO] pomelo - [32m[/home/ace/prog/werewolf/game-server/node_modules/pomelo/lib/application.js] [39m"connector-server-2" finish start
[2017-05-24 17:46:44.216] [INFO] pomelo - [32m[/home/ace/prog/werewolf/game-server/node_modules/pomelo/lib/application.js] [39m"connector-server-2" startup in 370 ms
[2017-05-24 17:47:24.861] [DEBUG] pomelo - [36m[/home/ace/prog/werewolf/game-server/node_modules/pomelo/lib/components/connector.js] [39m[connector-server-2] getSession session is created with session id: 1
[2017-05-24 17:47:24.871] [DEBUG] pomelo - [36m[/home/ace/prog/werewolf/game-server/node_modules/pomelo/lib/components/connector.js] [39m[connector-server-2] handleMessage session id: 1, msg: {"id":2,"type":0,"compressRoute":0,"route":"connector.entryHandler.entry","body":{},"compressGzip":0}
[2017-05-24 17:47:24.888] [DEBUG] pomelo - [36m[/home/ace/prog/werewolf/game-server/node_modules/pomelo/lib/server/server.js] [39mno default error handler to resolve unknown exception. Error: invalid entry request: empty token
    at Handler.entry (/home/ace/prog/werewolf/game-server/app/servers/connector/handler/entryHandler.js:27:8)
    at Service.handle (/home/ace/prog/werewolf/game-server/node_modules/pomelo/lib/common/service/handlerService.js:59:20)
    at handle (/home/ace/prog/werewolf/game-server/node_modules/pomelo/lib/server/server.js:375:25)
    at next (/home/ace/prog/werewolf/game-server/node_modules/pomelo/lib/common/service/filterService.js:50:7)
    at Service.beforeFilter (/home/ace/prog/werewolf/game-server/node_modules/pomelo/lib/common/service/filterService.js:65:3)
    at beforeFilter (/home/ace/prog/werewolf/game-server/node_modules/pomelo/lib/server/server.js:242:8)
    at doHandle (/home/ace/prog/werewolf/game-server/node_modules/pomelo/lib/server/server.js:388:3)
    at dispatch (/home/ace/prog/werewolf/game-server/node_modules/pomelo/lib/server/server.js:107:7)
    at next (/home/ace/prog/werewolf/game-server/node_modules/pomelo/lib/common/service/filterService.js:50:7)
    at Service.beforeFilter (/home/ace/prog/werewolf/game-server/node_modules/pomelo/lib/common/service/filterService.js:65:3)
[2017-05-24 17:47:24.888] [DEBUG] pomelo - [36m[/home/ace/prog/werewolf/game-server/node_modules/pomelo/lib/components/connector.js] [39m[connector-server-2] send message reqId: 2, route: connector.entryHandler.entry, msg: {"code":500}, receivers: [1], opts: {"type":"response","userOptions":{},"isResponse":true}
[2017-05-24 17:48:58.551] [DEBUG] pomelo - [36m[/home/ace/prog/werewolf/game-server/node_modules/pomelo/lib/common/service/sessionService.js] [39msession on [connector-server-2] is closed with session id: 1
[2017-05-24 17:49:12.006] [DEBUG] pomelo - [36m[/home/ace/prog/werewolf/game-server/node_modules/pomelo/lib/components/connector.js] [39m[connector-server-2] getSession session is created with session id: 2
[2017-05-24 17:49:12.014] [DEBUG] pomelo - [36m[/home/ace/prog/werewolf/game-server/node_modules/pomelo/lib/components/connector.js] [39m[connector-server-2] handleMessage session id: 2, msg: {"id":2,"type":0,"compressRoute":0,"route":"connector.entryHandler.entry","body":{},"compressGzip":0}
[2017-05-24 17:49:12.016] [DEBUG] pomelo - [36m[/home/ace/prog/werewolf/game-server/node_modules/pomelo/lib/server/server.js] [39mno default error handler to resolve unknown exception. Error: invalid entry request: empty token
    at Handler.entry (/home/ace/prog/werewolf/game-server/app/servers/connector/handler/entryHandler.js:27:8)
    at Service.handle (/home/ace/prog/werewolf/game-server/node_modules/pomelo/lib/common/service/handlerService.js:59:20)
    at handle (/home/ace/prog/werewolf/game-server/node_modules/pomelo/lib/server/server.js:375:25)
    at next (/home/ace/prog/werewolf/game-server/node_modules/pomelo/lib/common/service/filterService.js:50:7)
    at Service.beforeFilter (/home/ace/prog/werewolf/game-server/node_modules/pomelo/lib/common/service/filterService.js:65:3)
    at beforeFilter (/home/ace/prog/werewolf/game-server/node_modules/pomelo/lib/server/server.js:242:8)
    at doHandle (/home/ace/prog/werewolf/game-server/node_modules/pomelo/lib/server/server.js:388:3)
    at dispatch (/home/ace/prog/werewolf/game-server/node_modules/pomelo/lib/server/server.js:107:7)
    at next (/home/ace/prog/werewolf/game-server/node_modules/pomelo/lib/common/service/filterService.js:50:7)
    at Service.beforeFilter (/home/ace/prog/werewolf/game-server/node_modules/pomelo/lib/common/service/filterService.js:65:3)
[2017-05-24 17:49:12.016] [DEBUG] pomelo - [36m[/home/ace/prog/werewolf/game-server/node_modules/pomelo/lib/components/connector.js] [39m[connector-server-2] send message reqId: 2, route: connector.entryHandler.entry, msg: {"code":500}, receivers: [2], opts: {"type":"response","userOptions":{},"isResponse":true}
[2017-05-24 17:49:18.017] [INFO] pomelo - [32m[/home/ace/prog/werewolf/game-server/node_modules/pomelo/lib/connectors/commands/heartbeat.js] [39mclient 2 heartbeat timeout.
[2017-05-24 17:49:18.017] [DEBUG] pomelo - [36m[/home/ace/prog/werewolf/game-server/node_modules/pomelo/lib/common/service/sessionService.js] [39msession on [connector-server-2] is closed with session id: 2
[2017-05-24 17:50:42.694] [DEBUG] pomelo - [36m[/home/ace/prog/werewolf/game-server/node_modules/pomelo/lib/components/connector.js] [39m[connector-server-2] getSession session is created with session id: 3
[2017-05-24 17:50:42.704] [DEBUG] pomelo - [36m[/home/ace/prog/werewolf/game-server/node_modules/pomelo/lib/components/connector.js] [39m[connector-server-2] handleMessage session id: 3, msg: {"id":2,"type":0,"compressRoute":0,"route":"connector.entryHandler.entry","body":{},"compressGzip":0}
[2017-05-24 17:50:42.707] [DEBUG] pomelo - [36m[/home/ace/prog/werewolf/game-server/node_modules/pomelo/lib/server/server.js] [39mno default error handler to resolve unknown exception. Error: invalid entry request: empty token
    at Handler.entry (/home/ace/prog/werewolf/game-server/app/servers/connector/handler/entryHandler.js:27:8)
    at Service.handle (/home/ace/prog/werewolf/game-server/node_modules/pomelo/lib/common/service/handlerService.js:59:20)
    at handle (/home/ace/prog/werewolf/game-server/node_modules/pomelo/lib/server/server.js:375:25)
    at next (/home/ace/prog/werewolf/game-server/node_modules/pomelo/lib/common/service/filterService.js:50:7)
    at Service.beforeFilter (/home/ace/prog/werewolf/game-server/node_modules/pomelo/lib/common/service/filterService.js:65:3)
    at beforeFilter (/home/ace/prog/werewolf/game-server/node_modules/pomelo/lib/server/server.js:242:8)
    at doHandle (/home/ace/prog/werewolf/game-server/node_modules/pomelo/lib/server/server.js:388:3)
    at dispatch (/home/ace/prog/werewolf/game-server/node_modules/pomelo/lib/server/server.js:107:7)
    at next (/home/ace/prog/werewolf/game-server/node_modules/pomelo/lib/common/service/filterService.js:50:7)
    at Service.beforeFilter (/home/ace/prog/werewolf/game-server/node_modules/pomelo/lib/common/service/filterService.js:65:3)
[2017-05-24 17:50:42.707] [DEBUG] pomelo - [36m[/home/ace/prog/werewolf/game-server/node_modules/pomelo/lib/components/connector.js] [39m[connector-server-2] send message reqId: 2, route: connector.entryHandler.entry, msg: {"code":500}, receivers: [3], opts: {"type":"response","userOptions":{},"isResponse":true}
[2017-05-24 17:50:48.707] [INFO] pomelo - [32m[/home/ace/prog/werewolf/game-server/node_modules/pomelo/lib/connectors/commands/heartbeat.js] [39mclient 3 heartbeat timeout.
[2017-05-24 17:50:48.707] [DEBUG] pomelo - [36m[/home/ace/prog/werewolf/game-server/node_modules/pomelo/lib/common/service/sessionService.js] [39msession on [connector-server-2] is closed with session id: 3
[2017-05-24 17:52:25.348] [DEBUG] pomelo - [36m[/home/ace/prog/werewolf/game-server/node_modules/pomelo/lib/components/connector.js] [39m[connector-server-2] getSession session is created with session id: 4
[2017-05-24 17:52:25.365] [DEBUG] pomelo - [36m[/home/ace/prog/werewolf/game-server/node_modules/pomelo/lib/components/connector.js] [39m[connector-server-2] handleMessage session id: 4, msg: {"id":2,"type":0,"compressRoute":0,"route":"connector.entryHandler.entry","body":{},"compressGzip":0}
[2017-05-24 17:52:25.372] [DEBUG] pomelo - [36m[/home/ace/prog/werewolf/game-server/node_modules/pomelo/lib/server/server.js] [39mno default error handler to resolve unknown exception. Error: invalid entry request: empty token
    at Handler.entry (/home/ace/prog/werewolf/game-server/app/servers/connector/handler/entryHandler.js:27:8)
    at Service.handle (/home/ace/prog/werewolf/game-server/node_modules/pomelo/lib/common/service/handlerService.js:59:20)
    at handle (/home/ace/prog/werewolf/game-server/node_modules/pomelo/lib/server/server.js:375:25)
    at next (/home/ace/prog/werewolf/game-server/node_modules/pomelo/lib/common/service/filterService.js:50:7)
    at Service.beforeFilter (/home/ace/prog/werewolf/game-server/node_modules/pomelo/lib/common/service/filterService.js:65:3)
    at beforeFilter (/home/ace/prog/werewolf/game-server/node_modules/pomelo/lib/server/server.js:242:8)
    at doHandle (/home/ace/prog/werewolf/game-server/node_modules/pomelo/lib/server/server.js:388:3)
    at dispatch (/home/ace/prog/werewolf/game-server/node_modules/pomelo/lib/server/server.js:107:7)
    at next (/home/ace/prog/werewolf/game-server/node_modules/pomelo/lib/common/service/filterService.js:50:7)
    at Service.beforeFilter (/home/ace/prog/werewolf/game-server/node_modules/pomelo/lib/common/service/filterService.js:65:3)
[2017-05-24 17:52:25.372] [DEBUG] pomelo - [36m[/home/ace/prog/werewolf/game-server/node_modules/pomelo/lib/components/connector.js] [39m[connector-server-2] send message reqId: 2, route: connector.entryHandler.entry, msg: {"code":500}, receivers: [4], opts: {"type":"response","userOptions":{},"isResponse":true}
[2017-05-24 17:52:27.638] [DEBUG] pomelo - [36m[/home/ace/prog/werewolf/game-server/node_modules/pomelo/lib/common/service/sessionService.js] [39msession on [connector-server-2] is closed with session id: 4
[2017-05-24 17:54:16.117] [DEBUG] pomelo - [36m[/home/ace/prog/werewolf/game-server/node_modules/pomelo/lib/components/connector.js] [39m[connector-server-2] getSession session is created with session id: 5
[2017-05-24 17:54:16.134] [DEBUG] pomelo - [36m[/home/ace/prog/werewolf/game-server/node_modules/pomelo/lib/components/connector.js] [39m[connector-server-2] handleMessage session id: 5, msg: {"id":2,"type":0,"compressRoute":0,"route":"connector.entryHandler.entry","body":{},"compressGzip":0}
[2017-05-24 17:54:16.136] [DEBUG] pomelo - [36m[/home/ace/prog/werewolf/game-server/node_modules/pomelo/lib/server/server.js] [39mno default error handler to resolve unknown exception. Error: invalid entry request: empty token
    at Handler.entry (/home/ace/prog/werewolf/game-server/app/servers/connector/handler/entryHandler.js:27:8)
    at Service.handle (/home/ace/prog/werewolf/game-server/node_modules/pomelo/lib/common/service/handlerService.js:59:20)
    at handle (/home/ace/prog/werewolf/game-server/node_modules/pomelo/lib/server/server.js:375:25)
    at next (/home/ace/prog/werewolf/game-server/node_modules/pomelo/lib/common/service/filterService.js:50:7)
    at Service.beforeFilter (/home/ace/prog/werewolf/game-server/node_modules/pomelo/lib/common/service/filterService.js:65:3)
    at beforeFilter (/home/ace/prog/werewolf/game-server/node_modules/pomelo/lib/server/server.js:242:8)
    at doHandle (/home/ace/prog/werewolf/game-server/node_modules/pomelo/lib/server/server.js:388:3)
    at dispatch (/home/ace/prog/werewolf/game-server/node_modules/pomelo/lib/server/server.js:107:7)
    at next (/home/ace/prog/werewolf/game-server/node_modules/pomelo/lib/common/service/filterService.js:50:7)
    at Service.beforeFilter (/home/ace/prog/werewolf/game-server/node_modules/pomelo/lib/common/service/filterService.js:65:3)
[2017-05-24 17:54:16.136] [DEBUG] pomelo - [36m[/home/ace/prog/werewolf/game-server/node_modules/pomelo/lib/components/connector.js] [39m[connector-server-2] send message reqId: 2, route: connector.entryHandler.entry, msg: {"code":500}, receivers: [5], opts: {"type":"response","userOptions":{},"isResponse":true}
[2017-05-24 17:54:20.496] [DEBUG] pomelo - [36m[/home/ace/prog/werewolf/game-server/node_modules/pomelo/lib/common/service/sessionService.js] [39msession on [connector-server-2] is closed with session id: 5
[2017-05-26 09:42:06.735] [INFO] pomelo - [32m[/home/ace/prog/werewolf/game-server/node_modules/pomelo/lib/application.js] [39mapplication inited: "connector-server-2"
[2017-05-26 09:42:07.164] [INFO] pomelo - [32m[/home/ace/prog/werewolf/game-server/node_modules/pomelo/lib/application.js] [39m"connector-server-2" enter after start...
[2017-05-26 09:42:07.167] [INFO] pomelo - [32m[/home/ace/prog/werewolf/game-server/node_modules/pomelo/lib/application.js] [39m"connector-server-2" finish start
[2017-05-26 09:42:07.168] [INFO] pomelo - [32m[/home/ace/prog/werewolf/game-server/node_modules/pomelo/lib/application.js] [39m"connector-server-2" startup in 372 ms
[2017-05-26 09:43:07.424] [DEBUG] pomelo - [36m[/home/ace/prog/werewolf/game-server/node_modules/pomelo/lib/components/connector.js] [39m[connector-server-2] getSession session is created with session id: 1
[2017-05-26 09:43:07.442] [DEBUG] pomelo - [36m[/home/ace/prog/werewolf/game-server/node_modules/pomelo/lib/components/connector.js] [39m[connector-server-2] handleMessage session id: 1, msg: {"id":2,"type":0,"compressRoute":0,"route":"connector.entryHandler.entry","body":{"token":"f75858a45188bca1042b7c17e48b2169"},"compressGzip":0}
[2017-05-26 09:55:17.971] [INFO] pomelo - [32m[/home/ace/prog/werewolf/game-server/node_modules/pomelo/lib/application.js] [39mapplication inited: "connector-server-2"
[2017-05-26 09:55:18.401] [INFO] pomelo - [32m[/home/ace/prog/werewolf/game-server/node_modules/pomelo/lib/application.js] [39m"connector-server-2" enter after start...
[2017-05-26 09:55:18.404] [INFO] pomelo - [32m[/home/ace/prog/werewolf/game-server/node_modules/pomelo/lib/application.js] [39m"connector-server-2" finish start
[2017-05-26 09:55:18.404] [INFO] pomelo - [32m[/home/ace/prog/werewolf/game-server/node_modules/pomelo/lib/application.js] [39m"connector-server-2" startup in 367 ms
[2017-05-26 09:57:44.496] [INFO] pomelo - [32m[/home/ace/prog/werewolf/game-server/node_modules/pomelo/lib/application.js] [39mapplication inited: "connector-server-2"
[2017-05-26 09:57:44.955] [INFO] pomelo - [32m[/home/ace/prog/werewolf/game-server/node_modules/pomelo/lib/application.js] [39m"connector-server-2" enter after start...
[2017-05-26 09:57:44.959] [INFO] pomelo - [32m[/home/ace/prog/werewolf/game-server/node_modules/pomelo/lib/application.js] [39m"connector-server-2" finish start
[2017-05-26 09:57:44.959] [INFO] pomelo - [32m[/home/ace/prog/werewolf/game-server/node_modules/pomelo/lib/application.js] [39m"connector-server-2" startup in 400 ms
[2017-05-26 09:57:45.961] [DEBUG] pomelo - [36m[/home/ace/prog/werewolf/game-server/node_modules/pomelo/lib/modules/monitorwatcher.js] [39m[connector-server-2] receive addServer signal: {"action":"addServer","server":{"main":"/home/ace/prog/werewolf/game-server/app.js","env":"development","id":"chat-server-1","host":"12.12.0.151","port":3450,"serverType":"chat"}}
[2017-05-26 10:00:54.691] [INFO] pomelo - [32m[/home/ace/prog/werewolf/game-server/node_modules/pomelo/lib/application.js] [39mapplication inited: "connector-server-2"
[2017-05-26 10:00:55.148] [INFO] pomelo - [32m[/home/ace/prog/werewolf/game-server/node_modules/pomelo/lib/application.js] [39m"connector-server-2" enter after start...
[2017-05-26 10:00:55.151] [INFO] pomelo - [32m[/home/ace/prog/werewolf/game-server/node_modules/pomelo/lib/application.js] [39m"connector-server-2" finish start
[2017-05-26 10:00:55.152] [INFO] pomelo - [32m[/home/ace/prog/werewolf/game-server/node_modules/pomelo/lib/application.js] [39m"connector-server-2" startup in 398 ms
[2017-05-26 10:04:54.991] [DEBUG] pomelo - [36m[/home/ace/prog/werewolf/game-server/node_modules/pomelo/lib/components/connector.js] [39m[connector-server-2] getSession session is created with session id: 1
[2017-05-26 10:04:55.002] [DEBUG] pomelo - [36m[/home/ace/prog/werewolf/game-server/node_modules/pomelo/lib/components/connector.js] [39m[connector-server-2] handleMessage session id: 1, msg: {"id":2,"type":0,"compressRoute":0,"route":"connector.entryHandler.entry","body":{"token":"28b66f1c72dd7defd878e79306556d06"},"compressGzip":0}
[2017-05-26 10:18:00.304] [INFO] pomelo - [32m[/home/ace/prog/werewolf/game-server/node_modules/pomelo/lib/application.js] [39mapplication inited: "connector-server-2"
[2017-05-26 10:18:00.764] [INFO] pomelo - [32m[/home/ace/prog/werewolf/game-server/node_modules/pomelo/lib/application.js] [39m"connector-server-2" enter after start...
[2017-05-26 10:18:00.767] [INFO] pomelo - [32m[/home/ace/prog/werewolf/game-server/node_modules/pomelo/lib/application.js] [39m"connector-server-2" finish start
[2017-05-26 10:18:00.767] [INFO] pomelo - [32m[/home/ace/prog/werewolf/game-server/node_modules/pomelo/lib/application.js] [39m"connector-server-2" startup in 402 ms
[2017-05-26 10:18:00.825] [DEBUG] pomelo - [36m[/home/ace/prog/werewolf/game-server/node_modules/pomelo/lib/modules/monitorwatcher.js] [39m[connector-server-2] receive addServer signal: {"action":"addServer","server":{"main":"/home/ace/prog/werewolf/game-server/app.js","env":"development","id":"auth-server-1","host":"127.0.0.1","port":3650,"serverType":"auth","pid":8245}}
[2017-05-26 10:18:00.828] [DEBUG] pomelo - [36m[/home/ace/prog/werewolf/game-server/node_modules/pomelo/lib/modules/monitorwatcher.js] [39m[connector-server-2] receive addServer signal: {"action":"addServer","server":{"main":"/home/ace/prog/werewolf/game-server/app.js","env":"development","id":"gate-server-1","host":"127.0.0.1","clientPort":3014,"frontend":"true","serverType":"gate","pid":8238}}
[2017-05-26 10:21:16.167] [DEBUG] pomelo - [36m[/home/ace/prog/werewolf/game-server/node_modules/pomelo/lib/modules/monitorwatcher.js] [39mconnector-server-2 receive removeServer signal: {"action":"removeServer","id":"auth-server-1"}
[2017-05-26 10:30:57.942] [INFO] pomelo - [32m[/home/ace/prog/werewolf/game-server/node_modules/pomelo/lib/application.js] [39mapplication inited: "connector-server-2"
[2017-05-26 10:30:58.450] [INFO] pomelo - [32m[/home/ace/prog/werewolf/game-server/node_modules/pomelo/lib/application.js] [39m"connector-server-2" enter after start...
[2017-05-26 10:30:58.453] [INFO] pomelo - [32m[/home/ace/prog/werewolf/game-server/node_modules/pomelo/lib/application.js] [39m"connector-server-2" finish start
[2017-05-26 10:30:58.453] [INFO] pomelo - [32m[/home/ace/prog/werewolf/game-server/node_modules/pomelo/lib/application.js] [39m"connector-server-2" startup in 371 ms
[2017-05-26 10:33:01.165] [DEBUG] pomelo - [36m[/home/ace/prog/werewolf/game-server/node_modules/pomelo/lib/components/connector.js] [39m[connector-server-2] getSession session is created with session id: 1
[2017-05-26 10:33:01.175] [DEBUG] pomelo - [36m[/home/ace/prog/werewolf/game-server/node_modules/pomelo/lib/components/connector.js] [39m[connector-server-2] handleMessage session id: 1, msg: {"id":2,"type":0,"compressRoute":0,"route":"connector.entryHandler.entry","body":{"token":"98c09377a6d26e16caffa4b2f8a4f3e4"},"compressGzip":0}
[2017-05-26 10:33:48.308] [DEBUG] pomelo - [36m[/home/ace/prog/werewolf/game-server/node_modules/pomelo/lib/modules/monitorwatcher.js] [39mconnector-server-2 receive removeServer signal: {"action":"removeServer","id":"auth-server-1"}
[2017-05-26 10:39:56.888] [INFO] pomelo - [32m[/home/ace/prog/werewolf/game-server/node_modules/pomelo/lib/application.js] [39mapplication inited: "connector-server-2"
[2017-05-26 10:39:57.356] [INFO] pomelo - [32m[/home/ace/prog/werewolf/game-server/node_modules/pomelo/lib/application.js] [39m"connector-server-2" enter after start...
[2017-05-26 10:39:57.358] [DEBUG] pomelo - [36m[/home/ace/prog/werewolf/game-server/node_modules/pomelo/lib/modules/monitorwatcher.js] [39m[connector-server-2] receive addServer signal: {"action":"addServer","server":{"main":"/home/ace/prog/werewolf/game-server/app.js","env":"development","id":"auth-server-1","host":"127.0.0.1","port":3650,"serverType":"auth","pid":9558}}
[2017-05-26 10:39:57.362] [INFO] pomelo - [32m[/home/ace/prog/werewolf/game-server/node_modules/pomelo/lib/application.js] [39m"connector-server-2" finish start
[2017-05-26 10:39:57.363] [INFO] pomelo - [32m[/home/ace/prog/werewolf/game-server/node_modules/pomelo/lib/application.js] [39m"connector-server-2" startup in 413 ms
[2017-05-26 10:39:57.432] [DEBUG] pomelo - [36m[/home/ace/prog/werewolf/game-server/node_modules/pomelo/lib/modules/monitorwatcher.js] [39m[connector-server-2] receive addServer signal: {"action":"addServer","server":{"main":"/home/ace/prog/werewolf/game-server/app.js","env":"development","id":"connector-server-1","host":"127.0.0.1","port":3150,"clientHost":"12.12.0.151","clientPort":3010,"frontend":"true","serverType":"connector","pid":9539}}
[2017-05-26 10:45:23.406] [INFO] pomelo - [32m[/home/ace/prog/werewolf/game-server/node_modules/pomelo/lib/application.js] [39mapplication inited: "connector-server-2"
[2017-05-26 10:45:23.982] [INFO] pomelo - [32m[/home/ace/prog/werewolf/game-server/node_modules/pomelo/lib/application.js] [39m"connector-server-2" enter after start...
[2017-05-26 10:45:23.986] [INFO] pomelo - [32m[/home/ace/prog/werewolf/game-server/node_modules/pomelo/lib/application.js] [39m"connector-server-2" finish start
[2017-05-26 10:45:23.986] [INFO] pomelo - [32m[/home/ace/prog/werewolf/game-server/node_modules/pomelo/lib/application.js] [39m"connector-server-2" startup in 442 ms
[2017-05-26 10:45:55.293] [DEBUG] pomelo - [36m[/home/ace/prog/werewolf/game-server/node_modules/pomelo/lib/components/connector.js] [39m[connector-server-2] getSession session is created with session id: 1
[2017-05-26 10:45:55.317] [DEBUG] pomelo - [36m[/home/ace/prog/werewolf/game-server/node_modules/pomelo/lib/components/connector.js] [39m[connector-server-2] handleMessage session id: 1, msg: {"id":2,"type":0,"compressRoute":0,"route":"connector.entryHandler.entry","body":{"token":"07ff812d832946253364bdb8eaad219d"},"compressGzip":0}
[2017-05-26 10:46:49.648] [DEBUG] pomelo - [36m[/home/ace/prog/werewolf/game-server/node_modules/pomelo/lib/modules/monitorwatcher.js] [39mconnector-server-2 receive removeServer signal: {"action":"removeServer","id":"auth-server-1"}
[2017-05-26 11:18:04.502] [INFO] pomelo - [32m[/home/ace/prog/werewolf/game-server/node_modules/pomelo/lib/application.js] [39mapplication inited: "connector-server-2"
[2017-05-26 11:18:04.810] [WARN] pomelo - [33m[/home/ace/prog/werewolf/game-server/node_modules/pomelo/lib/components/proxy.js] [39menableRpcLog is deprecated in 0.8.0, please use app.rpcFilter(pomelo.rpcFilters.rpcLog())
[2017-05-26 11:18:05.022] [INFO] pomelo - [32m[/home/ace/prog/werewolf/game-server/node_modules/pomelo/lib/application.js] [39m"connector-server-2" enter after start...
[2017-05-26 11:18:05.024] [INFO] pomelo - [32m[/home/ace/prog/werewolf/game-server/node_modules/pomelo/lib/application.js] [39m"connector-server-2" finish start
[2017-05-26 11:18:05.025] [INFO] pomelo - [32m[/home/ace/prog/werewolf/game-server/node_modules/pomelo/lib/application.js] [39m"connector-server-2" startup in 393 ms
[2017-05-26 11:20:15.918] [INFO] pomelo - [32m[/home/ace/prog/werewolf/game-server/node_modules/pomelo/lib/application.js] [39mapplication inited: "connector-server-2"
[2017-05-26 11:20:16.210] [WARN] pomelo - [33m[/home/ace/prog/werewolf/game-server/node_modules/pomelo/lib/components/proxy.js] [39menableRpcLog is deprecated in 0.8.0, please use app.rpcFilter(pomelo.rpcFilters.rpcLog())
[2017-05-26 11:20:16.421] [INFO] pomelo - [32m[/home/ace/prog/werewolf/game-server/node_modules/pomelo/lib/application.js] [39m"connector-server-2" enter after start...
[2017-05-26 11:20:16.428] [INFO] pomelo - [32m[/home/ace/prog/werewolf/game-server/node_modules/pomelo/lib/application.js] [39m"connector-server-2" finish start
[2017-05-26 11:20:16.429] [INFO] pomelo - [32m[/home/ace/prog/werewolf/game-server/node_modules/pomelo/lib/application.js] [39m"connector-server-2" startup in 403 ms
[2017-05-26 11:20:16.509] [DEBUG] pomelo - [36m[/home/ace/prog/werewolf/game-server/node_modules/pomelo/lib/modules/monitorwatcher.js] [39m[connector-server-2] receive addServer signal: {"action":"addServer","server":{"main":"/home/ace/prog/werewolf/game-server/app.js","env":"development","id":"auth-server-1","host":"127.0.0.1","port":3650,"serverType":"auth","pid":11871}}
[2017-05-26 11:20:16.512] [DEBUG] pomelo - [36m[/home/ace/prog/werewolf/game-server/node_modules/pomelo/lib/modules/monitorwatcher.js] [39m[connector-server-2] receive addServer signal: {"action":"addServer","server":{"main":"/home/ace/prog/werewolf/game-server/app.js","env":"development","id":"connector-server-1","host":"127.0.0.1","port":3150,"clientHost":"12.12.0.151","clientPort":3010,"frontend":"true","serverType":"connector","pid":11852}}
[2017-05-26 11:21:04.534] [INFO] pomelo - [32m[/home/ace/prog/werewolf/game-server/node_modules/pomelo/lib/application.js] [39mapplication inited: "connector-server-2"
[2017-05-26 11:21:05.058] [INFO] pomelo - [32m[/home/ace/prog/werewolf/game-server/node_modules/pomelo/lib/application.js] [39m"connector-server-2" enter after start...
[2017-05-26 11:21:05.059] [DEBUG] pomelo - [36m[/home/ace/prog/werewolf/game-server/node_modules/pomelo/lib/modules/monitorwatcher.js] [39m[connector-server-2] receive addServer signal: {"action":"addServer","server":{"main":"/home/ace/prog/werewolf/game-server/app.js","env":"development","id":"chat-server-1","host":"127.0.0.1","port":3450,"serverType":"chat","pid":12191}}
[2017-05-26 11:21:05.065] [INFO] pomelo - [32m[/home/ace/prog/werewolf/game-server/node_modules/pomelo/lib/application.js] [39m"connector-server-2" finish start
[2017-05-26 11:21:05.065] [INFO] pomelo - [32m[/home/ace/prog/werewolf/game-server/node_modules/pomelo/lib/application.js] [39m"connector-server-2" startup in 421 ms
[2017-05-26 11:21:05.168] [DEBUG] pomelo - [36m[/home/ace/prog/werewolf/game-server/node_modules/pomelo/lib/modules/monitorwatcher.js] [39m[connector-server-2] receive addServer signal: {"action":"addServer","server":{"main":"/home/ace/prog/werewolf/game-server/app.js","env":"development","id":"connector-server-1","host":"127.0.0.1","port":3150,"clientHost":"12.12.0.151","clientPort":3010,"frontend":"true","serverType":"connector","pid":12178}}
[2017-05-26 11:31:04.347] [INFO] pomelo - [32m[/home/ace/prog/werewolf/game-server/node_modules/pomelo/lib/application.js] [39mapplication inited: "connector-server-2"
[2017-05-26 11:31:04.854] [INFO] pomelo - [32m[/home/ace/prog/werewolf/game-server/node_modules/pomelo/lib/application.js] [39m"connector-server-2" enter after start...
[2017-05-26 11:31:04.858] [INFO] pomelo - [32m[/home/ace/prog/werewolf/game-server/node_modules/pomelo/lib/application.js] [39m"connector-server-2" finish start
[2017-05-26 11:31:04.858] [INFO] pomelo - [32m[/home/ace/prog/werewolf/game-server/node_modules/pomelo/lib/application.js] [39m"connector-server-2" startup in 400 ms
[2017-05-26 11:31:04.862] [DEBUG] pomelo - [36m[/home/ace/prog/werewolf/game-server/node_modules/pomelo/lib/modules/monitorwatcher.js] [39m[connector-server-2] receive addServer signal: {"action":"addServer","server":{"main":"/home/ace/prog/werewolf/game-server/app.js","env":"development","id":"auth-server-1","host":"127.0.0.1","port":3650,"serverType":"auth","pid":12916}}
[2017-05-26 11:31:04.924] [DEBUG] pomelo - [36m[/home/ace/prog/werewolf/game-server/node_modules/pomelo/lib/modules/monitorwatcher.js] [39m[connector-server-2] receive addServer signal: {"action":"addServer","server":{"main":"/home/ace/prog/werewolf/game-server/app.js","env":"development","id":"connector-server-1","host":"127.0.0.1","port":3150,"clientHost":"12.12.0.151","clientPort":3010,"frontend":"true","serverType":"connector","pid":12897}}
[2017-05-26 11:43:28.724] [INFO] pomelo - [32m[/home/ace/prog/werewolf/game-server/node_modules/pomelo/lib/application.js] [39mapplication inited: "connector-server-2"
[2017-05-26 11:43:29.353] [INFO] pomelo - [32m[/home/ace/prog/werewolf/game-server/node_modules/pomelo/lib/application.js] [39m"connector-server-2" enter after start...
[2017-05-26 11:43:29.356] [INFO] pomelo - [32m[/home/ace/prog/werewolf/game-server/node_modules/pomelo/lib/application.js] [39m"connector-server-2" finish start
[2017-05-26 11:43:29.357] [INFO] pomelo - [32m[/home/ace/prog/werewolf/game-server/node_modules/pomelo/lib/application.js] [39m"connector-server-2" startup in 451 ms
[2017-05-26 11:44:22.811] [DEBUG] pomelo - [36m[/home/ace/prog/werewolf/game-server/node_modules/pomelo/lib/components/connector.js] [39m[connector-server-2] getSession session is created with session id: 1
[2017-05-26 11:44:22.827] [DEBUG] pomelo - [36m[/home/ace/prog/werewolf/game-server/node_modules/pomelo/lib/components/connector.js] [39m[connector-server-2] handleMessage session id: 1, msg: {"id":2,"type":0,"compressRoute":0,"route":"connector.entryHandler.entry","body":{"token":"d8311c4e14a196af40a5ee4b3161996e"},"compressGzip":0}
[2017-05-26 11:44:22.914] [DEBUG] pomelo - [36m[/home/ace/prog/werewolf/game-server/node_modules/pomelo/lib/components/connector.js] [39msession on [connector-server-2] bind with uid: 9
[2017-05-26 11:44:25.829] [ERROR] pomelo - [31m[/home/ace/prog/werewolf/game-server/node_modules/pomelo/lib/filters/handler/timeout.js] [39mrequest "connector.entryHandler.entry" timeout.
[2017-05-26 11:47:30.031] [INFO] pomelo - [32m[/home/ace/prog/werewolf/game-server/node_modules/pomelo/lib/application.js] [39mapplication inited: "connector-server-2"
[2017-05-26 11:47:30.649] [INFO] pomelo - [32m[/home/ace/prog/werewolf/game-server/node_modules/pomelo/lib/application.js] [39m"connector-server-2" enter after start...
[2017-05-26 11:47:30.652] [INFO] pomelo - [32m[/home/ace/prog/werewolf/game-server/node_modules/pomelo/lib/application.js] [39m"connector-server-2" finish start
[2017-05-26 11:47:30.653] [INFO] pomelo - [32m[/home/ace/prog/werewolf/game-server/node_modules/pomelo/lib/application.js] [39m"connector-server-2" startup in 436 ms
[2017-05-26 11:48:39.510] [DEBUG] pomelo - [36m[/home/ace/prog/werewolf/game-server/node_modules/pomelo/lib/components/connector.js] [39m[connector-server-2] getSession session is created with session id: 1
[2017-05-26 11:48:39.526] [DEBUG] pomelo - [36m[/home/ace/prog/werewolf/game-server/node_modules/pomelo/lib/components/connector.js] [39m[connector-server-2] handleMessage session id: 1, msg: {"id":2,"type":0,"compressRoute":0,"route":"connector.entryHandler.entry","body":{"token":"f46a97a2bef341e19b15b0df0bca8932"},"compressGzip":0}
[2017-05-26 11:48:39.620] [DEBUG] pomelo - [36m[/home/ace/prog/werewolf/game-server/node_modules/pomelo/lib/components/connector.js] [39msession on [connector-server-2] bind with uid: 9
[2017-05-26 11:48:42.528] [ERROR] pomelo - [31m[/home/ace/prog/werewolf/game-server/node_modules/pomelo/lib/filters/handler/timeout.js] [39mrequest "connector.entryHandler.entry" timeout.
[2017-05-26 11:49:24.951] [INFO] pomelo - [32m[/home/ace/prog/werewolf/game-server/node_modules/pomelo/lib/application.js] [39mapplication inited: "connector-server-2"
[2017-05-26 11:49:25.478] [INFO] pomelo - [32m[/home/ace/prog/werewolf/game-server/node_modules/pomelo/lib/application.js] [39m"connector-server-2" enter after start...
[2017-05-26 11:49:25.483] [INFO] pomelo - [32m[/home/ace/prog/werewolf/game-server/node_modules/pomelo/lib/application.js] [39m"connector-server-2" finish start
[2017-05-26 11:49:25.484] [INFO] pomelo - [32m[/home/ace/prog/werewolf/game-server/node_modules/pomelo/lib/application.js] [39m"connector-server-2" startup in 422 ms
[2017-05-26 11:49:25.533] [DEBUG] pomelo - [36m[/home/ace/prog/werewolf/game-server/node_modules/pomelo/lib/modules/monitorwatcher.js] [39m[connector-server-2] receive addServer signal: {"action":"addServer","server":{"main":"/home/ace/prog/werewolf/game-server/app.js","env":"development","id":"connector-server-1","host":"127.0.0.1","port":3150,"clientHost":"12.12.0.151","clientPort":3010,"frontend":"true","serverType":"connector","pid":14485}}
[2017-05-26 12:13:32.582] [INFO] pomelo - [32m[/home/ace/prog/werewolf/game-server/node_modules/pomelo/lib/application.js] [39mapplication inited: "connector-server-2"
[2017-05-26 12:13:33.169] [INFO] pomelo - [32m[/home/ace/prog/werewolf/game-server/node_modules/pomelo/lib/application.js] [39m"connector-server-2" enter after start...
[2017-05-26 12:13:33.172] [INFO] pomelo - [32m[/home/ace/prog/werewolf/game-server/node_modules/pomelo/lib/application.js] [39m"connector-server-2" finish start
[2017-05-26 12:13:33.173] [INFO] pomelo - [32m[/home/ace/prog/werewolf/game-server/node_modules/pomelo/lib/application.js] [39m"connector-server-2" startup in 381 ms
[2017-05-26 12:14:03.738] [DEBUG] pomelo - [36m[/home/ace/prog/werewolf/game-server/node_modules/pomelo/lib/components/connector.js] [39m[connector-server-2] getSession session is created with session id: 1
[2017-05-26 12:14:03.751] [DEBUG] pomelo - [36m[/home/ace/prog/werewolf/game-server/node_modules/pomelo/lib/components/connector.js] [39m[connector-server-2] handleMessage session id: 1, msg: {"id":2,"type":0,"compressRoute":0,"route":"connector.entryHandler.entry","body":{"token":"9e6c4350262e6e780476f3e1b2549e5d"},"compressGzip":0}
[2017-05-26 12:14:03.821] [DEBUG] pomelo - [36m[/home/ace/prog/werewolf/game-server/node_modules/pomelo/lib/components/connector.js] [39msession on [connector-server-2] bind with uid: 9
[2017-05-26 12:14:06.752] [ERROR] pomelo - [31m[/home/ace/prog/werewolf/game-server/node_modules/pomelo/lib/filters/handler/timeout.js] [39mrequest "connector.entryHandler.entry" timeout.
[2017-05-26 13:44:20.040] [INFO] pomelo - [32m[/home/ace/prog/werewolf/game-server/node_modules/pomelo/lib/application.js] [39mapplication inited: "connector-server-2"
[2017-05-26 13:44:20.546] [INFO] pomelo - [32m[/home/ace/prog/werewolf/game-server/node_modules/pomelo/lib/application.js] [39m"connector-server-2" enter after start...
[2017-05-26 13:44:20.551] [INFO] pomelo - [32m[/home/ace/prog/werewolf/game-server/node_modules/pomelo/lib/application.js] [39m"connector-server-2" finish start
[2017-05-26 13:44:20.553] [INFO] pomelo - [32m[/home/ace/prog/werewolf/game-server/node_modules/pomelo/lib/application.js] [39m"connector-server-2" startup in 405 ms
[2017-05-26 13:44:20.638] [DEBUG] pomelo - [36m[/home/ace/prog/werewolf/game-server/node_modules/pomelo/lib/modules/monitorwatcher.js] [39m[connector-server-2] receive addServer signal: {"action":"addServer","server":{"main":"/home/ace/prog/werewolf/game-server/app.js","env":"development","id":"chat-server-1","host":"127.0.0.1","port":3450,"serverType":"chat","pid":18029}}
[2017-05-26 13:44:20.643] [DEBUG] pomelo - [36m[/home/ace/prog/werewolf/game-server/node_modules/pomelo/lib/modules/monitorwatcher.js] [39m[connector-server-2] receive addServer signal: {"action":"addServer","server":{"main":"/home/ace/prog/werewolf/game-server/app.js","env":"development","id":"auth-server-1","host":"127.0.0.1","port":3650,"serverType":"auth","pid":18030}}
[2017-05-26 14:10:37.731] [INFO] pomelo - [32m[/home/ace/prog/werewolf/game-server/node_modules/pomelo/lib/application.js] [39mapplication inited: "connector-server-2"
[2017-05-26 14:10:38.296] [INFO] pomelo - [32m[/home/ace/prog/werewolf/game-server/node_modules/pomelo/lib/application.js] [39m"connector-server-2" enter after start...
[2017-05-26 14:10:38.298] [DEBUG] pomelo - [36m[/home/ace/prog/werewolf/game-server/node_modules/pomelo/lib/modules/monitorwatcher.js] [39m[connector-server-2] receive addServer signal: {"action":"addServer","server":{"main":"/home/ace/prog/werewolf/game-server/app.js","env":"development","id":"auth-server-1","host":"127.0.0.1","port":3650,"serverType":"auth","pid":19045}}
[2017-05-26 14:10:38.300] [DEBUG] pomelo - [36m[/home/ace/prog/werewolf/game-server/node_modules/pomelo/lib/modules/monitorwatcher.js] [39m[connector-server-2] receive addServer signal: {"action":"addServer","server":{"main":"/home/ace/prog/werewolf/game-server/app.js","env":"development","id":"connector-server-1","host":"127.0.0.1","port":3150,"clientHost":"12.12.0.151","clientPort":3010,"frontend":"true","serverType":"connector","pid":19026}}
[2017-05-26 14:10:38.303] [INFO] pomelo - [32m[/home/ace/prog/werewolf/game-server/node_modules/pomelo/lib/application.js] [39m"connector-server-2" finish start
[2017-05-26 14:10:38.304] [INFO] pomelo - [32m[/home/ace/prog/werewolf/game-server/node_modules/pomelo/lib/application.js] [39m"connector-server-2" startup in 468 ms
[2017-05-26 14:56:43.882] [INFO] pomelo - [32m[/home/ace/prog/werewolf/game-server/node_modules/pomelo/lib/application.js] [39mapplication inited: "connector-server-2"
[2017-05-26 14:56:44.387] [INFO] pomelo - [32m[/home/ace/prog/werewolf/game-server/node_modules/pomelo/lib/application.js] [39m"connector-server-2" enter after start...
[2017-05-26 14:56:44.392] [INFO] pomelo - [32m[/home/ace/prog/werewolf/game-server/node_modules/pomelo/lib/application.js] [39m"connector-server-2" finish start
[2017-05-26 14:56:44.392] [INFO] pomelo - [32m[/home/ace/prog/werewolf/game-server/node_modules/pomelo/lib/application.js] [39m"connector-server-2" startup in 400 ms
[2017-05-26 14:56:44.432] [DEBUG] pomelo - [36m[/home/ace/prog/werewolf/game-server/node_modules/pomelo/lib/modules/monitorwatcher.js] [39m[connector-server-2] receive addServer signal: {"action":"addServer","server":{"main":"/home/ace/prog/werewolf/game-server/app.js","env":"development","id":"auth-server-1","host":"127.0.0.1","port":3650,"serverType":"auth","pid":20817}}
[2017-05-26 14:56:44.435] [DEBUG] pomelo - [36m[/home/ace/prog/werewolf/game-server/node_modules/pomelo/lib/modules/monitorwatcher.js] [39m[connector-server-2] receive addServer signal: {"action":"addServer","server":{"main":"/home/ace/prog/werewolf/game-server/app.js","env":"development","id":"chat-server-1","host":"127.0.0.1","port":3450,"serverType":"chat","pid":20814}}
[2017-05-26 14:58:40.401] [DEBUG] pomelo - [36m[/home/ace/prog/werewolf/game-server/node_modules/pomelo/lib/components/connector.js] [39m[connector-server-2] getSession session is created with session id: 1
[2017-05-26 14:58:40.412] [DEBUG] pomelo - [36m[/home/ace/prog/werewolf/game-server/node_modules/pomelo/lib/components/connector.js] [39m[connector-server-2] handleMessage session id: 1, msg: {"id":2,"type":0,"compressRoute":0,"route":"connector.entryHandler.entry","body":{"token":"3a338949e7116633bee77b2ba8411187"},"compressGzip":0}
[2017-05-26 14:58:40.498] [DEBUG] pomelo - [36m[/home/ace/prog/werewolf/game-server/node_modules/pomelo/lib/components/connector.js] [39msession on [connector-server-2] bind with uid: 9
[2017-05-26 14:58:40.542] [DEBUG] pomelo - [36m[/home/ace/prog/werewolf/game-server/node_modules/pomelo/lib/server/server.js] [39mno default error handler to resolve unknown exception. undefined
[2017-05-26 14:58:40.543] [DEBUG] pomelo - [36m[/home/ace/prog/werewolf/game-server/node_modules/pomelo/lib/components/connector.js] [39m[connector-server-2] send message reqId: 2, route: connector.entryHandler.entry, msg: {"code":500}, receivers: [1], opts: {"type":"response","userOptions":{},"isResponse":true}
[2017-05-26 14:58:43.142] [DEBUG] pomelo - [36m[/home/ace/prog/werewolf/game-server/node_modules/pomelo/lib/common/service/sessionService.js] [39msession on [connector-server-2] is closed with session id: 1
[2017-05-26 15:03:05.473] [INFO] pomelo - [32m[/home/ace/prog/werewolf/game-server/node_modules/pomelo/lib/application.js] [39mapplication inited: "connector-server-2"
[2017-05-26 15:03:05.985] [INFO] pomelo - [32m[/home/ace/prog/werewolf/game-server/node_modules/pomelo/lib/application.js] [39m"connector-server-2" enter after start...
[2017-05-26 15:03:05.987] [DEBUG] pomelo - [36m[/home/ace/prog/werewolf/game-server/node_modules/pomelo/lib/modules/monitorwatcher.js] [39m[connector-server-2] receive addServer signal: {"action":"addServer","server":{"main":"/home/ace/prog/werewolf/game-server/app.js","env":"development","id":"chat-server-1","host":"127.0.0.1","port":3450,"serverType":"chat","pid":21209}}
[2017-05-26 15:03:05.991] [INFO] pomelo - [32m[/home/ace/prog/werewolf/game-server/node_modules/pomelo/lib/application.js] [39m"connector-server-2" finish start
[2017-05-26 15:03:05.991] [INFO] pomelo - [32m[/home/ace/prog/werewolf/game-server/node_modules/pomelo/lib/application.js] [39m"connector-server-2" startup in 414 ms
[2017-05-26 15:03:06.056] [DEBUG] pomelo - [36m[/home/ace/prog/werewolf/game-server/node_modules/pomelo/lib/modules/monitorwatcher.js] [39m[connector-server-2] receive addServer signal: {"action":"addServer","server":{"main":"/home/ace/prog/werewolf/game-server/app.js","env":"development","id":"auth-server-1","host":"127.0.0.1","port":3650,"serverType":"auth","pid":21210}}
[2017-05-26 15:14:09.452] [INFO] pomelo - [32m[/home/ace/prog/werewolf/game-server/node_modules/pomelo/lib/application.js] [39mapplication inited: "connector-server-2"
[2017-05-26 15:14:10.078] [INFO] pomelo - [32m[/home/ace/prog/werewolf/game-server/node_modules/pomelo/lib/application.js] [39m"connector-server-2" enter after start...
[2017-05-26 15:14:10.081] [INFO] pomelo - [32m[/home/ace/prog/werewolf/game-server/node_modules/pomelo/lib/application.js] [39m"connector-server-2" finish start
[2017-05-26 15:14:10.081] [INFO] pomelo - [32m[/home/ace/prog/werewolf/game-server/node_modules/pomelo/lib/application.js] [39m"connector-server-2" startup in 447 ms
[2017-05-26 15:30:21.829] [INFO] pomelo - [32m[/home/ace/prog/werewolf/game-server/node_modules/pomelo/lib/application.js] [39mapplication inited: "connector-server-2"
[2017-05-26 15:30:22.399] [INFO] pomelo - [32m[/home/ace/prog/werewolf/game-server/node_modules/pomelo/lib/application.js] [39m"connector-server-2" enter after start...
[2017-05-26 15:30:22.402] [DEBUG] pomelo - [36m[/home/ace/prog/werewolf/game-server/node_modules/pomelo/lib/modules/monitorwatcher.js] [39m[connector-server-2] receive addServer signal: {"action":"addServer","server":{"main":"/home/ace/prog/werewolf/game-server/app.js","env":"development","id":"connector-server-1","host":"127.0.0.1","port":3150,"clientHost":"12.12.0.151","clientPort":3010,"frontend":"true","serverType":"connector","pid":22601}}
[2017-05-26 15:30:22.405] [INFO] pomelo - [32m[/home/ace/prog/werewolf/game-server/node_modules/pomelo/lib/application.js] [39m"connector-server-2" finish start
[2017-05-26 15:30:22.405] [INFO] pomelo - [32m[/home/ace/prog/werewolf/game-server/node_modules/pomelo/lib/application.js] [39m"connector-server-2" startup in 466 ms
[2017-05-26 15:32:26.299] [INFO] pomelo - [32m[/home/ace/prog/werewolf/game-server/node_modules/pomelo/lib/application.js] [39mapplication inited: "connector-server-2"
[2017-05-26 15:32:26.828] [INFO] pomelo - [32m[/home/ace/prog/werewolf/game-server/node_modules/pomelo/lib/application.js] [39m"connector-server-2" enter after start...
[2017-05-26 15:32:26.831] [INFO] pomelo - [32m[/home/ace/prog/werewolf/game-server/node_modules/pomelo/lib/application.js] [39m"connector-server-2" finish start
[2017-05-26 15:32:26.832] [INFO] pomelo - [32m[/home/ace/prog/werewolf/game-server/node_modules/pomelo/lib/application.js] [39m"connector-server-2" startup in 420 ms
[2017-05-26 15:32:26.908] [DEBUG] pomelo - [36m[/home/ace/prog/werewolf/game-server/node_modules/pomelo/lib/modules/monitorwatcher.js] [39m[connector-server-2] receive addServer signal: {"action":"addServer","server":{"main":"/home/ace/prog/werewolf/game-server/app.js","env":"development","id":"auth-server-1","host":"127.0.0.1","port":3650,"serverType":"auth","pid":22865}}
[2017-05-26 15:32:26.911] [DEBUG] pomelo - [36m[/home/ace/prog/werewolf/game-server/node_modules/pomelo/lib/modules/monitorwatcher.js] [39m[connector-server-2] receive addServer signal: {"action":"addServer","server":{"main":"/home/ace/prog/werewolf/game-server/app.js","env":"development","id":"connector-server-1","host":"127.0.0.1","port":3150,"clientHost":"12.12.0.151","clientPort":3010,"frontend":"true","serverType":"connector","pid":22846}}
[2017-05-26 15:36:03.741] [INFO] pomelo - [32m[/home/ace/prog/werewolf/game-server/node_modules/pomelo/lib/application.js] [39mapplication inited: "connector-server-2"
[2017-05-26 15:36:04.317] [INFO] pomelo - [32m[/home/ace/prog/werewolf/game-server/node_modules/pomelo/lib/application.js] [39m"connector-server-2" enter after start...
[2017-05-26 15:36:04.320] [INFO] pomelo - [32m[/home/ace/prog/werewolf/game-server/node_modules/pomelo/lib/application.js] [39m"connector-server-2" finish start
[2017-05-26 15:36:04.321] [INFO] pomelo - [32m[/home/ace/prog/werewolf/game-server/node_modules/pomelo/lib/application.js] [39m"connector-server-2" startup in 386 ms
[2017-05-26 15:36:46.167] [DEBUG] pomelo - [36m[/home/ace/prog/werewolf/game-server/node_modules/pomelo/lib/components/connector.js] [39m[connector-server-2] getSession session is created with session id: 1
[2017-05-26 15:36:46.179] [DEBUG] pomelo - [36m[/home/ace/prog/werewolf/game-server/node_modules/pomelo/lib/components/connector.js] [39m[connector-server-2] handleMessage session id: 1, msg: {"id":2,"type":0,"compressRoute":0,"route":"connector.entryHandler.entry","body":{"token":"8b11efa80a5088905d93dba825694bdf"},"compressGzip":0}
[2017-05-26 15:36:46.255] [DEBUG] pomelo - [36m[/home/ace/prog/werewolf/game-server/node_modules/pomelo/lib/components/connector.js] [39msession on [connector-server-2] bind with uid: 9
[2017-05-26 15:36:46.312] [DEBUG] pomelo - [36m[/home/ace/prog/werewolf/game-server/node_modules/pomelo/lib/components/connector.js] [39m[connector-server-2] send message reqId: 2, route: connector.entryHandler.entry, msg: {"code":500}, receivers: [1], opts: {"type":"response","userOptions":{},"isResponse":true}
[2017-05-26 15:36:48.737] [DEBUG] pomelo - [36m[/home/ace/prog/werewolf/game-server/node_modules/pomelo/lib/common/service/sessionService.js] [39msession on [connector-server-2] is closed with session id: 1
[2017-05-26 15:38:41.773] [INFO] pomelo - [32m[/home/ace/prog/werewolf/game-server/node_modules/pomelo/lib/application.js] [39mapplication inited: "connector-server-2"
[2017-05-26 15:38:42.338] [INFO] pomelo - [32m[/home/ace/prog/werewolf/game-server/node_modules/pomelo/lib/application.js] [39m"connector-server-2" enter after start...
[2017-05-26 15:38:42.341] [INFO] pomelo - [32m[/home/ace/prog/werewolf/game-server/node_modules/pomelo/lib/application.js] [39m"connector-server-2" finish start
[2017-05-26 15:38:42.341] [INFO] pomelo - [32m[/home/ace/prog/werewolf/game-server/node_modules/pomelo/lib/application.js] [39m"connector-server-2" startup in 390 ms
[2017-05-26 15:39:41.775] [DEBUG] pomelo - [36m[/home/ace/prog/werewolf/game-server/node_modules/pomelo/lib/components/connector.js] [39m[connector-server-2] getSession session is created with session id: 1
[2017-05-26 15:39:41.788] [DEBUG] pomelo - [36m[/home/ace/prog/werewolf/game-server/node_modules/pomelo/lib/components/connector.js] [39m[connector-server-2] handleMessage session id: 1, msg: {"id":2,"type":0,"compressRoute":0,"route":"connector.entryHandler.entry","body":{"token":"3f476cfef1dabdeffdbf41be59a1051b"},"compressGzip":0}
[2017-05-26 15:39:41.860] [DEBUG] pomelo - [36m[/home/ace/prog/werewolf/game-server/node_modules/pomelo/lib/components/connector.js] [39msession on [connector-server-2] bind with uid: 9
[2017-05-26 15:39:41.922] [DEBUG] pomelo - [36m[/home/ace/prog/werewolf/game-server/node_modules/pomelo/lib/components/connector.js] [39m[connector-server-2] send message reqId: 2, route: connector.entryHandler.entry, msg: {"code":500}, receivers: [1], opts: {"type":"response","userOptions":{},"isResponse":true}
[2017-05-26 15:39:44.222] [DEBUG] pomelo - [36m[/home/ace/prog/werewolf/game-server/node_modules/pomelo/lib/common/service/sessionService.js] [39msession on [connector-server-2] is closed with session id: 1
[2017-05-26 15:40:01.853] [INFO] pomelo - [32m[/home/ace/prog/werewolf/game-server/node_modules/pomelo/lib/application.js] [39mapplication inited: "connector-server-2"
[2017-05-26 15:40:02.352] [INFO] pomelo - [32m[/home/ace/prog/werewolf/game-server/node_modules/pomelo/lib/application.js] [39m"connector-server-2" enter after start...
[2017-05-26 15:40:02.355] [INFO] pomelo - [32m[/home/ace/prog/werewolf/game-server/node_modules/pomelo/lib/application.js] [39m"connector-server-2" finish start
[2017-05-26 15:40:02.355] [INFO] pomelo - [32m[/home/ace/prog/werewolf/game-server/node_modules/pomelo/lib/application.js] [39m"connector-server-2" startup in 395 ms
[2017-05-26 15:40:02.426] [DEBUG] pomelo - [36m[/home/ace/prog/werewolf/game-server/node_modules/pomelo/lib/modules/monitorwatcher.js] [39m[connector-server-2] receive addServer signal: {"action":"addServer","server":{"main":"/home/ace/prog/werewolf/game-server/app.js","env":"development","id":"auth-server-1","host":"127.0.0.1","port":3650,"serverType":"auth","pid":23650}}
[2017-05-26 15:40:02.428] [DEBUG] pomelo - [36m[/home/ace/prog/werewolf/game-server/node_modules/pomelo/lib/modules/monitorwatcher.js] [39m[connector-server-2] receive addServer signal: {"action":"addServer","server":{"main":"/home/ace/prog/werewolf/game-server/app.js","env":"development","id":"connector-server-1","host":"127.0.0.1","port":3150,"clientHost":"12.12.0.151","clientPort":3010,"frontend":"true","serverType":"connector","pid":23631}}
[2017-05-26 15:40:59.449] [INFO] pomelo - [32m[/home/ace/prog/werewolf/game-server/node_modules/pomelo/lib/application.js] [39mapplication inited: "connector-server-2"
[2017-05-26 15:40:59.970] [INFO] pomelo - [32m[/home/ace/prog/werewolf/game-server/node_modules/pomelo/lib/application.js] [39m"connector-server-2" enter after start...
[2017-05-26 15:40:59.973] [INFO] pomelo - [32m[/home/ace/prog/werewolf/game-server/node_modules/pomelo/lib/application.js] [39m"connector-server-2" finish start
[2017-05-26 15:40:59.973] [INFO] pomelo - [32m[/home/ace/prog/werewolf/game-server/node_modules/pomelo/lib/application.js] [39m"connector-server-2" startup in 400 ms
[2017-05-26 15:41:12.694] [DEBUG] pomelo - [36m[/home/ace/prog/werewolf/game-server/node_modules/pomelo/lib/components/connector.js] [39m[connector-server-2] getSession session is created with session id: 1
[2017-05-26 15:41:12.704] [DEBUG] pomelo - [36m[/home/ace/prog/werewolf/game-server/node_modules/pomelo/lib/components/connector.js] [39m[connector-server-2] handleMessage session id: 1, msg: {"id":2,"type":0,"compressRoute":0,"route":"connector.entryHandler.entry","body":{"token":"def7f3dcb5aafc239b09233517b9c5f7"},"compressGzip":0}
[2017-05-26 15:41:12.768] [DEBUG] pomelo - [36m[/home/ace/prog/werewolf/game-server/node_modules/pomelo/lib/components/connector.js] [39msession on [connector-server-2] bind with uid: 9
[2017-05-26 15:41:12.831] [DEBUG] pomelo - [36m[/home/ace/prog/werewolf/game-server/node_modules/pomelo/lib/components/connector.js] [39m[connector-server-2] send message reqId: 2, route: connector.entryHandler.entry, msg: {"code":200,"player":{"id":1,"userId":9,"name":"acer","level":1,"experience":0,"money":0,"areaId":1}}, receivers: [1], opts: {"type":"response","userOptions":{},"isResponse":true}
[2017-05-26 15:58:24.543] [DEBUG] pomelo - [36m[/home/ace/prog/werewolf/game-server/node_modules/pomelo/lib/common/service/sessionService.js] [39msession on [connector-server-2] is closed with session id: 1
[2017-05-26 15:58:57.028] [DEBUG] pomelo - [36m[/home/ace/prog/werewolf/game-server/node_modules/pomelo/lib/components/connector.js] [39m[connector-server-2] getSession session is created with session id: 2
[2017-05-26 15:58:57.041] [DEBUG] pomelo - [36m[/home/ace/prog/werewolf/game-server/node_modules/pomelo/lib/components/connector.js] [39m[connector-server-2] handleMessage session id: 2, msg: {"id":2,"type":0,"compressRoute":0,"route":"connector.entryHandler.entry","body":{"token":"76971022b56afde6861814893418ce71"},"compressGzip":0}
[2017-05-26 15:58:57.103] [DEBUG] pomelo - [36m[/home/ace/prog/werewolf/game-server/node_modules/pomelo/lib/components/connector.js] [39msession on [connector-server-2] bind with uid: 9
[2017-05-26 15:58:57.183] [DEBUG] pomelo - [36m[/home/ace/prog/werewolf/game-server/node_modules/pomelo/lib/components/connector.js] [39m[connector-server-2] send message reqId: 2, route: connector.entryHandler.entry, msg: {"code":200,"player":{"id":1,"userId":9,"name":"acer","level":1,"experience":0,"money":0,"areaId":1}}, receivers: [2], opts: {"type":"response","userOptions":{},"isResponse":true}
[2017-05-26 17:24:27.933] [DEBUG] pomelo - [36m[/home/ace/prog/werewolf/game-server/node_modules/pomelo/lib/common/service/sessionService.js] [39msession on [connector-server-2] is closed with session id: 2
[2017-05-26 17:35:37.729] [DEBUG] pomelo - [36m[/home/ace/prog/werewolf/game-server/node_modules/pomelo/lib/components/connector.js] [39m[connector-server-2] getSession session is created with session id: 3
[2017-05-26 17:35:37.734] [DEBUG] pomelo - [36m[/home/ace/prog/werewolf/game-server/node_modules/pomelo/lib/components/connector.js] [39m[connector-server-2] handleMessage session id: 3, msg: {"id":2,"type":0,"compressRoute":0,"route":"connector.entryHandler.entry","body":{"token":"89c1df7f8448dff9e6e5ab37c7df15ce"},"compressGzip":0}
[2017-05-26 17:35:37.820] [DEBUG] pomelo - [36m[/home/ace/prog/werewolf/game-server/node_modules/pomelo/lib/components/connector.js] [39msession on [connector-server-2] bind with uid: 9
[2017-05-26 17:35:37.886] [DEBUG] pomelo - [36m[/home/ace/prog/werewolf/game-server/node_modules/pomelo/lib/components/connector.js] [39m[connector-server-2] send message reqId: 2, route: connector.entryHandler.entry, msg: {"code":200,"player":{"id":1,"userId":9,"name":"acer","level":1,"experience":0,"money":0,"areaId":1}}, receivers: [3], opts: {"type":"response","userOptions":{},"isResponse":true}
[2017-05-26 17:37:21.149] [DEBUG] pomelo - [36m[/home/ace/prog/werewolf/game-server/node_modules/pomelo/lib/common/service/sessionService.js] [39msession on [connector-server-2] is closed with session id: 3
[2017-05-26 17:37:32.603] [DEBUG] pomelo - [36m[/home/ace/prog/werewolf/game-server/node_modules/pomelo/lib/components/connector.js] [39m[connector-server-2] getSession session is created with session id: 4
[2017-05-26 17:37:32.611] [DEBUG] pomelo - [36m[/home/ace/prog/werewolf/game-server/node_modules/pomelo/lib/components/connector.js] [39m[connector-server-2] handleMessage session id: 4, msg: {"id":2,"type":0,"compressRoute":0,"route":"connector.entryHandler.entry","body":{"token":"8c45829141b5a2881e150c1f994d5f83"},"compressGzip":0}
[2017-05-26 17:37:32.687] [DEBUG] pomelo - [36m[/home/ace/prog/werewolf/game-server/node_modules/pomelo/lib/components/connector.js] [39msession on [connector-server-2] bind with uid: 9
[2017-05-26 17:37:32.759] [DEBUG] pomelo - [36m[/home/ace/prog/werewolf/game-server/node_modules/pomelo/lib/components/connector.js] [39m[connector-server-2] send message reqId: 2, route: connector.entryHandler.entry, msg: {"code":200,"player":{"id":1,"userId":9,"name":"acer","level":1,"experience":0,"money":0,"areaId":1}}, receivers: [4], opts: {"type":"response","userOptions":{},"isResponse":true}
[2017-05-26 17:38:13.877] [DEBUG] pomelo - [36m[/home/ace/prog/werewolf/game-server/node_modules/pomelo/lib/common/service/sessionService.js] [39msession on [connector-server-2] is closed with session id: 4
[2017-05-26 17:38:54.125] [DEBUG] pomelo - [36m[/home/ace/prog/werewolf/game-server/node_modules/pomelo/lib/components/connector.js] [39m[connector-server-2] getSession session is created with session id: 5
[2017-05-26 17:38:54.130] [DEBUG] pomelo - [36m[/home/ace/prog/werewolf/game-server/node_modules/pomelo/lib/components/connector.js] [39m[connector-server-2] handleMessage session id: 5, msg: {"id":2,"type":0,"compressRoute":0,"route":"connector.entryHandler.entry","body":{"token":"9d1082c45cea24376523ebd15152f5cc"},"compressGzip":0}
[2017-05-26 17:38:54.205] [DEBUG] pomelo - [36m[/home/ace/prog/werewolf/game-server/node_modules/pomelo/lib/components/connector.js] [39msession on [connector-server-2] bind with uid: 9
[2017-05-26 17:38:54.271] [DEBUG] pomelo - [36m[/home/ace/prog/werewolf/game-server/node_modules/pomelo/lib/components/connector.js] [39m[connector-server-2] send message reqId: 2, route: connector.entryHandler.entry, msg: {"code":200,"player":{"id":1,"userId":9,"name":"acer","level":1,"experience":0,"money":0,"areaId":1}}, receivers: [5], opts: {"type":"response","userOptions":{},"isResponse":true}
[2017-05-26 17:40:07.762] [DEBUG] pomelo - [36m[/home/ace/prog/werewolf/game-server/node_modules/pomelo/lib/common/service/sessionService.js] [39msession on [connector-server-2] is closed with session id: 5
[2017-05-26 17:40:26.557] [DEBUG] pomelo - [36m[/home/ace/prog/werewolf/game-server/node_modules/pomelo/lib/components/connector.js] [39m[connector-server-2] getSession session is created with session id: 6
[2017-05-26 17:40:26.562] [DEBUG] pomelo - [36m[/home/ace/prog/werewolf/game-server/node_modules/pomelo/lib/components/connector.js] [39m[connector-server-2] handleMessage session id: 6, msg: {"id":2,"type":0,"compressRoute":0,"route":"connector.entryHandler.entry","body":{"token":"c80e572623ff2d3b20a24eb9e2874249"},"compressGzip":0}
[2017-05-26 17:40:26.631] [DEBUG] pomelo - [36m[/home/ace/prog/werewolf/game-server/node_modules/pomelo/lib/components/connector.js] [39msession on [connector-server-2] bind with uid: 9
[2017-05-26 17:40:26.689] [DEBUG] pomelo - [36m[/home/ace/prog/werewolf/game-server/node_modules/pomelo/lib/components/connector.js] [39m[connector-server-2] send message reqId: 2, route: connector.entryHandler.entry, msg: {"code":200,"player":{"id":1,"userId":9,"name":"acer","level":1,"experience":0,"money":0,"areaId":1}}, receivers: [6], opts: {"type":"response","userOptions":{},"isResponse":true}
[2017-05-26 17:45:01.885] [DEBUG] pomelo - [36m[/home/ace/prog/werewolf/game-server/node_modules/pomelo/lib/components/connector.js] [39m[connector-server-2] getSession session is created with session id: 7
[2017-05-26 17:45:01.892] [DEBUG] pomelo - [36m[/home/ace/prog/werewolf/game-server/node_modules/pomelo/lib/components/connector.js] [39m[connector-server-2] handleMessage session id: 7, msg: {"id":2,"type":0,"compressRoute":0,"route":"connector.entryHandler.entry","body":{"token":"b27499a4813fea89624fc26a293c0111af68648ef9e6bd32c5a8c25bbd228bf9"},"compressGzip":0}
[2017-05-26 17:45:01.957] [DEBUG] pomelo - [36m[/home/ace/prog/werewolf/game-server/node_modules/pomelo/lib/components/connector.js] [39msession on [connector-server-2] bind with uid: 11
[2017-05-26 17:45:02.016] [DEBUG] pomelo - [36m[/home/ace/prog/werewolf/game-server/node_modules/pomelo/lib/components/connector.js] [39m[connector-server-2] send message reqId: 2, route: connector.entryHandler.entry, msg: {"code":200,"player":{"id":2,"userId":11,"name":"zoudesheng","level":1,"experience":0,"money":0,"areaId":1}}, receivers: [7], opts: {"type":"response","userOptions":{},"isResponse":true}
[2017-05-26 17:46:29.830] [DEBUG] pomelo - [36m[/home/ace/prog/werewolf/game-server/node_modules/pomelo/lib/components/connector.js] [39m[connector-server-2] getSession session is created with session id: 8
[2017-05-26 17:46:29.834] [DEBUG] pomelo - [36m[/home/ace/prog/werewolf/game-server/node_modules/pomelo/lib/components/connector.js] [39m[connector-server-2] handleMessage session id: 8, msg: {"id":2,"type":0,"compressRoute":0,"route":"connector.entryHandler.entry","body":{"token":"8bba8bf515f81ddfca5540ccfbf6ed960aa0c75ccb1e63058c1ee6405b0b6212"},"compressGzip":0}
[2017-05-26 17:46:29.916] [DEBUG] pomelo - [36m[/home/ace/prog/werewolf/game-server/node_modules/pomelo/lib/components/connector.js] [39msession on [connector-server-2] bind with uid: 13
[2017-05-26 17:46:30.003] [DEBUG] pomelo - [36m[/home/ace/prog/werewolf/game-server/node_modules/pomelo/lib/components/connector.js] [39m[connector-server-2] send message reqId: 2, route: connector.entryHandler.entry, msg: {"code":200,"player":{"id":4,"userId":13,"name":"我是邹德胜","level":1,"experience":0,"money":0,"areaId":1}}, receivers: [8], opts: {"type":"response","userOptions":{},"isResponse":true}
[2017-05-26 17:47:37.755] [DEBUG] pomelo - [36m[/home/ace/prog/werewolf/game-server/node_modules/pomelo/lib/common/service/sessionService.js] [39msession on [connector-server-2] is closed with session id: 8
[2017-05-26 17:48:02.726] [DEBUG] pomelo - [36m[/home/ace/prog/werewolf/game-server/node_modules/pomelo/lib/components/connector.js] [39m[connector-server-2] getSession session is created with session id: 9
[2017-05-26 17:48:02.732] [DEBUG] pomelo - [36m[/home/ace/prog/werewolf/game-server/node_modules/pomelo/lib/components/connector.js] [39m[connector-server-2] handleMessage session id: 9, msg: {"id":2,"type":0,"compressRoute":0,"route":"connector.entryHandler.entry","body":{"token":"2b64b61c78c5ff5a5cd6805a91ffb74d1e2bc79cec958b3bbac46ea73a6d1aa4"},"compressGzip":0}
[2017-05-26 17:48:02.791] [DEBUG] pomelo - [36m[/home/ace/prog/werewolf/game-server/node_modules/pomelo/lib/components/connector.js] [39msession on [connector-server-2] bind with uid: 13
[2017-05-26 17:48:02.849] [DEBUG] pomelo - [36m[/home/ace/prog/werewolf/game-server/node_modules/pomelo/lib/components/connector.js] [39m[connector-server-2] send message reqId: 2, route: connector.entryHandler.entry, msg: {"code":200,"player":{"id":4,"userId":13,"name":"我是邹德胜","level":1,"experience":0,"money":0,"areaId":1}}, receivers: [9], opts: {"type":"response","userOptions":{},"isResponse":true}
[2017-05-26 17:48:10.463] [DEBUG] pomelo - [36m[/home/ace/prog/werewolf/game-server/node_modules/pomelo/lib/common/service/sessionService.js] [39msession on [connector-server-2] is closed with session id: 9
[2017-05-26 17:50:11.698] [DEBUG] pomelo - [36m[/home/ace/prog/werewolf/game-server/node_modules/pomelo/lib/components/connector.js] [39m[connector-server-2] getSession session is created with session id: 10
[2017-05-26 17:50:11.702] [DEBUG] pomelo - [36m[/home/ace/prog/werewolf/game-server/node_modules/pomelo/lib/components/connector.js] [39m[connector-server-2] handleMessage session id: 10, msg: {"id":2,"type":0,"compressRoute":0,"route":"connector.entryHandler.entry","body":{"token":"4f9cf0a24d03eec90f4eb82ddbf17bb60d90b0f1a23ddf79888978ba44f8a4f6"},"compressGzip":0}
[2017-05-26 17:50:11.776] [DEBUG] pomelo - [36m[/home/ace/prog/werewolf/game-server/node_modules/pomelo/lib/components/connector.js] [39msession on [connector-server-2] bind with uid: 15
[2017-05-26 17:50:11.825] [DEBUG] pomelo - [36m[/home/ace/prog/werewolf/game-server/node_modules/pomelo/lib/components/connector.js] [39m[connector-server-2] send message reqId: 2, route: connector.entryHandler.entry, msg: {"code":200,"player":{"id":6,"userId":15,"name":"magic","level":1,"experience":0,"money":0,"areaId":1}}, receivers: [10], opts: {"type":"response","userOptions":{},"isResponse":true}
[2017-05-26 17:52:37.591] [DEBUG] pomelo - [36m[/home/ace/prog/werewolf/game-server/node_modules/pomelo/lib/common/service/sessionService.js] [39msession on [connector-server-2] is closed with session id: 10
[2017-05-26 17:55:37.374] [DEBUG] pomelo - [36m[/home/ace/prog/werewolf/game-server/node_modules/pomelo/lib/components/connector.js] [39m[connector-server-2] getSession session is created with session id: 11
[2017-05-26 17:55:37.380] [DEBUG] pomelo - [36m[/home/ace/prog/werewolf/game-server/node_modules/pomelo/lib/components/connector.js] [39m[connector-server-2] handleMessage session id: 11, msg: {"id":2,"type":0,"compressRoute":0,"route":"connector.entryHandler.entry","body":{"token":"bd8618fd8b4ab8ed60f134939a146e6e7129bcfa8c7f9809bf860c74c3c822b9"},"compressGzip":0}
[2017-05-26 17:55:37.473] [DEBUG] pomelo - [36m[/home/ace/prog/werewolf/game-server/node_modules/pomelo/lib/components/connector.js] [39msession on [connector-server-2] bind with uid: 15
[2017-05-26 17:55:37.559] [DEBUG] pomelo - [36m[/home/ace/prog/werewolf/game-server/node_modules/pomelo/lib/components/connector.js] [39m[connector-server-2] send message reqId: 2, route: connector.entryHandler.entry, msg: {"code":200,"player":{"id":6,"userId":15,"name":"magic","level":1,"experience":0,"money":0,"areaId":1}}, receivers: [11], opts: {"type":"response","userOptions":{},"isResponse":true}
