[2017-05-19 12:03:47.235] [INFO] pomelo - [32m[/home/ace/prog/werewolf/game-server/node_modules/pomelo/lib/application.js] [39mapplication inited: "connector-server-1"
[2017-05-19 12:03:47.598] [INFO] pomelo - [32m[/home/ace/prog/werewolf/game-server/node_modules/pomelo/lib/application.js] [39m"connector-server-1" enter after start...
[2017-05-19 12:03:47.601] [INFO] pomelo - [32m[/home/ace/prog/werewolf/game-server/node_modules/pomelo/lib/application.js] [39m"connector-server-1" finish start
[2017-05-19 12:03:47.601] [INFO] pomelo - [32m[/home/ace/prog/werewolf/game-server/node_modules/pomelo/lib/application.js] [39m"connector-server-1" startup in 331 ms
[2017-05-19 12:05:58.184] [DEBUG] pomelo - [36m[/home/ace/prog/werewolf/game-server/node_modules/pomelo/lib/components/connector.js] [39m[connector-server-1] getSession session is created with session id: 1
[2017-05-19 12:05:58.195] [DEBUG] pomelo - [36m[/home/ace/prog/werewolf/game-server/node_modules/pomelo/lib/components/connector.js] [39m[connector-server-1] handleMessage session id: 1, msg: {"id":1,"type":0,"compressRoute":0,"route":"connector.entryHandler.entry","body":"hello pomelo","compressGzip":0}
[2017-05-19 12:05:58.199] [DEBUG] pomelo - [36m[/home/ace/prog/werewolf/game-server/node_modules/pomelo/lib/components/connector.js] [39m[connector-server-1] send message reqId: 1, route: connector.entryHandler.entry, msg: {"code":200,"msg":"game server is ok."}, receivers: [1], opts: {"type":"response","userOptions":{},"isResponse":true}
[2017-05-19 12:06:02.283] [DEBUG] pomelo - [36m[/home/ace/prog/werewolf/game-server/node_modules/pomelo/lib/common/service/sessionService.js] [39msession on [connector-server-1] is closed with session id: 1
[2017-05-22 13:47:55.079] [INFO] pomelo - [32m[/home/ace/prog/werewolf/game-server/node_modules/pomelo/lib/application.js] [39mapplication inited: "connector-server-1"
[2017-05-22 13:47:55.476] [INFO] pomelo - [32m[/home/ace/prog/werewolf/game-server/node_modules/pomelo/lib/application.js] [39m"connector-server-1" enter after start...
[2017-05-22 13:47:55.481] [INFO] pomelo - [32m[/home/ace/prog/werewolf/game-server/node_modules/pomelo/lib/application.js] [39m"connector-server-1" finish start
[2017-05-22 13:47:55.482] [INFO] pomelo - [32m[/home/ace/prog/werewolf/game-server/node_modules/pomelo/lib/application.js] [39m"connector-server-1" startup in 360 ms
[2017-05-22 13:48:37.045] [DEBUG] pomelo - [36m[/home/ace/prog/werewolf/game-server/node_modules/pomelo/lib/components/connector.js] [39m[connector-server-1] getSession session is created with session id: 1
[2017-05-22 13:48:37.059] [DEBUG] pomelo - [36m[/home/ace/prog/werewolf/game-server/node_modules/pomelo/lib/components/connector.js] [39m[connector-server-1] handleMessage session id: 1, msg: {"id":1,"type":0,"compressRoute":0,"route":"connector.entryHandler.entry","body":"hello pomelo","compressGzip":0}
[2017-05-22 13:48:37.061] [DEBUG] pomelo - [36m[/home/ace/prog/werewolf/game-server/node_modules/pomelo/lib/components/connector.js] [39m[connector-server-1] send message reqId: 1, route: connector.entryHandler.entry, msg: {"code":200,"msg":"game server is ok."}, receivers: [1], opts: {"type":"response","userOptions":{},"isResponse":true}
[2017-05-23 15:29:07.791] [INFO] pomelo - [32m[/home/ace/prog/werewolf/game-server/node_modules/pomelo/lib/application.js] [39mapplication inited: "connector-server-1"
[2017-05-23 15:29:08.160] [INFO] pomelo - [32m[/home/ace/prog/werewolf/game-server/node_modules/pomelo/lib/application.js] [39m"connector-server-1" enter after start...
[2017-05-23 15:29:08.163] [INFO] pomelo - [32m[/home/ace/prog/werewolf/game-server/node_modules/pomelo/lib/application.js] [39m"connector-server-1" finish start
[2017-05-23 15:29:08.164] [INFO] pomelo - [32m[/home/ace/prog/werewolf/game-server/node_modules/pomelo/lib/application.js] [39m"connector-server-1" startup in 337 ms
[2017-05-24 10:15:01.041] [INFO] pomelo - [32m[/home/ace/prog/werewolf/game-server/node_modules/pomelo/lib/application.js] [39mapplication inited: "connector-server-1"
[2017-05-24 10:15:01.424] [INFO] pomelo - [32m[/home/ace/prog/werewolf/game-server/node_modules/pomelo/lib/application.js] [39m"connector-server-1" enter after start...
[2017-05-24 10:15:01.427] [INFO] pomelo - [32m[/home/ace/prog/werewolf/game-server/node_modules/pomelo/lib/application.js] [39m"connector-server-1" finish start
[2017-05-24 10:15:01.428] [INFO] pomelo - [32m[/home/ace/prog/werewolf/game-server/node_modules/pomelo/lib/application.js] [39m"connector-server-1" startup in 346 ms
[2017-05-24 10:27:42.266] [INFO] pomelo - [32m[/home/ace/prog/werewolf/game-server/node_modules/pomelo/lib/application.js] [39mapplication inited: "connector-server-1"
[2017-05-24 10:27:42.678] [INFO] pomelo - [32m[/home/ace/prog/werewolf/game-server/node_modules/pomelo/lib/application.js] [39m"connector-server-1" enter after start...
[2017-05-24 10:27:42.682] [INFO] pomelo - [32m[/home/ace/prog/werewolf/game-server/node_modules/pomelo/lib/application.js] [39m"connector-server-1" finish start
[2017-05-24 10:27:42.682] [INFO] pomelo - [32m[/home/ace/prog/werewolf/game-server/node_modules/pomelo/lib/application.js] [39m"connector-server-1" startup in 368 ms
[2017-05-24 10:27:43.654] [DEBUG] pomelo - [36m[/home/ace/prog/werewolf/game-server/node_modules/pomelo/lib/modules/monitorwatcher.js] [39m[connector-server-1] receive addServer signal: {"action":"addServer","server":{"main":"/home/ace/prog/werewolf/game-server/app.js","env":"development","id":"gate-server-1","host":"127.0.0.1","clientHost":"12.12.0.151","clientPort":3014,"frontend":"true","serverType":"gate"}}
[2017-05-24 10:35:35.573] [INFO] pomelo - [32m[/home/ace/prog/werewolf/game-server/node_modules/pomelo/lib/application.js] [39mapplication inited: "connector-server-1"
[2017-05-24 10:35:35.966] [INFO] pomelo - [32m[/home/ace/prog/werewolf/game-server/node_modules/pomelo/lib/application.js] [39m"connector-server-1" enter after start...
[2017-05-24 10:35:35.970] [INFO] pomelo - [32m[/home/ace/prog/werewolf/game-server/node_modules/pomelo/lib/application.js] [39m"connector-server-1" finish start
[2017-05-24 10:35:35.971] [INFO] pomelo - [32m[/home/ace/prog/werewolf/game-server/node_modules/pomelo/lib/application.js] [39m"connector-server-1" startup in 359 ms
[2017-05-24 10:36:04.518] [DEBUG] pomelo - [36m[/home/ace/prog/werewolf/game-server/node_modules/pomelo/lib/components/connector.js] [39m[connector-server-1] getSession session is created with session id: 1
[2017-05-24 10:36:04.617] [DEBUG] pomelo - [36m[/home/ace/prog/werewolf/game-server/node_modules/pomelo/lib/components/connector.js] [39m[connector-server-1] handleMessage session id: 1, msg: {"id":1,"type":0,"compressRoute":0,"route":"connector.entryHandler.entry","body":"hello pomelo","compressGzip":0}
[2017-05-24 10:36:04.621] [DEBUG] pomelo - [36m[/home/ace/prog/werewolf/game-server/node_modules/pomelo/lib/components/connector.js] [39m[connector-server-1] send message reqId: 1, route: connector.entryHandler.entry, msg: {"code":200,"msg":"game server is ok."}, receivers: [1], opts: {"type":"response","userOptions":{},"isResponse":true}
[2017-05-24 10:37:48.988] [INFO] pomelo - [32m[/home/ace/prog/werewolf/game-server/node_modules/pomelo/lib/application.js] [39mapplication inited: "connector-server-1"
[2017-05-24 10:37:49.396] [INFO] pomelo - [32m[/home/ace/prog/werewolf/game-server/node_modules/pomelo/lib/application.js] [39m"connector-server-1" enter after start...
[2017-05-24 10:37:49.399] [INFO] pomelo - [32m[/home/ace/prog/werewolf/game-server/node_modules/pomelo/lib/application.js] [39m"connector-server-1" finish start
[2017-05-24 10:37:49.399] [INFO] pomelo - [32m[/home/ace/prog/werewolf/game-server/node_modules/pomelo/lib/application.js] [39m"connector-server-1" startup in 369 ms
[2017-05-24 10:37:50.374] [DEBUG] pomelo - [36m[/home/ace/prog/werewolf/game-server/node_modules/pomelo/lib/modules/monitorwatcher.js] [39m[connector-server-1] receive addServer signal: {"action":"addServer","server":{"main":"/home/ace/prog/werewolf/game-server/app.js","env":"development","id":"gate-server-1","host":"127.0.0.1","clientPort":3014,"frontend":"true","serverType":"gate"}}
[2017-05-24 11:10:23.321] [INFO] pomelo - [32m[/home/ace/prog/werewolf/game-server/node_modules/pomelo/lib/application.js] [39mapplication inited: "connector-server-1"
[2017-05-24 11:10:23.732] [INFO] pomelo - [32m[/home/ace/prog/werewolf/game-server/node_modules/pomelo/lib/application.js] [39m"connector-server-1" enter after start...
[2017-05-24 11:10:23.735] [INFO] pomelo - [32m[/home/ace/prog/werewolf/game-server/node_modules/pomelo/lib/application.js] [39m"connector-server-1" finish start
[2017-05-24 11:10:23.736] [INFO] pomelo - [32m[/home/ace/prog/werewolf/game-server/node_modules/pomelo/lib/application.js] [39m"connector-server-1" startup in 372 ms
[2017-05-24 11:10:24.711] [DEBUG] pomelo - [36m[/home/ace/prog/werewolf/game-server/node_modules/pomelo/lib/modules/monitorwatcher.js] [39m[connector-server-1] receive addServer signal: {"action":"addServer","server":{"main":"/home/ace/prog/werewolf/game-server/app.js","env":"development","id":"gate-server-1","host":"127.0.0.1","clientPort":3014,"frontend":"true","serverType":"gate"}}
[2017-05-24 11:15:40.107] [INFO] pomelo - [32m[/home/ace/prog/werewolf/game-server/node_modules/pomelo/lib/application.js] [39mapplication inited: "connector-server-1"
[2017-05-24 11:15:40.523] [INFO] pomelo - [32m[/home/ace/prog/werewolf/game-server/node_modules/pomelo/lib/application.js] [39m"connector-server-1" enter after start...
[2017-05-24 11:15:40.526] [INFO] pomelo - [32m[/home/ace/prog/werewolf/game-server/node_modules/pomelo/lib/application.js] [39m"connector-server-1" finish start
[2017-05-24 11:15:40.527] [INFO] pomelo - [32m[/home/ace/prog/werewolf/game-server/node_modules/pomelo/lib/application.js] [39m"connector-server-1" startup in 381 ms
[2017-05-24 12:11:08.644] [INFO] pomelo - [32m[/home/ace/prog/werewolf/game-server/node_modules/pomelo/lib/application.js] [39mapplication inited: "connector-server-1"
[2017-05-24 12:11:09.066] [INFO] pomelo - [32m[/home/ace/prog/werewolf/game-server/node_modules/pomelo/lib/application.js] [39m"connector-server-1" enter after start...
[2017-05-24 12:11:09.069] [INFO] pomelo - [32m[/home/ace/prog/werewolf/game-server/node_modules/pomelo/lib/application.js] [39m"connector-server-1" finish start
[2017-05-24 12:11:09.069] [INFO] pomelo - [32m[/home/ace/prog/werewolf/game-server/node_modules/pomelo/lib/application.js] [39m"connector-server-1" startup in 383 ms
[2017-05-24 17:29:22.503] [INFO] pomelo - [32m[/home/ace/prog/werewolf/game-server/node_modules/pomelo/lib/application.js] [39mapplication inited: "connector-server-1"
[2017-05-24 17:29:22.921] [INFO] pomelo - [32m[/home/ace/prog/werewolf/game-server/node_modules/pomelo/lib/application.js] [39m"connector-server-1" enter after start...
[2017-05-24 17:29:22.924] [INFO] pomelo - [32m[/home/ace/prog/werewolf/game-server/node_modules/pomelo/lib/application.js] [39m"connector-server-1" finish start
[2017-05-24 17:29:22.926] [INFO] pomelo - [32m[/home/ace/prog/werewolf/game-server/node_modules/pomelo/lib/application.js] [39m"connector-server-1" startup in 369 ms
[2017-05-24 17:46:43.790] [INFO] pomelo - [32m[/home/ace/prog/werewolf/game-server/node_modules/pomelo/lib/application.js] [39mapplication inited: "connector-server-1"
[2017-05-24 17:46:44.209] [INFO] pomelo - [32m[/home/ace/prog/werewolf/game-server/node_modules/pomelo/lib/application.js] [39m"connector-server-1" enter after start...
[2017-05-24 17:46:44.212] [INFO] pomelo - [32m[/home/ace/prog/werewolf/game-server/node_modules/pomelo/lib/application.js] [39m"connector-server-1" finish start
[2017-05-24 17:46:44.212] [INFO] pomelo - [32m[/home/ace/prog/werewolf/game-server/node_modules/pomelo/lib/application.js] [39m"connector-server-1" startup in 368 ms
[2017-05-26 09:42:06.733] [INFO] pomelo - [32m[/home/ace/prog/werewolf/game-server/node_modules/pomelo/lib/application.js] [39mapplication inited: "connector-server-1"
[2017-05-26 09:42:07.160] [INFO] pomelo - [32m[/home/ace/prog/werewolf/game-server/node_modules/pomelo/lib/application.js] [39m"connector-server-1" enter after start...
[2017-05-26 09:42:07.163] [INFO] pomelo - [32m[/home/ace/prog/werewolf/game-server/node_modules/pomelo/lib/application.js] [39m"connector-server-1" finish start
[2017-05-26 09:42:07.164] [INFO] pomelo - [32m[/home/ace/prog/werewolf/game-server/node_modules/pomelo/lib/application.js] [39m"connector-server-1" startup in 368 ms
[2017-05-26 09:55:17.941] [INFO] pomelo - [32m[/home/ace/prog/werewolf/game-server/node_modules/pomelo/lib/application.js] [39mapplication inited: "connector-server-1"
[2017-05-26 09:55:18.383] [INFO] pomelo - [32m[/home/ace/prog/werewolf/game-server/node_modules/pomelo/lib/application.js] [39m"connector-server-1" enter after start...
[2017-05-26 09:55:18.386] [INFO] pomelo - [32m[/home/ace/prog/werewolf/game-server/node_modules/pomelo/lib/application.js] [39m"connector-server-1" finish start
[2017-05-26 09:55:18.386] [INFO] pomelo - [32m[/home/ace/prog/werewolf/game-server/node_modules/pomelo/lib/application.js] [39m"connector-server-1" startup in 376 ms
[2017-05-26 09:57:44.495] [INFO] pomelo - [32m[/home/ace/prog/werewolf/game-server/node_modules/pomelo/lib/application.js] [39mapplication inited: "connector-server-1"
[2017-05-26 09:57:44.953] [INFO] pomelo - [32m[/home/ace/prog/werewolf/game-server/node_modules/pomelo/lib/application.js] [39m"connector-server-1" enter after start...
[2017-05-26 09:57:44.956] [INFO] pomelo - [32m[/home/ace/prog/werewolf/game-server/node_modules/pomelo/lib/application.js] [39m"connector-server-1" finish start
[2017-05-26 09:57:44.956] [INFO] pomelo - [32m[/home/ace/prog/werewolf/game-server/node_modules/pomelo/lib/application.js] [39m"connector-server-1" startup in 399 ms
[2017-05-26 09:57:45.961] [DEBUG] pomelo - [36m[/home/ace/prog/werewolf/game-server/node_modules/pomelo/lib/modules/monitorwatcher.js] [39m[connector-server-1] receive addServer signal: {"action":"addServer","server":{"main":"/home/ace/prog/werewolf/game-server/app.js","env":"development","id":"chat-server-1","host":"12.12.0.151","port":3450,"serverType":"chat"}}
[2017-05-26 10:00:54.651] [INFO] pomelo - [32m[/home/ace/prog/werewolf/game-server/node_modules/pomelo/lib/application.js] [39mapplication inited: "connector-server-1"
[2017-05-26 10:00:55.102] [INFO] pomelo - [32m[/home/ace/prog/werewolf/game-server/node_modules/pomelo/lib/application.js] [39m"connector-server-1" enter after start...
[2017-05-26 10:00:55.105] [INFO] pomelo - [32m[/home/ace/prog/werewolf/game-server/node_modules/pomelo/lib/application.js] [39m"connector-server-1" finish start
[2017-05-26 10:00:55.105] [INFO] pomelo - [32m[/home/ace/prog/werewolf/game-server/node_modules/pomelo/lib/application.js] [39m"connector-server-1" startup in 395 ms
[2017-05-26 10:18:00.298] [INFO] pomelo - [32m[/home/ace/prog/werewolf/game-server/node_modules/pomelo/lib/application.js] [39mapplication inited: "connector-server-1"
[2017-05-26 10:18:00.780] [INFO] pomelo - [32m[/home/ace/prog/werewolf/game-server/node_modules/pomelo/lib/application.js] [39m"connector-server-1" enter after start...
[2017-05-26 10:18:00.787] [INFO] pomelo - [32m[/home/ace/prog/werewolf/game-server/node_modules/pomelo/lib/application.js] [39m"connector-server-1" finish start
[2017-05-26 10:18:00.787] [INFO] pomelo - [32m[/home/ace/prog/werewolf/game-server/node_modules/pomelo/lib/application.js] [39m"connector-server-1" startup in 428 ms
[2017-05-26 10:18:00.829] [DEBUG] pomelo - [36m[/home/ace/prog/werewolf/game-server/node_modules/pomelo/lib/modules/monitorwatcher.js] [39m[connector-server-1] receive addServer signal: {"action":"addServer","server":{"main":"/home/ace/prog/werewolf/game-server/app.js","env":"development","id":"auth-server-1","host":"127.0.0.1","port":3650,"serverType":"auth","pid":8245}}
[2017-05-26 10:18:00.832] [DEBUG] pomelo - [36m[/home/ace/prog/werewolf/game-server/node_modules/pomelo/lib/modules/monitorwatcher.js] [39m[connector-server-1] receive addServer signal: {"action":"addServer","server":{"main":"/home/ace/prog/werewolf/game-server/app.js","env":"development","id":"gate-server-1","host":"127.0.0.1","clientPort":3014,"frontend":"true","serverType":"gate","pid":8238}}
[2017-05-26 10:20:24.670] [DEBUG] pomelo - [36m[/home/ace/prog/werewolf/game-server/node_modules/pomelo/lib/components/connector.js] [39m[connector-server-1] getSession session is created with session id: 1
[2017-05-26 10:20:24.685] [DEBUG] pomelo - [36m[/home/ace/prog/werewolf/game-server/node_modules/pomelo/lib/components/connector.js] [39m[connector-server-1] handleMessage session id: 1, msg: {"id":2,"type":0,"compressRoute":0,"route":"connector.entryHandler.entry","body":{"token":"2d9ea57616f883936e65e91d284c186d"},"compressGzip":0}
[2017-05-26 10:21:16.164] [DEBUG] pomelo - [36m[/home/ace/prog/werewolf/game-server/node_modules/pomelo/lib/modules/monitorwatcher.js] [39mconnector-server-1 receive removeServer signal: {"action":"removeServer","id":"auth-server-1"}
[2017-05-26 10:30:57.817] [INFO] pomelo - [32m[/home/ace/prog/werewolf/game-server/node_modules/pomelo/lib/application.js] [39mapplication inited: "connector-server-1"
[2017-05-26 10:30:58.293] [INFO] pomelo - [32m[/home/ace/prog/werewolf/game-server/node_modules/pomelo/lib/application.js] [39m"connector-server-1" enter after start...
[2017-05-26 10:30:58.296] [DEBUG] pomelo - [36m[/home/ace/prog/werewolf/game-server/node_modules/pomelo/lib/modules/monitorwatcher.js] [39m[connector-server-1] receive addServer signal: {"action":"addServer","server":{"main":"/home/ace/prog/werewolf/game-server/app.js","env":"development","id":"auth-server-1","host":"127.0.0.1","port":3650,"serverType":"auth","pid":9020}}
[2017-05-26 10:30:58.301] [INFO] pomelo - [32m[/home/ace/prog/werewolf/game-server/node_modules/pomelo/lib/application.js] [39m"connector-server-1" finish start
[2017-05-26 10:30:58.301] [INFO] pomelo - [32m[/home/ace/prog/werewolf/game-server/node_modules/pomelo/lib/application.js] [39m"connector-server-1" startup in 417 ms
[2017-05-26 10:30:58.364] [DEBUG] pomelo - [36m[/home/ace/prog/werewolf/game-server/node_modules/pomelo/lib/modules/monitorwatcher.js] [39m[connector-server-1] receive addServer signal: {"action":"addServer","server":{"main":"/home/ace/prog/werewolf/game-server/app.js","env":"development","id":"connector-server-2","host":"127.0.0.1","port":3151,"clientHost":"12.12.0.151","clientPort":3011,"frontend":"true","serverType":"connector","pid":9007}}
[2017-05-26 10:33:48.321] [DEBUG] pomelo - [36m[/home/ace/prog/werewolf/game-server/node_modules/pomelo/lib/modules/monitorwatcher.js] [39mconnector-server-1 receive removeServer signal: {"action":"removeServer","id":"auth-server-1"}
[2017-05-26 10:39:57.007] [INFO] pomelo - [32m[/home/ace/prog/werewolf/game-server/node_modules/pomelo/lib/application.js] [39mapplication inited: "connector-server-1"
[2017-05-26 10:39:57.518] [INFO] pomelo - [32m[/home/ace/prog/werewolf/game-server/node_modules/pomelo/lib/application.js] [39m"connector-server-1" enter after start...
[2017-05-26 10:39:57.522] [INFO] pomelo - [32m[/home/ace/prog/werewolf/game-server/node_modules/pomelo/lib/application.js] [39m"connector-server-1" finish start
[2017-05-26 10:39:57.522] [INFO] pomelo - [32m[/home/ace/prog/werewolf/game-server/node_modules/pomelo/lib/application.js] [39m"connector-server-1" startup in 372 ms
[2017-05-26 10:41:17.252] [DEBUG] pomelo - [36m[/home/ace/prog/werewolf/game-server/node_modules/pomelo/lib/components/connector.js] [39m[connector-server-1] getSession session is created with session id: 1
[2017-05-26 10:41:17.267] [DEBUG] pomelo - [36m[/home/ace/prog/werewolf/game-server/node_modules/pomelo/lib/components/connector.js] [39m[connector-server-1] handleMessage session id: 1, msg: {"id":2,"type":0,"compressRoute":0,"route":"connector.entryHandler.entry","body":{"token":"2260fe6838ce663cb28711f83195753d"},"compressGzip":0}
[2017-05-26 10:45:23.361] [INFO] pomelo - [32m[/home/ace/prog/werewolf/game-server/node_modules/pomelo/lib/application.js] [39mapplication inited: "connector-server-1"
[2017-05-26 10:45:23.826] [INFO] pomelo - [32m[/home/ace/prog/werewolf/game-server/node_modules/pomelo/lib/application.js] [39m"connector-server-1" enter after start...
[2017-05-26 10:45:23.829] [INFO] pomelo - [32m[/home/ace/prog/werewolf/game-server/node_modules/pomelo/lib/application.js] [39m"connector-server-1" finish start
[2017-05-26 10:45:23.830] [INFO] pomelo - [32m[/home/ace/prog/werewolf/game-server/node_modules/pomelo/lib/application.js] [39m"connector-server-1" startup in 408 ms
[2017-05-26 10:45:23.877] [DEBUG] pomelo - [36m[/home/ace/prog/werewolf/game-server/node_modules/pomelo/lib/modules/monitorwatcher.js] [39m[connector-server-1] receive addServer signal: {"action":"addServer","server":{"main":"/home/ace/prog/werewolf/game-server/app.js","env":"development","id":"auth-server-1","host":"127.0.0.1","port":3650,"serverType":"auth","pid":10029}}
[2017-05-26 10:45:23.880] [DEBUG] pomelo - [36m[/home/ace/prog/werewolf/game-server/node_modules/pomelo/lib/modules/monitorwatcher.js] [39m[connector-server-1] receive addServer signal: {"action":"addServer","server":{"main":"/home/ace/prog/werewolf/game-server/app.js","env":"development","id":"connector-server-2","host":"127.0.0.1","port":3151,"clientHost":"12.12.0.151","clientPort":3011,"frontend":"true","serverType":"connector","pid":10016}}
[2017-05-26 10:46:49.648] [DEBUG] pomelo - [36m[/home/ace/prog/werewolf/game-server/node_modules/pomelo/lib/modules/monitorwatcher.js] [39mconnector-server-1 receive removeServer signal: {"action":"removeServer","id":"auth-server-1"}
[2017-05-26 11:18:04.450] [INFO] pomelo - [32m[/home/ace/prog/werewolf/game-server/node_modules/pomelo/lib/application.js] [39mapplication inited: "connector-server-1"
[2017-05-26 11:18:04.869] [WARN] pomelo - [33m[/home/ace/prog/werewolf/game-server/node_modules/pomelo/lib/components/proxy.js] [39menableRpcLog is deprecated in 0.8.0, please use app.rpcFilter(pomelo.rpcFilters.rpcLog())
[2017-05-26 11:18:05.078] [INFO] pomelo - [32m[/home/ace/prog/werewolf/game-server/node_modules/pomelo/lib/application.js] [39m"connector-server-1" enter after start...
[2017-05-26 11:18:05.081] [INFO] pomelo - [32m[/home/ace/prog/werewolf/game-server/node_modules/pomelo/lib/application.js] [39m"connector-server-1" finish start
[2017-05-26 11:18:05.082] [INFO] pomelo - [32m[/home/ace/prog/werewolf/game-server/node_modules/pomelo/lib/application.js] [39m"connector-server-1" startup in 476 ms
[2017-05-26 11:20:16.043] [INFO] pomelo - [32m[/home/ace/prog/werewolf/game-server/node_modules/pomelo/lib/application.js] [39mapplication inited: "connector-server-1"
[2017-05-26 11:20:16.416] [WARN] pomelo - [33m[/home/ace/prog/werewolf/game-server/node_modules/pomelo/lib/components/proxy.js] [39menableRpcLog is deprecated in 0.8.0, please use app.rpcFilter(pomelo.rpcFilters.rpcLog())
[2017-05-26 11:20:16.619] [INFO] pomelo - [32m[/home/ace/prog/werewolf/game-server/node_modules/pomelo/lib/application.js] [39m"connector-server-1" enter after start...
[2017-05-26 11:20:16.624] [INFO] pomelo - [32m[/home/ace/prog/werewolf/game-server/node_modules/pomelo/lib/application.js] [39m"connector-server-1" finish start
[2017-05-26 11:20:16.624] [INFO] pomelo - [32m[/home/ace/prog/werewolf/game-server/node_modules/pomelo/lib/application.js] [39m"connector-server-1" startup in 379 ms
[2017-05-26 11:21:04.672] [INFO] pomelo - [32m[/home/ace/prog/werewolf/game-server/node_modules/pomelo/lib/application.js] [39mapplication inited: "connector-server-1"
[2017-05-26 11:21:05.254] [INFO] pomelo - [32m[/home/ace/prog/werewolf/game-server/node_modules/pomelo/lib/application.js] [39m"connector-server-1" enter after start...
[2017-05-26 11:21:05.258] [INFO] pomelo - [32m[/home/ace/prog/werewolf/game-server/node_modules/pomelo/lib/application.js] [39m"connector-server-1" finish start
[2017-05-26 11:21:05.258] [INFO] pomelo - [32m[/home/ace/prog/werewolf/game-server/node_modules/pomelo/lib/application.js] [39m"connector-server-1" startup in 371 ms
[2017-05-26 11:22:40.018] [DEBUG] pomelo - [36m[/home/ace/prog/werewolf/game-server/node_modules/pomelo/lib/components/connector.js] [39m[connector-server-1] getSession session is created with session id: 1
[2017-05-26 11:22:40.031] [DEBUG] pomelo - [36m[/home/ace/prog/werewolf/game-server/node_modules/pomelo/lib/components/connector.js] [39m[connector-server-1] handleMessage session id: 1, msg: {"id":2,"type":0,"compressRoute":0,"route":"connector.entryHandler.entry","body":{"token":"7f2ec4d3162c290733018f6004427b52"},"compressGzip":0}
[2017-05-26 11:22:43.033] [ERROR] pomelo - [31m[/home/ace/prog/werewolf/game-server/node_modules/pomelo/lib/filters/handler/timeout.js] [39mrequest "connector.entryHandler.entry" timeout.
[2017-05-26 11:31:04.469] [INFO] pomelo - [32m[/home/ace/prog/werewolf/game-server/node_modules/pomelo/lib/application.js] [39mapplication inited: "connector-server-1"
[2017-05-26 11:31:05.009] [INFO] pomelo - [32m[/home/ace/prog/werewolf/game-server/node_modules/pomelo/lib/application.js] [39m"connector-server-1" enter after start...
[2017-05-26 11:31:05.013] [INFO] pomelo - [32m[/home/ace/prog/werewolf/game-server/node_modules/pomelo/lib/application.js] [39m"connector-server-1" finish start
[2017-05-26 11:31:05.014] [INFO] pomelo - [32m[/home/ace/prog/werewolf/game-server/node_modules/pomelo/lib/application.js] [39m"connector-server-1" startup in 401 ms
[2017-05-26 11:31:27.153] [DEBUG] pomelo - [36m[/home/ace/prog/werewolf/game-server/node_modules/pomelo/lib/components/connector.js] [39m[connector-server-1] getSession session is created with session id: 1
[2017-05-26 11:31:27.166] [DEBUG] pomelo - [36m[/home/ace/prog/werewolf/game-server/node_modules/pomelo/lib/components/connector.js] [39m[connector-server-1] handleMessage session id: 1, msg: {"id":2,"type":0,"compressRoute":0,"route":"connector.entryHandler.entry","body":{"token":"99267b74e6dd8658866c281f83d5fb24"},"compressGzip":0}
[2017-05-26 11:31:27.240] [DEBUG] pomelo - [36m[/home/ace/prog/werewolf/game-server/node_modules/pomelo/lib/components/connector.js] [39msession on [connector-server-1] bind with uid: 9
[2017-05-26 11:31:30.168] [ERROR] pomelo - [31m[/home/ace/prog/werewolf/game-server/node_modules/pomelo/lib/filters/handler/timeout.js] [39mrequest "connector.entryHandler.entry" timeout.
[2017-05-26 11:43:28.752] [INFO] pomelo - [32m[/home/ace/prog/werewolf/game-server/node_modules/pomelo/lib/application.js] [39mapplication inited: "connector-server-1"
[2017-05-26 11:43:29.273] [INFO] pomelo - [32m[/home/ace/prog/werewolf/game-server/node_modules/pomelo/lib/application.js] [39m"connector-server-1" enter after start...
[2017-05-26 11:43:29.275] [DEBUG] pomelo - [36m[/home/ace/prog/werewolf/game-server/node_modules/pomelo/lib/modules/monitorwatcher.js] [39m[connector-server-1] receive addServer signal: {"action":"addServer","server":{"main":"/home/ace/prog/werewolf/game-server/app.js","env":"development","id":"connector-server-2","host":"127.0.0.1","port":3151,"clientHost":"12.12.0.151","clientPort":3011,"frontend":"true","serverType":"connector","pid":13985}}
[2017-05-26 11:43:29.276] [DEBUG] pomelo - [36m[/home/ace/prog/werewolf/game-server/node_modules/pomelo/lib/modules/monitorwatcher.js] [39m[connector-server-1] receive addServer signal: {"action":"addServer","server":{"main":"/home/ace/prog/werewolf/game-server/app.js","env":"development","id":"chat-server-1","host":"127.0.0.1","port":3450,"serverType":"chat","pid":13997}}
[2017-05-26 11:43:29.280] [INFO] pomelo - [32m[/home/ace/prog/werewolf/game-server/node_modules/pomelo/lib/application.js] [39m"connector-server-1" finish start
[2017-05-26 11:43:29.280] [INFO] pomelo - [32m[/home/ace/prog/werewolf/game-server/node_modules/pomelo/lib/application.js] [39m"connector-server-1" startup in 410 ms
[2017-05-26 11:47:29.983] [INFO] pomelo - [32m[/home/ace/prog/werewolf/game-server/node_modules/pomelo/lib/application.js] [39mapplication inited: "connector-server-1"
[2017-05-26 11:47:30.542] [INFO] pomelo - [32m[/home/ace/prog/werewolf/game-server/node_modules/pomelo/lib/application.js] [39m"connector-server-1" enter after start...
[2017-05-26 11:47:30.547] [DEBUG] pomelo - [36m[/home/ace/prog/werewolf/game-server/node_modules/pomelo/lib/modules/monitorwatcher.js] [39m[connector-server-1] receive addServer signal: {"action":"addServer","server":{"main":"/home/ace/prog/werewolf/game-server/app.js","env":"development","id":"connector-server-2","host":"127.0.0.1","port":3151,"clientHost":"12.12.0.151","clientPort":3011,"frontend":"true","serverType":"connector","pid":14268}}
[2017-05-26 11:47:30.548] [DEBUG] pomelo - [36m[/home/ace/prog/werewolf/game-server/node_modules/pomelo/lib/modules/monitorwatcher.js] [39m[connector-server-1] receive addServer signal: {"action":"addServer","server":{"main":"/home/ace/prog/werewolf/game-server/app.js","env":"development","id":"chat-server-1","host":"127.0.0.1","port":3450,"serverType":"chat","pid":14280}}
[2017-05-26 11:47:30.552] [INFO] pomelo - [32m[/home/ace/prog/werewolf/game-server/node_modules/pomelo/lib/application.js] [39m"connector-server-1" finish start
[2017-05-26 11:47:30.552] [INFO] pomelo - [32m[/home/ace/prog/werewolf/game-server/node_modules/pomelo/lib/application.js] [39m"connector-server-1" startup in 445 ms
[2017-05-26 11:49:24.978] [INFO] pomelo - [32m[/home/ace/prog/werewolf/game-server/node_modules/pomelo/lib/application.js] [39mapplication inited: "connector-server-1"
[2017-05-26 11:49:25.617] [INFO] pomelo - [32m[/home/ace/prog/werewolf/game-server/node_modules/pomelo/lib/application.js] [39m"connector-server-1" enter after start...
[2017-05-26 11:49:25.621] [INFO] pomelo - [32m[/home/ace/prog/werewolf/game-server/node_modules/pomelo/lib/application.js] [39m"connector-server-1" finish start
[2017-05-26 11:49:25.621] [INFO] pomelo - [32m[/home/ace/prog/werewolf/game-server/node_modules/pomelo/lib/application.js] [39m"connector-server-1" startup in 422 ms
[2017-05-26 12:12:23.934] [DEBUG] pomelo - [36m[/home/ace/prog/werewolf/game-server/node_modules/pomelo/lib/components/connector.js] [39m[connector-server-1] getSession session is created with session id: 1
[2017-05-26 12:12:23.945] [DEBUG] pomelo - [36m[/home/ace/prog/werewolf/game-server/node_modules/pomelo/lib/components/connector.js] [39m[connector-server-1] handleMessage session id: 1, msg: {"id":2,"type":0,"compressRoute":0,"route":"connector.entryHandler.entry","body":{"token":"5ba8f0daa4d1f4dad89ce586900ae214"},"compressGzip":0}
[2017-05-26 12:12:24.009] [DEBUG] pomelo - [36m[/home/ace/prog/werewolf/game-server/node_modules/pomelo/lib/components/connector.js] [39msession on [connector-server-1] bind with uid: 9
[2017-05-26 12:12:26.947] [ERROR] pomelo - [31m[/home/ace/prog/werewolf/game-server/node_modules/pomelo/lib/filters/handler/timeout.js] [39mrequest "connector.entryHandler.entry" timeout.
[2017-05-26 12:13:32.512] [INFO] pomelo - [32m[/home/ace/prog/werewolf/game-server/node_modules/pomelo/lib/application.js] [39mapplication inited: "connector-server-1"
[2017-05-26 12:13:33.013] [INFO] pomelo - [32m[/home/ace/prog/werewolf/game-server/node_modules/pomelo/lib/application.js] [39m"connector-server-1" enter after start...
[2017-05-26 12:13:33.015] [DEBUG] pomelo - [36m[/home/ace/prog/werewolf/game-server/node_modules/pomelo/lib/modules/monitorwatcher.js] [39m[connector-server-1] receive addServer signal: {"action":"addServer","server":{"main":"/home/ace/prog/werewolf/game-server/app.js","env":"development","id":"chat-server-1","host":"127.0.0.1","port":3450,"serverType":"chat","pid":15339}}
[2017-05-26 12:13:33.019] [INFO] pomelo - [32m[/home/ace/prog/werewolf/game-server/node_modules/pomelo/lib/application.js] [39m"connector-server-1" finish start
[2017-05-26 12:13:33.019] [INFO] pomelo - [32m[/home/ace/prog/werewolf/game-server/node_modules/pomelo/lib/application.js] [39m"connector-server-1" startup in 401 ms
[2017-05-26 12:13:33.084] [DEBUG] pomelo - [36m[/home/ace/prog/werewolf/game-server/node_modules/pomelo/lib/modules/monitorwatcher.js] [39m[connector-server-1] receive addServer signal: {"action":"addServer","server":{"main":"/home/ace/prog/werewolf/game-server/app.js","env":"development","id":"connector-server-2","host":"127.0.0.1","port":3151,"clientHost":"12.12.0.151","clientPort":3011,"frontend":"true","serverType":"connector","pid":15331}}
[2017-05-26 13:44:20.038] [INFO] pomelo - [32m[/home/ace/prog/werewolf/game-server/node_modules/pomelo/lib/application.js] [39mapplication inited: "connector-server-1"
[2017-05-26 13:44:20.559] [INFO] pomelo - [32m[/home/ace/prog/werewolf/game-server/node_modules/pomelo/lib/application.js] [39m"connector-server-1" enter after start...
[2017-05-26 13:44:20.562] [INFO] pomelo - [32m[/home/ace/prog/werewolf/game-server/node_modules/pomelo/lib/application.js] [39m"connector-server-1" finish start
[2017-05-26 13:44:20.562] [INFO] pomelo - [32m[/home/ace/prog/werewolf/game-server/node_modules/pomelo/lib/application.js] [39m"connector-server-1" startup in 419 ms
[2017-05-26 13:44:20.638] [DEBUG] pomelo - [36m[/home/ace/prog/werewolf/game-server/node_modules/pomelo/lib/modules/monitorwatcher.js] [39m[connector-server-1] receive addServer signal: {"action":"addServer","server":{"main":"/home/ace/prog/werewolf/game-server/app.js","env":"development","id":"chat-server-1","host":"127.0.0.1","port":3450,"serverType":"chat","pid":18029}}
[2017-05-26 13:44:20.644] [DEBUG] pomelo - [36m[/home/ace/prog/werewolf/game-server/node_modules/pomelo/lib/modules/monitorwatcher.js] [39m[connector-server-1] receive addServer signal: {"action":"addServer","server":{"main":"/home/ace/prog/werewolf/game-server/app.js","env":"development","id":"auth-server-1","host":"127.0.0.1","port":3650,"serverType":"auth","pid":18030}}
[2017-05-26 13:45:07.399] [DEBUG] pomelo - [36m[/home/ace/prog/werewolf/game-server/node_modules/pomelo/lib/components/connector.js] [39m[connector-server-1] getSession session is created with session id: 1
[2017-05-26 13:45:07.413] [DEBUG] pomelo - [36m[/home/ace/prog/werewolf/game-server/node_modules/pomelo/lib/components/connector.js] [39m[connector-server-1] handleMessage session id: 1, msg: {"id":2,"type":0,"compressRoute":0,"route":"connector.entryHandler.entry","body":{"token":"804938c294bff8c61ce104334d401b7d"},"compressGzip":0}
[2017-05-26 13:45:07.493] [DEBUG] pomelo - [36m[/home/ace/prog/werewolf/game-server/node_modules/pomelo/lib/components/connector.js] [39msession on [connector-server-1] bind with uid: 9
[2017-05-26 13:45:07.547] [DEBUG] pomelo - [36m[/home/ace/prog/werewolf/game-server/node_modules/pomelo/lib/server/server.js] [39mno default error handler to resolve unknown exception. undefined
[2017-05-26 13:45:07.548] [DEBUG] pomelo - [36m[/home/ace/prog/werewolf/game-server/node_modules/pomelo/lib/components/connector.js] [39m[connector-server-1] send message reqId: 2, route: connector.entryHandler.entry, msg: {"code":500}, receivers: [1], opts: {"type":"response","userOptions":{},"isResponse":true}
[2017-05-26 13:45:12.706] [DEBUG] pomelo - [36m[/home/ace/prog/werewolf/game-server/node_modules/pomelo/lib/common/service/sessionService.js] [39msession on [connector-server-1] is closed with session id: 1
[2017-05-26 14:10:37.851] [INFO] pomelo - [32m[/home/ace/prog/werewolf/game-server/node_modules/pomelo/lib/application.js] [39mapplication inited: "connector-server-1"
[2017-05-26 14:10:38.385] [INFO] pomelo - [32m[/home/ace/prog/werewolf/game-server/node_modules/pomelo/lib/application.js] [39m"connector-server-1" enter after start...
[2017-05-26 14:10:38.389] [INFO] pomelo - [32m[/home/ace/prog/werewolf/game-server/node_modules/pomelo/lib/application.js] [39m"connector-server-1" finish start
[2017-05-26 14:10:38.389] [INFO] pomelo - [32m[/home/ace/prog/werewolf/game-server/node_modules/pomelo/lib/application.js] [39m"connector-server-1" startup in 397 ms
[2017-05-26 14:11:25.370] [DEBUG] pomelo - [36m[/home/ace/prog/werewolf/game-server/node_modules/pomelo/lib/components/connector.js] [39m[connector-server-1] getSession session is created with session id: 1
[2017-05-26 14:11:25.389] [DEBUG] pomelo - [36m[/home/ace/prog/werewolf/game-server/node_modules/pomelo/lib/components/connector.js] [39m[connector-server-1] handleMessage session id: 1, msg: {"id":2,"type":0,"compressRoute":0,"route":"connector.entryHandler.entry","body":{"token":"93af0065b36a19681661c7799a349b97"},"compressGzip":0}
[2017-05-26 14:11:25.480] [DEBUG] pomelo - [36m[/home/ace/prog/werewolf/game-server/node_modules/pomelo/lib/components/connector.js] [39msession on [connector-server-1] bind with uid: 9
[2017-05-26 14:11:25.522] [DEBUG] pomelo - [36m[/home/ace/prog/werewolf/game-server/node_modules/pomelo/lib/server/server.js] [39mno default error handler to resolve unknown exception. undefined
[2017-05-26 14:11:25.523] [DEBUG] pomelo - [36m[/home/ace/prog/werewolf/game-server/node_modules/pomelo/lib/components/connector.js] [39m[connector-server-1] send message reqId: 2, route: connector.entryHandler.entry, msg: {"code":500}, receivers: [1], opts: {"type":"response","userOptions":{},"isResponse":true}
[2017-05-26 14:11:31.388] [INFO] pomelo - [32m[/home/ace/prog/werewolf/game-server/node_modules/pomelo/lib/connectors/commands/heartbeat.js] [39mclient 1 heartbeat timeout.
[2017-05-26 14:11:31.389] [DEBUG] pomelo - [36m[/home/ace/prog/werewolf/game-server/node_modules/pomelo/lib/common/service/sessionService.js] [39msession on [connector-server-1] is closed with session id: 1
[2017-05-26 14:56:43.877] [INFO] pomelo - [32m[/home/ace/prog/werewolf/game-server/node_modules/pomelo/lib/application.js] [39mapplication inited: "connector-server-1"
[2017-05-26 14:56:44.367] [INFO] pomelo - [32m[/home/ace/prog/werewolf/game-server/node_modules/pomelo/lib/application.js] [39m"connector-server-1" enter after start...
[2017-05-26 14:56:44.371] [INFO] pomelo - [32m[/home/ace/prog/werewolf/game-server/node_modules/pomelo/lib/application.js] [39m"connector-server-1" finish start
[2017-05-26 14:56:44.371] [INFO] pomelo - [32m[/home/ace/prog/werewolf/game-server/node_modules/pomelo/lib/application.js] [39m"connector-server-1" startup in 388 ms
[2017-05-26 14:56:44.432] [DEBUG] pomelo - [36m[/home/ace/prog/werewolf/game-server/node_modules/pomelo/lib/modules/monitorwatcher.js] [39m[connector-server-1] receive addServer signal: {"action":"addServer","server":{"main":"/home/ace/prog/werewolf/game-server/app.js","env":"development","id":"auth-server-1","host":"127.0.0.1","port":3650,"serverType":"auth","pid":20817}}
[2017-05-26 14:56:44.435] [DEBUG] pomelo - [36m[/home/ace/prog/werewolf/game-server/node_modules/pomelo/lib/modules/monitorwatcher.js] [39m[connector-server-1] receive addServer signal: {"action":"addServer","server":{"main":"/home/ace/prog/werewolf/game-server/app.js","env":"development","id":"chat-server-1","host":"127.0.0.1","port":3450,"serverType":"chat","pid":20814}}
[2017-05-26 15:03:05.476] [INFO] pomelo - [32m[/home/ace/prog/werewolf/game-server/node_modules/pomelo/lib/application.js] [39mapplication inited: "connector-server-1"
[2017-05-26 15:03:06.046] [INFO] pomelo - [32m[/home/ace/prog/werewolf/game-server/node_modules/pomelo/lib/application.js] [39m"connector-server-1" enter after start...
[2017-05-26 15:03:06.047] [DEBUG] pomelo - [36m[/home/ace/prog/werewolf/game-server/node_modules/pomelo/lib/modules/monitorwatcher.js] [39m[connector-server-1] receive addServer signal: {"action":"addServer","server":{"main":"/home/ace/prog/werewolf/game-server/app.js","env":"development","id":"auth-server-1","host":"127.0.0.1","port":3650,"serverType":"auth","pid":21210}}
[2017-05-26 15:03:06.052] [INFO] pomelo - [32m[/home/ace/prog/werewolf/game-server/node_modules/pomelo/lib/application.js] [39m"connector-server-1" finish start
[2017-05-26 15:03:06.052] [INFO] pomelo - [32m[/home/ace/prog/werewolf/game-server/node_modules/pomelo/lib/application.js] [39m"connector-server-1" startup in 463 ms
[2017-05-26 15:04:20.623] [DEBUG] pomelo - [36m[/home/ace/prog/werewolf/game-server/node_modules/pomelo/lib/components/connector.js] [39m[connector-server-1] getSession session is created with session id: 1
[2017-05-26 15:04:20.635] [DEBUG] pomelo - [36m[/home/ace/prog/werewolf/game-server/node_modules/pomelo/lib/components/connector.js] [39m[connector-server-1] handleMessage session id: 1, msg: {"id":2,"type":0,"compressRoute":0,"route":"connector.entryHandler.entry","body":{"token":"929fd26144e1b24a05b3fec00d31fbb0"},"compressGzip":0}
[2017-05-26 15:04:20.702] [DEBUG] pomelo - [36m[/home/ace/prog/werewolf/game-server/node_modules/pomelo/lib/components/connector.js] [39msession on [connector-server-1] bind with uid: 9
[2017-05-26 15:04:20.753] [DEBUG] pomelo - [36m[/home/ace/prog/werewolf/game-server/node_modules/pomelo/lib/server/server.js] [39mno default error handler to resolve unknown exception. undefined
[2017-05-26 15:04:20.754] [DEBUG] pomelo - [36m[/home/ace/prog/werewolf/game-server/node_modules/pomelo/lib/components/connector.js] [39m[connector-server-1] send message reqId: 2, route: connector.entryHandler.entry, msg: {"code":500}, receivers: [1], opts: {"type":"response","userOptions":{},"isResponse":true}
[2017-05-26 15:04:22.424] [DEBUG] pomelo - [36m[/home/ace/prog/werewolf/game-server/node_modules/pomelo/lib/common/service/sessionService.js] [39msession on [connector-server-1] is closed with session id: 1
[2017-05-26 15:14:09.553] [INFO] pomelo - [32m[/home/ace/prog/werewolf/game-server/node_modules/pomelo/lib/application.js] [39mapplication inited: "connector-server-1"
[2017-05-26 15:14:10.138] [INFO] pomelo - [32m[/home/ace/prog/werewolf/game-server/node_modules/pomelo/lib/application.js] [39m"connector-server-1" enter after start...
[2017-05-26 15:14:10.141] [INFO] pomelo - [32m[/home/ace/prog/werewolf/game-server/node_modules/pomelo/lib/application.js] [39m"connector-server-1" finish start
[2017-05-26 15:14:10.141] [INFO] pomelo - [32m[/home/ace/prog/werewolf/game-server/node_modules/pomelo/lib/application.js] [39m"connector-server-1" startup in 373 ms
[2017-05-26 15:14:33.617] [DEBUG] pomelo - [36m[/home/ace/prog/werewolf/game-server/node_modules/pomelo/lib/components/connector.js] [39m[connector-server-1] getSession session is created with session id: 1
[2017-05-26 15:14:33.630] [DEBUG] pomelo - [36m[/home/ace/prog/werewolf/game-server/node_modules/pomelo/lib/components/connector.js] [39m[connector-server-1] handleMessage session id: 1, msg: {"id":2,"type":0,"compressRoute":0,"route":"connector.entryHandler.entry","body":{"token":"93ed3ae5b5f6f0f475d7d20b4a333ff5"},"compressGzip":0}
[2017-05-26 15:14:33.712] [DEBUG] pomelo - [36m[/home/ace/prog/werewolf/game-server/node_modules/pomelo/lib/components/connector.js] [39msession on [connector-server-1] bind with uid: 9
[2017-05-26 15:14:33.776] [DEBUG] pomelo - [36m[/home/ace/prog/werewolf/game-server/node_modules/pomelo/lib/server/server.js] [39mno default error handler to resolve unknown exception. undefined
[2017-05-26 15:14:33.778] [DEBUG] pomelo - [36m[/home/ace/prog/werewolf/game-server/node_modules/pomelo/lib/components/connector.js] [39m[connector-server-1] send message reqId: 2, route: connector.entryHandler.entry, msg: {"code":500}, receivers: [1], opts: {"type":"response","userOptions":{},"isResponse":true}
[2017-05-26 15:14:35.179] [DEBUG] pomelo - [36m[/home/ace/prog/werewolf/game-server/node_modules/pomelo/lib/common/service/sessionService.js] [39msession on [connector-server-1] is closed with session id: 1
[2017-05-26 15:30:21.965] [INFO] pomelo - [32m[/home/ace/prog/werewolf/game-server/node_modules/pomelo/lib/application.js] [39mapplication inited: "connector-server-1"
[2017-05-26 15:30:22.511] [INFO] pomelo - [32m[/home/ace/prog/werewolf/game-server/node_modules/pomelo/lib/application.js] [39m"connector-server-1" enter after start...
[2017-05-26 15:30:22.514] [INFO] pomelo - [32m[/home/ace/prog/werewolf/game-server/node_modules/pomelo/lib/application.js] [39m"connector-server-1" finish start
[2017-05-26 15:30:22.515] [INFO] pomelo - [32m[/home/ace/prog/werewolf/game-server/node_modules/pomelo/lib/application.js] [39m"connector-server-1" startup in 370 ms
[2017-05-26 15:30:40.077] [DEBUG] pomelo - [36m[/home/ace/prog/werewolf/game-server/node_modules/pomelo/lib/components/connector.js] [39m[connector-server-1] getSession session is created with session id: 1
[2017-05-26 15:30:40.087] [DEBUG] pomelo - [36m[/home/ace/prog/werewolf/game-server/node_modules/pomelo/lib/components/connector.js] [39m[connector-server-1] handleMessage session id: 1, msg: {"id":4,"type":0,"compressRoute":0,"route":"connector.entryHandler.entry","body":{"token":"93ed3ae5b5f6f0f475d7d20b4a333ff5"},"compressGzip":0}
[2017-05-26 15:30:40.153] [DEBUG] pomelo - [36m[/home/ace/prog/werewolf/game-server/node_modules/pomelo/lib/components/connector.js] [39msession on [connector-server-1] bind with uid: 9
[2017-05-26 15:30:43.087] [ERROR] pomelo - [31m[/home/ace/prog/werewolf/game-server/node_modules/pomelo/lib/filters/handler/timeout.js] [39mrequest "connector.entryHandler.entry" timeout.
[2017-05-26 15:32:26.417] [INFO] pomelo - [32m[/home/ace/prog/werewolf/game-server/node_modules/pomelo/lib/application.js] [39mapplication inited: "connector-server-1"
[2017-05-26 15:32:26.998] [INFO] pomelo - [32m[/home/ace/prog/werewolf/game-server/node_modules/pomelo/lib/application.js] [39m"connector-server-1" enter after start...
[2017-05-26 15:32:27.003] [INFO] pomelo - [32m[/home/ace/prog/werewolf/game-server/node_modules/pomelo/lib/application.js] [39m"connector-server-1" finish start
[2017-05-26 15:32:27.003] [INFO] pomelo - [32m[/home/ace/prog/werewolf/game-server/node_modules/pomelo/lib/application.js] [39m"connector-server-1" startup in 380 ms
[2017-05-26 15:33:02.001] [DEBUG] pomelo - [36m[/home/ace/prog/werewolf/game-server/node_modules/pomelo/lib/components/connector.js] [39m[connector-server-1] getSession session is created with session id: 1
[2017-05-26 15:33:02.020] [DEBUG] pomelo - [36m[/home/ace/prog/werewolf/game-server/node_modules/pomelo/lib/components/connector.js] [39m[connector-server-1] handleMessage session id: 1, msg: {"id":2,"type":0,"compressRoute":0,"route":"connector.entryHandler.entry","body":{"token":"57fd44223648efd346487e75d79f83a2"},"compressGzip":0}
[2017-05-26 15:33:02.098] [DEBUG] pomelo - [36m[/home/ace/prog/werewolf/game-server/node_modules/pomelo/lib/components/connector.js] [39msession on [connector-server-1] bind with uid: 9
[2017-05-26 15:33:02.153] [DEBUG] pomelo - [36m[/home/ace/prog/werewolf/game-server/node_modules/pomelo/lib/components/connector.js] [39m[connector-server-1] send message reqId: 2, route: connector.entryHandler.entry, msg: {"code":500}, receivers: [1], opts: {"type":"response","userOptions":{},"isResponse":true}
[2017-05-26 15:33:04.949] [DEBUG] pomelo - [36m[/home/ace/prog/werewolf/game-server/node_modules/pomelo/lib/common/service/sessionService.js] [39msession on [connector-server-1] is closed with session id: 1
[2017-05-26 15:36:03.622] [INFO] pomelo - [32m[/home/ace/prog/werewolf/game-server/node_modules/pomelo/lib/application.js] [39mapplication inited: "connector-server-1"
[2017-05-26 15:36:04.129] [INFO] pomelo - [32m[/home/ace/prog/werewolf/game-server/node_modules/pomelo/lib/application.js] [39m"connector-server-1" enter after start...
[2017-05-26 15:36:04.132] [INFO] pomelo - [32m[/home/ace/prog/werewolf/game-server/node_modules/pomelo/lib/application.js] [39m"connector-server-1" finish start
[2017-05-26 15:36:04.132] [INFO] pomelo - [32m[/home/ace/prog/werewolf/game-server/node_modules/pomelo/lib/application.js] [39m"connector-server-1" startup in 392 ms
[2017-05-26 15:36:04.180] [DEBUG] pomelo - [36m[/home/ace/prog/werewolf/game-server/node_modules/pomelo/lib/modules/monitorwatcher.js] [39m[connector-server-1] receive addServer signal: {"action":"addServer","server":{"main":"/home/ace/prog/werewolf/game-server/app.js","env":"development","id":"chat-server-1","host":"127.0.0.1","port":3450,"serverType":"chat","pid":23171}}
[2017-05-26 15:36:04.232] [DEBUG] pomelo - [36m[/home/ace/prog/werewolf/game-server/node_modules/pomelo/lib/modules/monitorwatcher.js] [39m[connector-server-1] receive addServer signal: {"action":"addServer","server":{"main":"/home/ace/prog/werewolf/game-server/app.js","env":"development","id":"connector-server-2","host":"127.0.0.1","port":3151,"clientHost":"12.12.0.151","clientPort":3011,"frontend":"true","serverType":"connector","pid":23164}}
[2017-05-26 15:38:41.742] [INFO] pomelo - [32m[/home/ace/prog/werewolf/game-server/node_modules/pomelo/lib/application.js] [39mapplication inited: "connector-server-1"
[2017-05-26 15:38:42.229] [INFO] pomelo - [32m[/home/ace/prog/werewolf/game-server/node_modules/pomelo/lib/application.js] [39m"connector-server-1" enter after start...
[2017-05-26 15:38:42.231] [DEBUG] pomelo - [36m[/home/ace/prog/werewolf/game-server/node_modules/pomelo/lib/modules/monitorwatcher.js] [39m[connector-server-1] receive addServer signal: {"action":"addServer","server":{"main":"/home/ace/prog/werewolf/game-server/app.js","env":"development","id":"auth-server-1","host":"127.0.0.1","port":3650,"serverType":"auth","pid":23420}}
[2017-05-26 15:38:42.233] [DEBUG] pomelo - [36m[/home/ace/prog/werewolf/game-server/node_modules/pomelo/lib/modules/monitorwatcher.js] [39m[connector-server-1] receive addServer signal: {"action":"addServer","server":{"main":"/home/ace/prog/werewolf/game-server/app.js","env":"development","id":"gate-server-1","host":"127.0.0.1","clientPort":3014,"frontend":"true","serverType":"gate","pid":23411}}
[2017-05-26 15:38:42.234] [DEBUG] pomelo - [36m[/home/ace/prog/werewolf/game-server/node_modules/pomelo/lib/modules/monitorwatcher.js] [39m[connector-server-1] receive addServer signal: {"action":"addServer","server":{"main":"/home/ace/prog/werewolf/game-server/app.js","env":"development","id":"connector-server-2","host":"127.0.0.1","port":3151,"clientHost":"12.12.0.151","clientPort":3011,"frontend":"true","serverType":"connector","pid":23407}}
[2017-05-26 15:38:42.237] [INFO] pomelo - [32m[/home/ace/prog/werewolf/game-server/node_modules/pomelo/lib/application.js] [39m"connector-server-1" finish start
[2017-05-26 15:38:42.238] [INFO] pomelo - [32m[/home/ace/prog/werewolf/game-server/node_modules/pomelo/lib/application.js] [39m"connector-server-1" startup in 390 ms
[2017-05-26 15:38:42.300] [DEBUG] pomelo - [36m[/home/ace/prog/werewolf/game-server/node_modules/pomelo/lib/modules/monitorwatcher.js] [39m[connector-server-1] receive addServer signal: {"action":"addServer","server":{"main":"/home/ace/prog/werewolf/game-server/app.js","env":"development","id":"chat-server-1","host":"127.0.0.1","port":3450,"serverType":"chat","pid":23414}}
[2017-05-26 15:40:01.970] [INFO] pomelo - [32m[/home/ace/prog/werewolf/game-server/node_modules/pomelo/lib/application.js] [39mapplication inited: "connector-server-1"
[2017-05-26 15:40:02.546] [INFO] pomelo - [32m[/home/ace/prog/werewolf/game-server/node_modules/pomelo/lib/application.js] [39m"connector-server-1" enter after start...
[2017-05-26 15:40:02.549] [INFO] pomelo - [32m[/home/ace/prog/werewolf/game-server/node_modules/pomelo/lib/application.js] [39m"connector-server-1" finish start
[2017-05-26 15:40:02.550] [INFO] pomelo - [32m[/home/ace/prog/werewolf/game-server/node_modules/pomelo/lib/application.js] [39m"connector-server-1" startup in 376 ms
[2017-05-26 15:40:21.396] [DEBUG] pomelo - [36m[/home/ace/prog/werewolf/game-server/node_modules/pomelo/lib/components/connector.js] [39m[connector-server-1] getSession session is created with session id: 1
[2017-05-26 15:40:21.410] [DEBUG] pomelo - [36m[/home/ace/prog/werewolf/game-server/node_modules/pomelo/lib/components/connector.js] [39m[connector-server-1] handleMessage session id: 1, msg: {"id":2,"type":0,"compressRoute":0,"route":"connector.entryHandler.entry","body":{"token":"cdb4febe016d83517b5019bb3ceac996"},"compressGzip":0}
[2017-05-26 15:40:21.481] [DEBUG] pomelo - [36m[/home/ace/prog/werewolf/game-server/node_modules/pomelo/lib/components/connector.js] [39msession on [connector-server-1] bind with uid: 9
[2017-05-26 15:40:21.544] [DEBUG] pomelo - [36m[/home/ace/prog/werewolf/game-server/node_modules/pomelo/lib/components/connector.js] [39m[connector-server-1] send message reqId: 2, route: connector.entryHandler.entry, msg: {"code":500}, receivers: [1], opts: {"type":"response","userOptions":{},"isResponse":true}
[2017-05-26 15:40:23.601] [DEBUG] pomelo - [36m[/home/ace/prog/werewolf/game-server/node_modules/pomelo/lib/common/service/sessionService.js] [39msession on [connector-server-1] is closed with session id: 1
[2017-05-26 15:40:59.317] [INFO] pomelo - [32m[/home/ace/prog/werewolf/game-server/node_modules/pomelo/lib/application.js] [39mapplication inited: "connector-server-1"
[2017-05-26 15:40:59.874] [INFO] pomelo - [32m[/home/ace/prog/werewolf/game-server/node_modules/pomelo/lib/application.js] [39m"connector-server-1" enter after start...
[2017-05-26 15:40:59.875] [DEBUG] pomelo - [36m[/home/ace/prog/werewolf/game-server/node_modules/pomelo/lib/modules/monitorwatcher.js] [39m[connector-server-1] receive addServer signal: {"action":"addServer","server":{"main":"/home/ace/prog/werewolf/game-server/app.js","env":"development","id":"connector-server-2","host":"127.0.0.1","port":3151,"clientHost":"12.12.0.151","clientPort":3011,"frontend":"true","serverType":"connector","pid":23844}}
[2017-05-26 15:40:59.879] [INFO] pomelo - [32m[/home/ace/prog/werewolf/game-server/node_modules/pomelo/lib/application.js] [39m"connector-server-1" finish start
[2017-05-26 15:40:59.879] [INFO] pomelo - [32m[/home/ace/prog/werewolf/game-server/node_modules/pomelo/lib/application.js] [39m"connector-server-1" startup in 449 ms
[2017-05-26 15:56:06.839] [DEBUG] pomelo - [36m[/home/ace/prog/werewolf/game-server/node_modules/pomelo/lib/components/connector.js] [39m[connector-server-1] getSession session is created with session id: 1
[2017-05-26 15:56:06.850] [DEBUG] pomelo - [36m[/home/ace/prog/werewolf/game-server/node_modules/pomelo/lib/components/connector.js] [39m[connector-server-1] handleMessage session id: 1, msg: {"id":1,"type":0,"compressRoute":0,"route":"connector.entryHandler.entry","body":"hello pomelo","compressGzip":0}
[2017-05-26 15:56:06.856] [DEBUG] pomelo - [36m[/home/ace/prog/werewolf/game-server/node_modules/pomelo/lib/server/server.js] [39mno default error handler to resolve unknown exception. Error: invalid entry request: empty token
    at Handler.entry (/home/ace/prog/werewolf/game-server/app/servers/connector/handler/entryHandler.js:29:8)
    at Service.handle (/home/ace/prog/werewolf/game-server/node_modules/pomelo/lib/common/service/handlerService.js:59:20)
    at handle (/home/ace/prog/werewolf/game-server/node_modules/pomelo/lib/server/server.js:375:25)
    at next (/home/ace/prog/werewolf/game-server/node_modules/pomelo/lib/common/service/filterService.js:50:7)
    at Filter.before (/home/ace/prog/werewolf/game-server/node_modules/pomelo/lib/filters/handler/timeout.js:34:3)
    at next (/home/ace/prog/werewolf/game-server/node_modules/pomelo/lib/common/service/filterService.js:58:15)
    at Filter.before (/home/ace/prog/werewolf/game-server/node_modules/pomelo/lib/filters/handler/time.js:17:3)
    at next (/home/ace/prog/werewolf/game-server/node_modules/pomelo/lib/common/service/filterService.js:58:15)
    at Filter.before (/home/ace/prog/werewolf/game-server/node_modules/pomelo/lib/filters/handler/toobusy.js:31:5)
    at next (/home/ace/prog/werewolf/game-server/node_modules/pomelo/lib/common/service/filterService.js:58:15)
[2017-05-26 15:56:06.858] [DEBUG] pomelo - [36m[/home/ace/prog/werewolf/game-server/node_modules/pomelo/lib/components/connector.js] [39m[connector-server-1] send message reqId: 1, route: connector.entryHandler.entry, msg: {"code":500}, receivers: [1], opts: {"type":"response","userOptions":{},"isResponse":true}
[2017-05-26 15:56:10.485] [DEBUG] pomelo - [36m[/home/ace/prog/werewolf/game-server/node_modules/pomelo/lib/components/connector.js] [39m[connector-server-1] getSession session is created with session id: 2
[2017-05-26 15:56:10.489] [DEBUG] pomelo - [36m[/home/ace/prog/werewolf/game-server/node_modules/pomelo/lib/components/connector.js] [39m[connector-server-1] handleMessage session id: 2, msg: {"id":2,"type":0,"compressRoute":0,"route":"connector.entryHandler.entry","body":"hello pomelo","compressGzip":0}
[2017-05-26 15:56:10.490] [DEBUG] pomelo - [36m[/home/ace/prog/werewolf/game-server/node_modules/pomelo/lib/server/server.js] [39mno default error handler to resolve unknown exception. Error: invalid entry request: empty token
    at Handler.entry (/home/ace/prog/werewolf/game-server/app/servers/connector/handler/entryHandler.js:29:8)
    at Service.handle (/home/ace/prog/werewolf/game-server/node_modules/pomelo/lib/common/service/handlerService.js:59:20)
    at handle (/home/ace/prog/werewolf/game-server/node_modules/pomelo/lib/server/server.js:375:25)
    at next (/home/ace/prog/werewolf/game-server/node_modules/pomelo/lib/common/service/filterService.js:50:7)
    at Filter.before (/home/ace/prog/werewolf/game-server/node_modules/pomelo/lib/filters/handler/timeout.js:34:3)
    at next (/home/ace/prog/werewolf/game-server/node_modules/pomelo/lib/common/service/filterService.js:58:15)
    at Filter.before (/home/ace/prog/werewolf/game-server/node_modules/pomelo/lib/filters/handler/time.js:17:3)
    at next (/home/ace/prog/werewolf/game-server/node_modules/pomelo/lib/common/service/filterService.js:58:15)
    at Filter.before (/home/ace/prog/werewolf/game-server/node_modules/pomelo/lib/filters/handler/toobusy.js:31:5)
    at next (/home/ace/prog/werewolf/game-server/node_modules/pomelo/lib/common/service/filterService.js:58:15)
[2017-05-26 15:56:10.490] [DEBUG] pomelo - [36m[/home/ace/prog/werewolf/game-server/node_modules/pomelo/lib/components/connector.js] [39m[connector-server-1] send message reqId: 2, route: connector.entryHandler.entry, msg: {"code":500}, receivers: [2], opts: {"type":"response","userOptions":{},"isResponse":true}
[2017-05-26 15:56:15.851] [INFO] pomelo - [32m[/home/ace/prog/werewolf/game-server/node_modules/pomelo/lib/connectors/commands/heartbeat.js] [39mclient 1 heartbeat timeout.
[2017-05-26 15:56:15.852] [DEBUG] pomelo - [36m[/home/ace/prog/werewolf/game-server/node_modules/pomelo/lib/common/service/sessionService.js] [39msession on [connector-server-1] is closed with session id: 1
[2017-05-26 15:56:16.922] [DEBUG] pomelo - [36m[/home/ace/prog/werewolf/game-server/node_modules/pomelo/lib/common/service/sessionService.js] [39msession on [connector-server-1] is closed with session id: 2
[2017-05-26 17:45:58.955] [DEBUG] pomelo - [36m[/home/ace/prog/werewolf/game-server/node_modules/pomelo/lib/components/connector.js] [39m[connector-server-1] getSession session is created with session id: 3
[2017-05-26 17:45:58.959] [DEBUG] pomelo - [36m[/home/ace/prog/werewolf/game-server/node_modules/pomelo/lib/components/connector.js] [39m[connector-server-1] handleMessage session id: 3, msg: {"id":2,"type":0,"compressRoute":0,"route":"connector.entryHandler.entry","body":{"token":"b871314fd2b51194e33eddb49476f4dc10f42c5b734cce269afac3f4ca1734b6"},"compressGzip":0}
[2017-05-26 17:45:59.014] [DEBUG] pomelo - [36m[/home/ace/prog/werewolf/game-server/node_modules/pomelo/lib/components/connector.js] [39msession on [connector-server-1] bind with uid: 12
[2017-05-26 17:45:59.060] [DEBUG] pomelo - [36m[/home/ace/prog/werewolf/game-server/node_modules/pomelo/lib/components/connector.js] [39m[connector-server-1] send message reqId: 2, route: connector.entryHandler.entry, msg: {"code":200,"player":{"id":3,"userId":12,"name":"jxyq","level":1,"experience":0,"money":0,"areaId":1}}, receivers: [3], opts: {"type":"response","userOptions":{},"isResponse":true}
[2017-05-26 17:47:03.007] [DEBUG] pomelo - [36m[/home/ace/prog/werewolf/game-server/node_modules/pomelo/lib/common/service/sessionService.js] [39msession on [connector-server-1] is closed with session id: 3
[2017-05-26 17:47:24.691] [DEBUG] pomelo - [36m[/home/ace/prog/werewolf/game-server/node_modules/pomelo/lib/components/connector.js] [39m[connector-server-1] getSession session is created with session id: 4
[2017-05-26 17:47:24.696] [DEBUG] pomelo - [36m[/home/ace/prog/werewolf/game-server/node_modules/pomelo/lib/components/connector.js] [39m[connector-server-1] handleMessage session id: 4, msg: {"id":2,"type":0,"compressRoute":0,"route":"connector.entryHandler.entry","body":{"token":"dbc33428bc192912c6fc0ce796703db7ca94727579c40d635caebf8612f43b03"},"compressGzip":0}
[2017-05-26 17:47:24.768] [DEBUG] pomelo - [36m[/home/ace/prog/werewolf/game-server/node_modules/pomelo/lib/components/connector.js] [39msession on [connector-server-1] bind with uid: 12
[2017-05-26 17:47:24.853] [DEBUG] pomelo - [36m[/home/ace/prog/werewolf/game-server/node_modules/pomelo/lib/components/connector.js] [39m[connector-server-1] send message reqId: 2, route: connector.entryHandler.entry, msg: {"code":200,"player":{"id":3,"userId":12,"name":"jxyq","level":1,"experience":0,"money":0,"areaId":1}}, receivers: [4], opts: {"type":"response","userOptions":{},"isResponse":true}
[2017-05-26 17:47:33.639] [DEBUG] pomelo - [36m[/home/ace/prog/werewolf/game-server/node_modules/pomelo/lib/common/service/sessionService.js] [39msession on [connector-server-1] is closed with session id: 4
[2017-05-26 17:47:59.918] [DEBUG] pomelo - [36m[/home/ace/prog/werewolf/game-server/node_modules/pomelo/lib/components/connector.js] [39m[connector-server-1] getSession session is created with session id: 5
[2017-05-26 17:47:59.922] [DEBUG] pomelo - [36m[/home/ace/prog/werewolf/game-server/node_modules/pomelo/lib/components/connector.js] [39m[connector-server-1] handleMessage session id: 5, msg: {"id":2,"type":0,"compressRoute":0,"route":"connector.entryHandler.entry","body":{"token":"06d20c66af7149f2463bbc25a46a0752bbeb9ff02327536801131229f44880fd"},"compressGzip":0}
[2017-05-26 17:47:59.993] [DEBUG] pomelo - [36m[/home/ace/prog/werewolf/game-server/node_modules/pomelo/lib/components/connector.js] [39msession on [connector-server-1] bind with uid: 12
[2017-05-26 17:48:00.081] [DEBUG] pomelo - [36m[/home/ace/prog/werewolf/game-server/node_modules/pomelo/lib/components/connector.js] [39m[connector-server-1] send message reqId: 2, route: connector.entryHandler.entry, msg: {"code":200,"player":{"id":3,"userId":12,"name":"jxyq","level":1,"experience":0,"money":0,"areaId":1}}, receivers: [5], opts: {"type":"response","userOptions":{},"isResponse":true}
[2017-05-26 17:48:02.066] [DEBUG] pomelo - [36m[/home/ace/prog/werewolf/game-server/node_modules/pomelo/lib/components/connector.js] [39m[connector-server-1] getSession session is created with session id: 6
[2017-05-26 17:48:02.103] [DEBUG] pomelo - [36m[/home/ace/prog/werewolf/game-server/node_modules/pomelo/lib/components/connector.js] [39m[connector-server-1] handleMessage session id: 6, msg: {"id":2,"type":0,"compressRoute":0,"route":"connector.entryHandler.entry","body":{"token":"32988bdbe79ce0d6b1d73db57023ddd9a3d919f8a92291ea79a71082dec26dea"},"compressGzip":0}
[2017-05-26 17:48:02.189] [DEBUG] pomelo - [36m[/home/ace/prog/werewolf/game-server/node_modules/pomelo/lib/components/connector.js] [39msession on [connector-server-1] bind with uid: 14
[2017-05-26 17:48:02.276] [DEBUG] pomelo - [36m[/home/ace/prog/werewolf/game-server/node_modules/pomelo/lib/components/connector.js] [39m[connector-server-1] send message reqId: 2, route: connector.entryHandler.entry, msg: {"code":200,"player":{"id":5,"userId":14,"name":"yangmofeng","level":1,"experience":0,"money":0,"areaId":1}}, receivers: [6], opts: {"type":"response","userOptions":{},"isResponse":true}
[2017-05-26 17:48:03.653] [DEBUG] pomelo - [36m[/home/ace/prog/werewolf/game-server/node_modules/pomelo/lib/common/service/sessionService.js] [39msession on [connector-server-1] is closed with session id: 5
[2017-05-26 17:51:48.589] [DEBUG] pomelo - [36m[/home/ace/prog/werewolf/game-server/node_modules/pomelo/lib/common/service/sessionService.js] [39msession on [connector-server-1] is closed with session id: 6
